[ 2015-02-05T09:54:37+08:00 ] 127.0.0.1 /shop/favicon.ico
INFO: [ app_init ] --START--
INFO: Run Behavior\BuildLiteBehavior [ RunTime:0.000059s ]
INFO: [ app_init ] --END-- [ RunTime:0.001463s ]

[ 2015-02-05T09:54:37+08:00 ] 127.0.0.1 /shop/favicon.ico
INFO: [ app_init ] --START--
INFO: Run Behavior\BuildLiteBehavior [ RunTime:0.000057s ]
INFO: [ app_init ] --END-- [ RunTime:0.001013s ]

[ 2015-02-05T10:31:04+08:00 ] 127.0.0.1 /shop/goods/index
INFO: [ app_init ] --START--
INFO: Run Behavior\BuildLiteBehavior [ RunTime:0.000053s ]
INFO: [ app_init ] --END-- [ RunTime:0.000525s ]
INFO: [ app_begin ] --START--
INFO: Run Behavior\ReadHtmlCacheBehavior [ RunTime:0.009600s ]
INFO: [ app_begin ] --END-- [ RunTime:0.009855s ]
NOTIC: [8] Undefined index: uid D:\workspace\ThinkPHP\Application\Common\Controller\BaseController.class.php 第 11 行.
SQL: SHOW COLUMNS FROM `nc_goods` [ RunTime:0.0932s ]
SQL: SELECT * FROM `nc_goods` WHERE `goods_id` = 14 LIMIT 1   [ RunTime:0.0130s ]
INFO: [ view_parse ] --START--
INFO: [ template_filter ] --START--
INFO: Run Behavior\ContentReplaceBehavior [ RunTime:0.000672s ]
INFO: [ template_filter ] --END-- [ RunTime:0.001522s ]
INFO: Run Behavior\ParseTemplateBehavior [ RunTime:0.227021s ]
INFO: [ view_parse ] --END-- [ RunTime:0.227928s ]
INFO: [ view_filter ] --START--
INFO: Run Behavior\WriteHtmlCacheBehavior [ RunTime:0.011028s ]
INFO: [ view_filter ] --END-- [ RunTime:0.011613s ]
INFO: [ app_end ] --START--
INFO: Run Behavior\ShowPageTraceBehavior [ RunTime:0.009319s ]
INFO: [ app_end ] --END-- [ RunTime:0.009710s ]

[ 2015-02-05T10:31:04+08:00 ] 127.0.0.1 /shop/goods/favicon.ico
INFO: [ app_init ] --START--
INFO: Run Behavior\BuildLiteBehavior [ RunTime:0.000051s ]
INFO: [ app_init ] --END-- [ RunTime:0.000529s ]

[ 2015-02-05T10:31:04+08:00 ] 127.0.0.1 /shop/goods/favicon.ico
INFO: [ app_init ] --START--
INFO: Run Behavior\BuildLiteBehavior [ RunTime:0.000052s ]
INFO: [ app_init ] --END-- [ RunTime:0.000530s ]

[ 2015-02-05T10:31:06+08:00 ] 127.0.0.1 /shop/goods/create
INFO: [ app_init ] --START--
INFO: Run Behavior\BuildLiteBehavior [ RunTime:0.000080s ]
INFO: [ app_init ] --END-- [ RunTime:0.000659s ]
INFO: [ app_begin ] --START--
INFO: Run Behavior\ReadHtmlCacheBehavior [ RunTime:0.000398s ]
INFO: [ app_begin ] --END-- [ RunTime:0.000768s ]
NOTIC: [8] Undefined index: uid D:\workspace\ThinkPHP\Application\Common\Controller\BaseController.class.php 第 11 行.
INFO: [ view_parse ] --START--
INFO: [ template_filter ] --START--
INFO: Run Behavior\ContentReplaceBehavior [ RunTime:0.000191s ]
INFO: [ template_filter ] --END-- [ RunTime:0.000430s ]
INFO: Run Behavior\ParseTemplateBehavior [ RunTime:0.033882s ]
INFO: [ view_parse ] --END-- [ RunTime:0.034201s ]
INFO: [ view_filter ] --START--
INFO: Run Behavior\WriteHtmlCacheBehavior [ RunTime:0.000262s ]
INFO: [ view_filter ] --END-- [ RunTime:0.000476s ]
INFO: [ app_end ] --START--
INFO: Run Behavior\ShowPageTraceBehavior [ RunTime:0.000236s ]
INFO: [ app_end ] --END-- [ RunTime:0.000449s ]

[ 2015-02-05T10:36:38+08:00 ] 127.0.0.1 /shop/goods/create
INFO: [ app_init ] --START--
INFO: Run Behavior\BuildLiteBehavior [ RunTime:0.000052s ]
INFO: [ app_init ] --END-- [ RunTime:0.000533s ]
INFO: [ app_begin ] --START--
INFO: Run Behavior\ReadHtmlCacheBehavior [ RunTime:0.003268s ]
INFO: [ app_begin ] --END-- [ RunTime:0.003685s ]
NOTIC: [8] Undefined index: uid D:\workspace\ThinkPHP\Application\Common\Controller\BaseController.class.php 第 11 行.
INFO: [ view_parse ] --START--
INFO: [ template_filter ] --START--
INFO: Run Behavior\ContentReplaceBehavior [ RunTime:0.000191s ]
INFO: [ template_filter ] --END-- [ RunTime:0.000433s ]
INFO: Run Behavior\ParseTemplateBehavior [ RunTime:0.009208s ]
INFO: [ view_parse ] --END-- [ RunTime:0.009467s ]
INFO: [ view_filter ] --START--
INFO: Run Behavior\WriteHtmlCacheBehavior [ RunTime:0.000639s ]
INFO: [ view_filter ] --END-- [ RunTime:0.000886s ]
INFO: [ app_end ] --START--
INFO: Run Behavior\ShowPageTraceBehavior [ RunTime:0.000515s ]
INFO: [ app_end ] --END-- [ RunTime:0.000735s ]

[ 2015-02-05T14:24:07+08:00 ] 127.0.0.1 /shop/goods/create
INFO: [ app_init ] --START--
INFO: Run Behavior\BuildLiteBehavior [ RunTime:0.000084s ]
INFO: [ app_init ] --END-- [ RunTime:0.022697s ]
INFO: [ app_begin ] --START--
INFO: Run Behavior\ReadHtmlCacheBehavior [ RunTime:0.002424s ]
INFO: [ app_begin ] --END-- [ RunTime:0.003403s ]
NOTIC: [8] Undefined index: uid D:\workspace\ThinkPHP\Application\Common\Controller\BaseController.class.php 第 11 行.
INFO: [ view_parse ] --START--
INFO: [ template_filter ] --START--
INFO: Run Behavior\ContentReplaceBehavior [ RunTime:0.000243s ]
INFO: [ template_filter ] --END-- [ RunTime:0.000552s ]
INFO: Run Behavior\ParseTemplateBehavior [ RunTime:0.173249s ]
INFO: [ view_parse ] --END-- [ RunTime:0.174160s ]
INFO: [ view_filter ] --START--
INFO: Run Behavior\WriteHtmlCacheBehavior [ RunTime:0.002351s ]
INFO: [ view_filter ] --END-- [ RunTime:0.003129s ]
INFO: [ app_end ] --START--
INFO: Run Behavior\ShowPageTraceBehavior [ RunTime:0.002887s ]
INFO: [ app_end ] --END-- [ RunTime:0.003743s ]

