[ 2015-02-02T13:54:29+08:00 ] 127.0.0.1 /
INFO: [ app_init ] --START--
INFO: Run Behavior\BuildLiteBehavior [ RunTime:0.000094s ]
INFO: [ app_init ] --END-- [ RunTime:0.021109s ]
INFO: [ app_begin ] --START--
INFO: Run Behavior\ReadHtmlCacheBehavior [ RunTime:0.014840s ]
INFO: [ app_begin ] --END-- [ RunTime:0.015281s ]
SQL: SHOW COLUMNS FROM `opensns_shop` [ RunTime:0.0252s ]
SQL: SELECT * FROM `opensns_shop` WHERE `id` = 14 LIMIT 1   [ RunTime:0.0011s ]

[ 2015-02-02T13:57:14+08:00 ] 127.0.0.1 //home/goods
INFO: [ app_init ] --START--
INFO: Run Behavior\BuildLiteBehavior [ RunTime:0.000055s ]
INFO: [ app_init ] --END-- [ RunTime:0.000560s ]
INFO: [ app_begin ] --START--
INFO: Run Behavior\ReadHtmlCacheBehavior [ RunTime:0.000725s ]
INFO: [ app_begin ] --END-- [ RunTime:0.000967s ]
SQL: SHOW COLUMNS FROM `opensns_shop` [ RunTime:0.0025s ]
SQL: SELECT * FROM `opensns_shop` WHERE `id` = 14 LIMIT 1   [ RunTime:0.0005s ]

[ 2015-02-02T13:57:18+08:00 ] 127.0.0.1 /home/goods
INFO: [ app_init ] --START--
INFO: Run Behavior\BuildLiteBehavior [ RunTime:0.000084s ]
INFO: [ app_init ] --END-- [ RunTime:0.000880s ]
INFO: [ app_begin ] --START--
INFO: Run Behavior\ReadHtmlCacheBehavior [ RunTime:0.001218s ]
INFO: [ app_begin ] --END-- [ RunTime:0.001655s ]
SQL: SHOW COLUMNS FROM `opensns_shop` [ RunTime:0.0031s ]
SQL: SELECT * FROM `opensns_shop` WHERE `id` = 14 LIMIT 1   [ RunTime:0.0005s ]

[ 2015-02-02T14:39:27+08:00 ] 127.0.0.1 /home/goods
INFO: [ app_init ] --START--
INFO: Run Behavior\BuildLiteBehavior [ RunTime:0.000056s ]
INFO: [ app_init ] --END-- [ RunTime:0.000635s ]
INFO: [ app_begin ] --START--
INFO: Run Behavior\ReadHtmlCacheBehavior [ RunTime:0.001068s ]
INFO: [ app_begin ] --END-- [ RunTime:0.001330s ]
SQL: SHOW COLUMNS FROM `opensns_shop` [ RunTime:0.0029s ]
SQL: SELECT * FROM `opensns_shop` WHERE `id` = 14 LIMIT 1   [ RunTime:0.0006s ]

[ 2015-02-02T15:24:29+08:00 ] 127.0.0.1 /home/goods
INFO: [ app_init ] --START--
INFO: Run Behavior\BuildLiteBehavior [ RunTime:0.000059s ]
INFO: [ app_init ] --END-- [ RunTime:0.000610s ]
INFO: [ app_begin ] --START--
INFO: Run Behavior\ReadHtmlCacheBehavior [ RunTime:0.000676s ]
INFO: [ app_begin ] --END-- [ RunTime:0.000935s ]
SQL: SHOW COLUMNS FROM `opensns_shop` [ RunTime:0.0278s ]
SQL: SELECT * FROM `opensns_shop` WHERE `id` = 14 LIMIT 1   [ RunTime:0.0013s ]

[ 2015-02-02T15:24:49+08:00 ] 127.0.0.1 /home/goods
INFO: [ app_init ] --START--
INFO: Run Behavior\BuildLiteBehavior [ RunTime:0.000089s ]
INFO: [ app_init ] --END-- [ RunTime:0.000804s ]
INFO: [ app_begin ] --START--
INFO: Run Behavior\ReadHtmlCacheBehavior [ RunTime:0.000687s ]
INFO: [ app_begin ] --END-- [ RunTime:0.001012s ]
SQL: SHOW COLUMNS FROM `opensns_shop` [ RunTime:0.0033s ]
SQL: SELECT * FROM `opensns_shop` WHERE `id` = 14 LIMIT 1   [ RunTime:0.0006s ]
INFO: [ view_parse ] --START--
INFO: Run Behavior\ParseTemplateBehavior [ RunTime:0.016114s ]
INFO: [ view_parse ] --END-- [ RunTime:0.016381s ]
INFO: [ view_filter ] --START--
INFO: Run Behavior\WriteHtmlCacheBehavior [ RunTime:0.010433s ]
INFO: [ view_filter ] --END-- [ RunTime:0.010690s ]
INFO: [ app_end ] --START--
INFO: Run Behavior\ShowPageTraceBehavior [ RunTime:0.005810s ]
INFO: [ app_end ] --END-- [ RunTime:0.006080s ]

[ 2015-02-02T15:26:48+08:00 ] 127.0.0.1 /home/goods
INFO: [ app_init ] --START--
INFO: Run Behavior\BuildLiteBehavior [ RunTime:0.000058s ]
INFO: [ app_init ] --END-- [ RunTime:0.000554s ]
INFO: [ app_begin ] --START--
INFO: Run Behavior\ReadHtmlCacheBehavior [ RunTime:0.000618s ]
INFO: [ app_begin ] --END-- [ RunTime:0.000882s ]
SQL: SHOW COLUMNS FROM `opensns_shop` [ RunTime:0.0026s ]
SQL: SELECT * FROM `opensns_shop` WHERE `id` = 14 LIMIT 1   [ RunTime:0.0006s ]
INFO: [ view_parse ] --START--
INFO: Run Behavior\ParseTemplateBehavior [ RunTime:0.001503s ]
INFO: [ view_parse ] --END-- [ RunTime:0.001788s ]
INFO: [ view_filter ] --START--
INFO: Run Behavior\WriteHtmlCacheBehavior [ RunTime:0.000561s ]
INFO: [ view_filter ] --END-- [ RunTime:0.000794s ]
INFO: [ app_end ] --START--
INFO: Run Behavior\ShowPageTraceBehavior [ RunTime:0.000513s ]
INFO: [ app_end ] --END-- [ RunTime:0.000751s ]

[ 2015-02-02T15:26:49+08:00 ] 127.0.0.1 /home/goods
INFO: [ app_init ] --START--
INFO: Run Behavior\BuildLiteBehavior [ RunTime:0.000090s ]
INFO: [ app_init ] --END-- [ RunTime:0.000821s ]
INFO: [ app_begin ] --START--
INFO: Run Behavior\ReadHtmlCacheBehavior [ RunTime:0.000946s ]
INFO: [ app_begin ] --END-- [ RunTime:0.001689s ]
SQL: SHOW COLUMNS FROM `opensns_shop` [ RunTime:0.0027s ]
SQL: SELECT * FROM `opensns_shop` WHERE `id` = 14 LIMIT 1   [ RunTime:0.0006s ]
INFO: [ view_parse ] --START--
INFO: Run Behavior\ParseTemplateBehavior [ RunTime:0.001154s ]
INFO: [ view_parse ] --END-- [ RunTime:0.001400s ]
INFO: [ view_filter ] --START--
INFO: Run Behavior\WriteHtmlCacheBehavior [ RunTime:0.000565s ]
INFO: [ view_filter ] --END-- [ RunTime:0.000812s ]
INFO: [ app_end ] --START--
INFO: Run Behavior\ShowPageTraceBehavior [ RunTime:0.000582s ]
INFO: [ app_end ] --END-- [ RunTime:0.000805s ]

[ 2015-02-02T15:27:15+08:00 ] 127.0.0.1 /home/goods
INFO: [ app_init ] --START--
INFO: Run Behavior\BuildLiteBehavior [ RunTime:0.000078s ]
INFO: [ app_init ] --END-- [ RunTime:0.000650s ]
INFO: [ app_begin ] --START--
INFO: Run Behavior\ReadHtmlCacheBehavior [ RunTime:0.000740s ]
INFO: [ app_begin ] --END-- [ RunTime:0.001066s ]
SQL: SHOW COLUMNS FROM `opensns_shop` [ RunTime:0.0029s ]
SQL: SELECT * FROM `opensns_shop` WHERE `id` = 14 LIMIT 1   [ RunTime:0.0006s ]
INFO: [ view_parse ] --START--
INFO: Run Behavior\ParseTemplateBehavior [ RunTime:0.001042s ]
INFO: [ view_parse ] --END-- [ RunTime:0.001287s ]
INFO: [ view_filter ] --START--
INFO: Run Behavior\WriteHtmlCacheBehavior [ RunTime:0.000553s ]
INFO: [ view_filter ] --END-- [ RunTime:0.000785s ]
INFO: [ app_end ] --START--
INFO: Run Behavior\ShowPageTraceBehavior [ RunTime:0.000525s ]
INFO: [ app_end ] --END-- [ RunTime:0.000748s ]

[ 2015-02-02T15:27:52+08:00 ] 127.0.0.1 /home/goods
INFO: [ app_init ] --START--
INFO: Run Behavior\BuildLiteBehavior [ RunTime:0.000089s ]
INFO: [ app_init ] --END-- [ RunTime:0.000863s ]
INFO: [ app_begin ] --START--
INFO: Run Behavior\ReadHtmlCacheBehavior [ RunTime:0.000991s ]
INFO: [ app_begin ] --END-- [ RunTime:0.001552s ]
SQL: SHOW COLUMNS FROM `opensns_shop` [ RunTime:0.0027s ]
SQL: SELECT * FROM `opensns_shop` WHERE `id` = 14 LIMIT 1   [ RunTime:0.0005s ]
INFO: [ view_parse ] --START--
INFO: Run Behavior\ParseTemplateBehavior [ RunTime:0.001309s ]
INFO: [ view_parse ] --END-- [ RunTime:0.001596s ]
INFO: [ view_filter ] --START--
INFO: Run Behavior\WriteHtmlCacheBehavior [ RunTime:0.001040s ]
INFO: [ view_filter ] --END-- [ RunTime:0.001399s ]
INFO: [ app_end ] --START--
INFO: Run Behavior\ShowPageTraceBehavior [ RunTime:0.000822s ]
INFO: [ app_end ] --END-- [ RunTime:0.001075s ]

[ 2015-02-02T15:28:14+08:00 ] 127.0.0.1 /home/goods
INFO: [ app_init ] --START--
INFO: Run Behavior\BuildLiteBehavior [ RunTime:0.000069s ]
INFO: [ app_init ] --END-- [ RunTime:0.000681s ]
INFO: [ app_begin ] --START--
INFO: Run Behavior\ReadHtmlCacheBehavior [ RunTime:0.000683s ]
INFO: [ app_begin ] --END-- [ RunTime:0.001122s ]
SQL: SHOW COLUMNS FROM `opensns_shop` [ RunTime:0.0040s ]
SQL: SELECT * FROM `opensns_shop` WHERE `id` = 14 LIMIT 1   [ RunTime:0.0006s ]
INFO: [ view_parse ] --START--
INFO: Run Behavior\ParseTemplateBehavior [ RunTime:0.001186s ]
INFO: [ view_parse ] --END-- [ RunTime:0.001468s ]
INFO: [ view_filter ] --START--
INFO: Run Behavior\WriteHtmlCacheBehavior [ RunTime:0.000522s ]
INFO: [ view_filter ] --END-- [ RunTime:0.000784s ]
INFO: [ app_end ] --START--
INFO: Run Behavior\ShowPageTraceBehavior [ RunTime:0.000507s ]
INFO: [ app_end ] --END-- [ RunTime:0.000736s ]

[ 2015-02-02T15:28:15+08:00 ] 127.0.0.1 /home/goods
INFO: [ app_init ] --START--
INFO: Run Behavior\BuildLiteBehavior [ RunTime:0.000056s ]
INFO: [ app_init ] --END-- [ RunTime:0.000502s ]
INFO: [ app_begin ] --START--
INFO: Run Behavior\ReadHtmlCacheBehavior [ RunTime:0.000532s ]
INFO: [ app_begin ] --END-- [ RunTime:0.000804s ]
SQL: SHOW COLUMNS FROM `opensns_shop` [ RunTime:0.0027s ]
SQL: SELECT * FROM `opensns_shop` WHERE `id` = 14 LIMIT 1   [ RunTime:0.0006s ]
INFO: [ view_parse ] --START--
INFO: Run Behavior\ParseTemplateBehavior [ RunTime:0.001025s ]
INFO: [ view_parse ] --END-- [ RunTime:0.001263s ]
INFO: [ view_filter ] --START--
INFO: Run Behavior\WriteHtmlCacheBehavior [ RunTime:0.000528s ]
INFO: [ view_filter ] --END-- [ RunTime:0.000760s ]
INFO: [ app_end ] --START--
INFO: Run Behavior\ShowPageTraceBehavior [ RunTime:0.000513s ]
INFO: [ app_end ] --END-- [ RunTime:0.000737s ]

[ 2015-02-02T15:29:12+08:00 ] 127.0.0.1 /home/goods
INFO: [ app_init ] --START--
INFO: Run Behavior\BuildLiteBehavior [ RunTime:0.000070s ]
INFO: [ app_init ] --END-- [ RunTime:0.000635s ]
INFO: [ app_begin ] --START--
INFO: Run Behavior\ReadHtmlCacheBehavior [ RunTime:0.000795s ]
INFO: [ app_begin ] --END-- [ RunTime:0.001182s ]
SQL: SHOW COLUMNS FROM `opensns_shop` [ RunTime:0.0028s ]
SQL: SELECT * FROM `opensns_shop` WHERE `id` = 14 LIMIT 1   [ RunTime:0.0006s ]
ERR: 模板不存在:./Application/Home/View/Goods/index.html
NOTIC: [2] Cannot modify header information - headers already sent by (output started at D:\workspace\ThinkPHP\ThinkPHP\Common\functions.php:102) D:\workspace\ThinkPHP\ThinkPHP\Library\Think\Think.class.php 第 229 行.
NOTIC: [2] Cannot modify header information - headers already sent by (output started at D:\workspace\ThinkPHP\ThinkPHP\Common\functions.php:102) D:\workspace\ThinkPHP\ThinkPHP\Library\Think\Think.class.php 第 230 行.

[ 2015-02-02T15:29:12+08:00 ] 127.0.0.1 /home/goods
INFO: [ app_init ] --START--
INFO: Run Behavior\BuildLiteBehavior [ RunTime:0.000055s ]
INFO: [ app_init ] --END-- [ RunTime:0.000494s ]
INFO: [ app_begin ] --START--
INFO: Run Behavior\ReadHtmlCacheBehavior [ RunTime:0.001254s ]
INFO: [ app_begin ] --END-- [ RunTime:0.001526s ]
SQL: SHOW COLUMNS FROM `opensns_shop` [ RunTime:0.0026s ]
SQL: SELECT * FROM `opensns_shop` WHERE `id` = 14 LIMIT 1   [ RunTime:0.0006s ]
ERR: 模板不存在:./Application/Home/View/Goods/index.html
NOTIC: [2] Cannot modify header information - headers already sent by (output started at D:\workspace\ThinkPHP\ThinkPHP\Common\functions.php:102) D:\workspace\ThinkPHP\ThinkPHP\Library\Think\Think.class.php 第 229 行.
NOTIC: [2] Cannot modify header information - headers already sent by (output started at D:\workspace\ThinkPHP\ThinkPHP\Common\functions.php:102) D:\workspace\ThinkPHP\ThinkPHP\Library\Think\Think.class.php 第 230 行.

[ 2015-02-02T15:29:37+08:00 ] 127.0.0.1 /home/goods
INFO: [ app_init ] --START--
INFO: Run Behavior\BuildLiteBehavior [ RunTime:0.000807s ]
INFO: [ app_init ] --END-- [ RunTime:0.001661s ]
INFO: [ app_begin ] --START--
INFO: Run Behavior\ReadHtmlCacheBehavior [ RunTime:0.000903s ]
INFO: [ app_begin ] --END-- [ RunTime:0.001324s ]
SQL: SHOW COLUMNS FROM `opensns_shop` [ RunTime:0.0027s ]
SQL: SELECT * FROM `opensns_shop` WHERE `id` = 14 LIMIT 1   [ RunTime:0.0006s ]
ERR: 模板不存在:./Application/Home/View/Goods/index.html
NOTIC: [2] Cannot modify header information - headers already sent by (output started at D:\workspace\ThinkPHP\ThinkPHP\Common\functions.php:102) D:\workspace\ThinkPHP\ThinkPHP\Library\Think\Think.class.php 第 229 行.
NOTIC: [2] Cannot modify header information - headers already sent by (output started at D:\workspace\ThinkPHP\ThinkPHP\Common\functions.php:102) D:\workspace\ThinkPHP\ThinkPHP\Library\Think\Think.class.php 第 230 行.

[ 2015-02-02T15:29:37+08:00 ] 127.0.0.1 /home/goods
INFO: [ app_init ] --START--
INFO: Run Behavior\BuildLiteBehavior [ RunTime:0.000057s ]
INFO: [ app_init ] --END-- [ RunTime:0.000507s ]
INFO: [ app_begin ] --START--
INFO: Run Behavior\ReadHtmlCacheBehavior [ RunTime:0.000536s ]
INFO: [ app_begin ] --END-- [ RunTime:0.000824s ]
SQL: SHOW COLUMNS FROM `opensns_shop` [ RunTime:0.0026s ]
SQL: SELECT * FROM `opensns_shop` WHERE `id` = 14 LIMIT 1   [ RunTime:0.0017s ]
ERR: 模板不存在:./Application/Home/View/Goods/index.html
NOTIC: [2] Cannot modify header information - headers already sent by (output started at D:\workspace\ThinkPHP\ThinkPHP\Common\functions.php:102) D:\workspace\ThinkPHP\ThinkPHP\Library\Think\Think.class.php 第 229 行.
NOTIC: [2] Cannot modify header information - headers already sent by (output started at D:\workspace\ThinkPHP\ThinkPHP\Common\functions.php:102) D:\workspace\ThinkPHP\ThinkPHP\Library\Think\Think.class.php 第 230 行.

[ 2015-02-02T15:29:41+08:00 ] 127.0.0.1 /home/goods
INFO: [ app_init ] --START--
INFO: Run Behavior\BuildLiteBehavior [ RunTime:0.000100s ]
INFO: [ app_init ] --END-- [ RunTime:0.000838s ]
INFO: [ app_begin ] --START--
INFO: Run Behavior\ReadHtmlCacheBehavior [ RunTime:0.000580s ]
INFO: [ app_begin ] --END-- [ RunTime:0.000841s ]
SQL: SHOW COLUMNS FROM `opensns_shop` [ RunTime:0.0033s ]
SQL: SELECT * FROM `opensns_shop` WHERE `id` = 14 LIMIT 1   [ RunTime:0.0005s ]
ERR: 模板不存在:./Application/Home/View/Goods/index.html
NOTIC: [2] Cannot modify header information - headers already sent by (output started at D:\workspace\ThinkPHP\ThinkPHP\Common\functions.php:102) D:\workspace\ThinkPHP\ThinkPHP\Library\Think\Think.class.php 第 229 行.
NOTIC: [2] Cannot modify header information - headers already sent by (output started at D:\workspace\ThinkPHP\ThinkPHP\Common\functions.php:102) D:\workspace\ThinkPHP\ThinkPHP\Library\Think\Think.class.php 第 230 行.

[ 2015-02-02T15:29:41+08:00 ] 127.0.0.1 /home/goods
INFO: [ app_init ] --START--
INFO: Run Behavior\BuildLiteBehavior [ RunTime:0.000080s ]
INFO: [ app_init ] --END-- [ RunTime:0.000530s ]
INFO: [ app_begin ] --START--
INFO: Run Behavior\ReadHtmlCacheBehavior [ RunTime:0.000533s ]
INFO: [ app_begin ] --END-- [ RunTime:0.000782s ]
SQL: SHOW COLUMNS FROM `opensns_shop` [ RunTime:0.0025s ]
SQL: SELECT * FROM `opensns_shop` WHERE `id` = 14 LIMIT 1   [ RunTime:0.0017s ]
ERR: 模板不存在:./Application/Home/View/Goods/index.html
NOTIC: [2] Cannot modify header information - headers already sent by (output started at D:\workspace\ThinkPHP\ThinkPHP\Common\functions.php:102) D:\workspace\ThinkPHP\ThinkPHP\Library\Think\Think.class.php 第 229 行.
NOTIC: [2] Cannot modify header information - headers already sent by (output started at D:\workspace\ThinkPHP\ThinkPHP\Common\functions.php:102) D:\workspace\ThinkPHP\ThinkPHP\Library\Think\Think.class.php 第 230 行.

[ 2015-02-02T15:29:45+08:00 ] 127.0.0.1 /home/goods
INFO: [ app_init ] --START--
INFO: Run Behavior\BuildLiteBehavior [ RunTime:0.000071s ]
INFO: [ app_init ] --END-- [ RunTime:0.000705s ]
INFO: [ app_begin ] --START--
INFO: Run Behavior\ReadHtmlCacheBehavior [ RunTime:0.000954s ]
INFO: [ app_begin ] --END-- [ RunTime:0.002096s ]
SQL: SHOW COLUMNS FROM `opensns_shop` [ RunTime:0.0034s ]
SQL: SELECT * FROM `opensns_shop` WHERE `id` = 14 LIMIT 1   [ RunTime:0.0005s ]
ERR: 模板不存在:./Application/Home/View/Goods/index.html
NOTIC: [2] Cannot modify header information - headers already sent by (output started at D:\workspace\ThinkPHP\ThinkPHP\Common\functions.php:102) D:\workspace\ThinkPHP\ThinkPHP\Library\Think\Think.class.php 第 229 行.
NOTIC: [2] Cannot modify header information - headers already sent by (output started at D:\workspace\ThinkPHP\ThinkPHP\Common\functions.php:102) D:\workspace\ThinkPHP\ThinkPHP\Library\Think\Think.class.php 第 230 行.

[ 2015-02-02T15:29:45+08:00 ] 127.0.0.1 /home/goods
INFO: [ app_init ] --START--
INFO: Run Behavior\BuildLiteBehavior [ RunTime:0.000058s ]
INFO: [ app_init ] --END-- [ RunTime:0.000507s ]
INFO: [ app_begin ] --START--
INFO: Run Behavior\ReadHtmlCacheBehavior [ RunTime:0.000537s ]
INFO: [ app_begin ] --END-- [ RunTime:0.000798s ]
SQL: SHOW COLUMNS FROM `opensns_shop` [ RunTime:0.0032s ]
SQL: SELECT * FROM `opensns_shop` WHERE `id` = 14 LIMIT 1   [ RunTime:0.0005s ]
ERR: 模板不存在:./Application/Home/View/Goods/index.html
NOTIC: [2] Cannot modify header information - headers already sent by (output started at D:\workspace\ThinkPHP\ThinkPHP\Common\functions.php:102) D:\workspace\ThinkPHP\ThinkPHP\Library\Think\Think.class.php 第 229 行.
NOTIC: [2] Cannot modify header information - headers already sent by (output started at D:\workspace\ThinkPHP\ThinkPHP\Common\functions.php:102) D:\workspace\ThinkPHP\ThinkPHP\Library\Think\Think.class.php 第 230 行.

[ 2015-02-02T15:30:06+08:00 ] 127.0.0.1 /home/goods
INFO: [ app_init ] --START--
INFO: Run Behavior\BuildLiteBehavior [ RunTime:0.000090s ]
INFO: [ app_init ] --END-- [ RunTime:0.000970s ]
INFO: [ app_begin ] --START--
INFO: Run Behavior\ReadHtmlCacheBehavior [ RunTime:0.000968s ]
INFO: [ app_begin ] --END-- [ RunTime:0.001407s ]
SQL: SHOW COLUMNS FROM `opensns_shop` [ RunTime:0.0029s ]
SQL: SELECT * FROM `opensns_shop` WHERE `id` = 14 LIMIT 1   [ RunTime:0.0013s ]
INFO: [ view_parse ] --START--
INFO: [ template_filter ] --START--
INFO: Run Behavior\ContentReplaceBehavior [ RunTime:0.000126s ]
INFO: [ template_filter ] --END-- [ RunTime:0.000505s ]
INFO: Run Behavior\ParseTemplateBehavior [ RunTime:0.231881s ]
INFO: [ view_parse ] --END-- [ RunTime:0.232153s ]
INFO: [ view_filter ] --START--
INFO: Run Behavior\WriteHtmlCacheBehavior [ RunTime:0.000559s ]
INFO: [ view_filter ] --END-- [ RunTime:0.000791s ]
INFO: [ app_end ] --START--
INFO: Run Behavior\ShowPageTraceBehavior [ RunTime:0.000514s ]
INFO: [ app_end ] --END-- [ RunTime:0.000737s ]

[ 2015-02-02T15:30:18+08:00 ] 127.0.0.1 /home/goods
INFO: [ app_init ] --START--
INFO: Run Behavior\BuildLiteBehavior [ RunTime:0.000127s ]
INFO: [ app_init ] --END-- [ RunTime:0.000944s ]
INFO: [ app_begin ] --START--
INFO: Run Behavior\ReadHtmlCacheBehavior [ RunTime:0.000688s ]
INFO: [ app_begin ] --END-- [ RunTime:0.001036s ]
SQL: SHOW COLUMNS FROM `opensns_shop` [ RunTime:0.0027s ]
SQL: SELECT * FROM `opensns_shop` WHERE `id` = 14 LIMIT 1   [ RunTime:0.0006s ]
INFO: [ view_parse ] --START--
INFO: [ template_filter ] --START--
INFO: Run Behavior\ContentReplaceBehavior [ RunTime:0.000119s ]
INFO: [ template_filter ] --END-- [ RunTime:0.000378s ]
INFO: Run Behavior\ParseTemplateBehavior [ RunTime:0.006131s ]
INFO: [ view_parse ] --END-- [ RunTime:0.006387s ]
INFO: [ view_filter ] --START--
INFO: Run Behavior\WriteHtmlCacheBehavior [ RunTime:0.000539s ]
INFO: [ view_filter ] --END-- [ RunTime:0.000790s ]
INFO: [ app_end ] --START--
INFO: Run Behavior\ShowPageTraceBehavior [ RunTime:0.000533s ]
INFO: [ app_end ] --END-- [ RunTime:0.000755s ]

[ 2015-02-02T15:31:30+08:00 ] 127.0.0.1 /home/goods
INFO: [ app_init ] --START--
INFO: Run Behavior\BuildLiteBehavior [ RunTime:0.000056s ]
INFO: [ app_init ] --END-- [ RunTime:0.000499s ]
INFO: [ app_begin ] --START--
INFO: Run Behavior\ReadHtmlCacheBehavior [ RunTime:0.000598s ]
INFO: [ app_begin ] --END-- [ RunTime:0.001018s ]
SQL: SHOW COLUMNS FROM `opensns_shop` [ RunTime:0.0028s ]
SQL: SELECT * FROM `opensns_shop` WHERE `id` = 14 LIMIT 1   [ RunTime:0.0006s ]
INFO: [ view_parse ] --START--
ERR: 模板不存在:./Application/Home/View//Layout/layoutname.html

[ 2015-02-02T15:31:30+08:00 ] 127.0.0.1 /home/goods
INFO: [ app_init ] --START--
INFO: Run Behavior\BuildLiteBehavior [ RunTime:0.000055s ]
INFO: [ app_init ] --END-- [ RunTime:0.000502s ]
INFO: [ app_begin ] --START--
INFO: Run Behavior\ReadHtmlCacheBehavior [ RunTime:0.000628s ]
INFO: [ app_begin ] --END-- [ RunTime:0.000981s ]
SQL: SHOW COLUMNS FROM `opensns_shop` [ RunTime:0.0028s ]
SQL: SELECT * FROM `opensns_shop` WHERE `id` = 14 LIMIT 1   [ RunTime:0.0006s ]
INFO: [ view_parse ] --START--
ERR: 模板不存在:./Application/Home/View//Layout/layoutname.html

[ 2015-02-02T15:31:41+08:00 ] 127.0.0.1 /home/goods
INFO: [ app_init ] --START--
INFO: Run Behavior\BuildLiteBehavior [ RunTime:0.000088s ]
INFO: [ app_init ] --END-- [ RunTime:0.000823s ]
INFO: [ app_begin ] --START--
INFO: Run Behavior\ReadHtmlCacheBehavior [ RunTime:0.000916s ]
INFO: [ app_begin ] --END-- [ RunTime:0.001330s ]
SQL: SHOW COLUMNS FROM `opensns_shop` [ RunTime:0.0027s ]
SQL: SELECT * FROM `opensns_shop` WHERE `id` = 14 LIMIT 1   [ RunTime:0.0006s ]
INFO: [ view_parse ] --START--
ERR: 模板不存在:./Application/Home/View/Layout/layoutname.html

[ 2015-02-02T15:31:41+08:00 ] 127.0.0.1 /home/goods
INFO: [ app_init ] --START--
INFO: Run Behavior\BuildLiteBehavior [ RunTime:0.000056s ]
INFO: [ app_init ] --END-- [ RunTime:0.000535s ]
INFO: [ app_begin ] --START--
INFO: Run Behavior\ReadHtmlCacheBehavior [ RunTime:0.000543s ]
INFO: [ app_begin ] --END-- [ RunTime:0.000808s ]
SQL: SHOW COLUMNS FROM `opensns_shop` [ RunTime:0.0027s ]
SQL: SELECT * FROM `opensns_shop` WHERE `id` = 14 LIMIT 1   [ RunTime:0.0006s ]
INFO: [ view_parse ] --START--
ERR: 模板不存在:./Application/Home/View/Layout/layoutname.html

[ 2015-02-02T15:31:47+08:00 ] 127.0.0.1 /home/goods
INFO: [ app_init ] --START--
INFO: Run Behavior\BuildLiteBehavior [ RunTime:0.000057s ]
INFO: [ app_init ] --END-- [ RunTime:0.000507s ]
INFO: [ app_begin ] --START--
INFO: Run Behavior\ReadHtmlCacheBehavior [ RunTime:0.000582s ]
INFO: [ app_begin ] --END-- [ RunTime:0.000838s ]
SQL: SHOW COLUMNS FROM `opensns_shop` [ RunTime:0.0029s ]
SQL: SELECT * FROM `opensns_shop` WHERE `id` = 14 LIMIT 1   [ RunTime:0.0006s ]
INFO: [ view_parse ] --START--
INFO: [ template_filter ] --START--
INFO: Run Behavior\ContentReplaceBehavior [ RunTime:0.000101s ]
INFO: [ template_filter ] --END-- [ RunTime:0.000350s ]
INFO: Run Behavior\ParseTemplateBehavior [ RunTime:0.006237s ]
INFO: [ view_parse ] --END-- [ RunTime:0.006494s ]
INFO: [ view_filter ] --START--
INFO: Run Behavior\WriteHtmlCacheBehavior [ RunTime:0.000541s ]
INFO: [ view_filter ] --END-- [ RunTime:0.000765s ]
INFO: [ app_end ] --START--
INFO: Run Behavior\ShowPageTraceBehavior [ RunTime:0.000549s ]
INFO: [ app_end ] --END-- [ RunTime:0.000771s ]

[ 2015-02-02T15:37:46+08:00 ] 127.0.0.1 /home/goods
INFO: [ app_init ] --START--
INFO: Run Behavior\BuildLiteBehavior [ RunTime:0.000072s ]
INFO: [ app_init ] --END-- [ RunTime:0.000684s ]
INFO: [ app_begin ] --START--
INFO: Run Behavior\ReadHtmlCacheBehavior [ RunTime:0.000844s ]
INFO: [ app_begin ] --END-- [ RunTime:0.001174s ]
SQL: SHOW COLUMNS FROM `opensns_shop` [ RunTime:0.0033s ]
SQL: SELECT * FROM `opensns_shop` WHERE `id` = 14 LIMIT 1   [ RunTime:0.0006s ]
INFO: [ view_parse ] --START--
NOTIC: [2] file_get_contents(./Application/Home/View/Public/layout.html) [<a href='function.file-get-contents'>function.file-get-contents</a>]: failed to open stream: No such file or directory D:\workspace\ThinkPHP\ThinkPHP\Library\Think\Template.class.php 第 696 行.
INFO: [ template_filter ] --START--
INFO: Run Behavior\ContentReplaceBehavior [ RunTime:0.000158s ]
INFO: [ template_filter ] --END-- [ RunTime:0.000984s ]
INFO: Run Behavior\ParseTemplateBehavior [ RunTime:0.093361s ]
INFO: [ view_parse ] --END-- [ RunTime:0.093717s ]
INFO: [ view_filter ] --START--
INFO: Run Behavior\WriteHtmlCacheBehavior [ RunTime:0.000870s ]
INFO: [ view_filter ] --END-- [ RunTime:0.001302s ]
INFO: [ app_end ] --START--
INFO: Run Behavior\ShowPageTraceBehavior [ RunTime:0.000874s ]
INFO: [ app_end ] --END-- [ RunTime:0.001242s ]

[ 2015-02-02T15:37:47+08:00 ] 127.0.0.1 /home/goods
INFO: [ app_init ] --START--
INFO: Run Behavior\BuildLiteBehavior [ RunTime:0.000090s ]
INFO: [ app_init ] --END-- [ RunTime:0.000928s ]
INFO: [ app_begin ] --START--
INFO: Run Behavior\ReadHtmlCacheBehavior [ RunTime:0.001097s ]
INFO: [ app_begin ] --END-- [ RunTime:0.001391s ]
SQL: SHOW COLUMNS FROM `opensns_shop` [ RunTime:0.0043s ]
SQL: SELECT * FROM `opensns_shop` WHERE `id` = 14 LIMIT 1   [ RunTime:0.0007s ]
INFO: [ view_parse ] --START--
NOTIC: [2] file_get_contents(./Application/Home/View/Public/layout.html) [<a href='function.file-get-contents'>function.file-get-contents</a>]: failed to open stream: No such file or directory D:\workspace\ThinkPHP\ThinkPHP\Library\Think\Template.class.php 第 696 行.
INFO: [ template_filter ] --START--
INFO: Run Behavior\ContentReplaceBehavior [ RunTime:0.000101s ]
INFO: [ template_filter ] --END-- [ RunTime:0.000350s ]
INFO: Run Behavior\ParseTemplateBehavior [ RunTime:0.008234s ]
INFO: [ view_parse ] --END-- [ RunTime:0.008508s ]
INFO: [ view_filter ] --START--
INFO: Run Behavior\WriteHtmlCacheBehavior [ RunTime:0.000542s ]
INFO: [ view_filter ] --END-- [ RunTime:0.000794s ]
INFO: [ app_end ] --START--
INFO: Run Behavior\ShowPageTraceBehavior [ RunTime:0.000656s ]
INFO: [ app_end ] --END-- [ RunTime:0.000886s ]

[ 2015-02-02T15:44:55+08:00 ] 127.0.0.1 /home/goods
INFO: [ app_init ] --START--
INFO: Run Behavior\BuildLiteBehavior [ RunTime:0.000070s ]
INFO: [ app_init ] --END-- [ RunTime:0.000643s ]
INFO: [ app_begin ] --START--
INFO: Run Behavior\ReadHtmlCacheBehavior [ RunTime:0.000823s ]
INFO: [ app_begin ] --END-- [ RunTime:0.001293s ]
SQL: SHOW COLUMNS FROM `opensns_shop` [ RunTime:0.0031s ]
SQL: SELECT * FROM `opensns_shop` WHERE `id` = 14 LIMIT 1   [ RunTime:0.0007s ]
INFO: [ view_parse ] --START--
ERR: 模板不存在:./Application/Home/View/../Layout/layout.html

[ 2015-02-02T15:44:55+08:00 ] 127.0.0.1 /home/goods
INFO: [ app_init ] --START--
INFO: Run Behavior\BuildLiteBehavior [ RunTime:0.000056s ]
INFO: [ app_init ] --END-- [ RunTime:0.000526s ]
INFO: [ app_begin ] --START--
INFO: Run Behavior\ReadHtmlCacheBehavior [ RunTime:0.000531s ]
INFO: [ app_begin ] --END-- [ RunTime:0.000781s ]
SQL: SHOW COLUMNS FROM `opensns_shop` [ RunTime:0.0027s ]
SQL: SELECT * FROM `opensns_shop` WHERE `id` = 14 LIMIT 1   [ RunTime:0.0006s ]
INFO: [ view_parse ] --START--
ERR: 模板不存在:./Application/Home/View/../Layout/layout.html

[ 2015-02-02T15:45:20+08:00 ] 127.0.0.1 /home/goods
INFO: [ app_init ] --START--
INFO: Run Behavior\BuildLiteBehavior [ RunTime:0.000073s ]
INFO: [ app_init ] --END-- [ RunTime:0.000752s ]
INFO: [ app_begin ] --START--
INFO: Run Behavior\ReadHtmlCacheBehavior [ RunTime:0.000756s ]
INFO: [ app_begin ] --END-- [ RunTime:0.001100s ]
SQL: SHOW COLUMNS FROM `opensns_shop` [ RunTime:0.0026s ]
SQL: SELECT * FROM `opensns_shop` WHERE `id` = 14 LIMIT 1   [ RunTime:0.0005s ]
INFO: [ view_parse ] --START--
ERR: 模板不存在:./Application/Home/View/./Layout/layout.html

[ 2015-02-02T15:45:20+08:00 ] 127.0.0.1 /home/goods
INFO: [ app_init ] --START--
INFO: Run Behavior\BuildLiteBehavior [ RunTime:0.000057s ]
INFO: [ app_init ] --END-- [ RunTime:0.000509s ]
INFO: [ app_begin ] --START--
INFO: Run Behavior\ReadHtmlCacheBehavior [ RunTime:0.000555s ]
INFO: [ app_begin ] --END-- [ RunTime:0.000810s ]
SQL: SHOW COLUMNS FROM `opensns_shop` [ RunTime:0.0026s ]
SQL: SELECT * FROM `opensns_shop` WHERE `id` = 14 LIMIT 1   [ RunTime:0.0005s ]
INFO: [ view_parse ] --START--
ERR: 模板不存在:./Application/Home/View/./Layout/layout.html

[ 2015-02-02T15:45:21+08:00 ] 127.0.0.1 /home/goods
INFO: [ app_init ] --START--
INFO: Run Behavior\BuildLiteBehavior [ RunTime:0.000090s ]
INFO: [ app_init ] --END-- [ RunTime:0.000836s ]
INFO: [ app_begin ] --START--
INFO: Run Behavior\ReadHtmlCacheBehavior [ RunTime:0.000931s ]
INFO: [ app_begin ] --END-- [ RunTime:0.001204s ]
SQL: SHOW COLUMNS FROM `opensns_shop` [ RunTime:0.0034s ]
SQL: SELECT * FROM `opensns_shop` WHERE `id` = 14 LIMIT 1   [ RunTime:0.0006s ]
INFO: [ view_parse ] --START--
ERR: 模板不存在:./Application/Home/View/./Layout/layout.html

[ 2015-02-02T15:45:21+08:00 ] 127.0.0.1 /home/goods
INFO: [ app_init ] --START--
INFO: Run Behavior\BuildLiteBehavior [ RunTime:0.000072s ]
INFO: [ app_init ] --END-- [ RunTime:0.000574s ]
INFO: [ app_begin ] --START--
INFO: Run Behavior\ReadHtmlCacheBehavior [ RunTime:0.000678s ]
INFO: [ app_begin ] --END-- [ RunTime:0.000929s ]
SQL: SHOW COLUMNS FROM `opensns_shop` [ RunTime:0.0026s ]
SQL: SELECT * FROM `opensns_shop` WHERE `id` = 14 LIMIT 1   [ RunTime:0.0006s ]
INFO: [ view_parse ] --START--
ERR: 模板不存在:./Application/Home/View/./Layout/layout.html

[ 2015-02-02T15:45:22+08:00 ] 127.0.0.1 /home/goods
INFO: [ app_init ] --START--
INFO: Run Behavior\BuildLiteBehavior [ RunTime:0.000072s ]
INFO: [ app_init ] --END-- [ RunTime:0.000675s ]
INFO: [ app_begin ] --START--
INFO: Run Behavior\ReadHtmlCacheBehavior [ RunTime:0.000703s ]
INFO: [ app_begin ] --END-- [ RunTime:0.001019s ]
SQL: SHOW COLUMNS FROM `opensns_shop` [ RunTime:0.0031s ]
SQL: SELECT * FROM `opensns_shop` WHERE `id` = 14 LIMIT 1   [ RunTime:0.0006s ]
INFO: [ view_parse ] --START--
ERR: 模板不存在:./Application/Home/View/./Layout/layout.html

[ 2015-02-02T15:45:22+08:00 ] 127.0.0.1 /home/goods
INFO: [ app_init ] --START--
INFO: Run Behavior\BuildLiteBehavior [ RunTime:0.000056s ]
INFO: [ app_init ] --END-- [ RunTime:0.000534s ]
INFO: [ app_begin ] --START--
INFO: Run Behavior\ReadHtmlCacheBehavior [ RunTime:0.000559s ]
INFO: [ app_begin ] --END-- [ RunTime:0.000811s ]
SQL: SHOW COLUMNS FROM `opensns_shop` [ RunTime:0.0026s ]
SQL: SELECT * FROM `opensns_shop` WHERE `id` = 14 LIMIT 1   [ RunTime:0.0014s ]
INFO: [ view_parse ] --START--
ERR: 模板不存在:./Application/Home/View/./Layout/layout.html

[ 2015-02-02T15:45:37+08:00 ] 127.0.0.1 /home/goods
INFO: [ app_init ] --START--
INFO: Run Behavior\BuildLiteBehavior [ RunTime:0.000086s ]
INFO: [ app_init ] --END-- [ RunTime:0.000911s ]
INFO: [ app_begin ] --START--
INFO: Run Behavior\ReadHtmlCacheBehavior [ RunTime:0.000564s ]
INFO: [ app_begin ] --END-- [ RunTime:0.000819s ]
SQL: SHOW COLUMNS FROM `opensns_shop` [ RunTime:0.0027s ]
SQL: SELECT * FROM `opensns_shop` WHERE `id` = 14 LIMIT 1   [ RunTime:0.0006s ]
INFO: [ view_parse ] --START--
INFO: [ template_filter ] --START--
INFO: Run Behavior\ContentReplaceBehavior [ RunTime:0.000100s ]
INFO: [ template_filter ] --END-- [ RunTime:0.000349s ]
INFO: Run Behavior\ParseTemplateBehavior [ RunTime:0.006866s ]
INFO: [ view_parse ] --END-- [ RunTime:0.007136s ]
INFO: [ view_filter ] --START--
INFO: Run Behavior\WriteHtmlCacheBehavior [ RunTime:0.000549s ]
INFO: [ view_filter ] --END-- [ RunTime:0.000803s ]
INFO: [ app_end ] --START--
INFO: Run Behavior\ShowPageTraceBehavior [ RunTime:0.000511s ]
INFO: [ app_end ] --END-- [ RunTime:0.000736s ]

[ 2015-02-02T15:47:38+08:00 ] 127.0.0.1 /home/goods
INFO: [ app_init ] --START--
INFO: Run Behavior\BuildLiteBehavior [ RunTime:0.000068s ]
INFO: [ app_init ] --END-- [ RunTime:0.000631s ]
INFO: [ app_begin ] --START--
INFO: Run Behavior\ReadHtmlCacheBehavior [ RunTime:0.000764s ]
INFO: [ app_begin ] --END-- [ RunTime:0.001133s ]
SQL: SHOW COLUMNS FROM `opensns_shop` [ RunTime:0.0034s ]
SQL: SELECT * FROM `opensns_shop` WHERE `id` = 14 LIMIT 1   [ RunTime:0.0006s ]
INFO: [ view_parse ] --START--
INFO: [ template_filter ] --START--
INFO: Run Behavior\ContentReplaceBehavior [ RunTime:0.000140s ]
INFO: [ template_filter ] --END-- [ RunTime:0.000422s ]
INFO: Run Behavior\ParseTemplateBehavior [ RunTime:0.010322s ]
INFO: [ view_parse ] --END-- [ RunTime:0.010582s ]
INFO: [ view_filter ] --START--
INFO: Run Behavior\WriteHtmlCacheBehavior [ RunTime:0.000583s ]
INFO: [ view_filter ] --END-- [ RunTime:0.000813s ]
INFO: [ app_end ] --START--
INFO: Run Behavior\ShowPageTraceBehavior [ RunTime:0.000599s ]
INFO: [ app_end ] --END-- [ RunTime:0.000830s ]

[ 2015-02-02T15:47:39+08:00 ] 127.0.0.1 /home/css/bootstrap.min.css
INFO: [ app_init ] --START--
INFO: Run Behavior\BuildLiteBehavior [ RunTime:0.000058s ]
INFO: [ app_init ] --END-- [ RunTime:0.000559s ]
INFO: [ app_begin ] --START--
INFO: Run Behavior\ReadHtmlCacheBehavior [ RunTime:0.001470s ]
INFO: [ app_begin ] --END-- [ RunTime:0.002372s ]
ERR: 无法加载控制器:Css

[ 2015-02-02T15:47:39+08:00 ] 127.0.0.1 /home/css/main.css
INFO: [ app_init ] --START--
INFO: Run Behavior\BuildLiteBehavior [ RunTime:0.000056s ]
INFO: [ app_init ] --END-- [ RunTime:0.000527s ]
INFO: [ app_begin ] --START--
INFO: Run Behavior\ReadHtmlCacheBehavior [ RunTime:0.000511s ]
INFO: [ app_begin ] --END-- [ RunTime:0.000766s ]
ERR: 无法加载控制器:Css

[ 2015-02-02T15:47:39+08:00 ] 127.0.0.1 /home/favicon.ico
INFO: [ app_init ] --START--
INFO: Run Behavior\BuildLiteBehavior [ RunTime:0.000055s ]
INFO: [ app_init ] --END-- [ RunTime:0.000527s ]

[ 2015-02-02T15:47:39+08:00 ] 127.0.0.1 /home/favicon.ico
INFO: [ app_init ] --START--
INFO: Run Behavior\BuildLiteBehavior [ RunTime:0.000092s ]
INFO: [ app_init ] --END-- [ RunTime:0.000574s ]

[ 2015-02-02T15:47:39+08:00 ] 127.0.0.1 /home/js/bootstrap.min.js
INFO: [ app_init ] --START--
INFO: Run Behavior\BuildLiteBehavior [ RunTime:0.000053s ]
INFO: [ app_init ] --END-- [ RunTime:0.000559s ]
INFO: [ app_begin ] --START--
INFO: Run Behavior\ReadHtmlCacheBehavior [ RunTime:0.000463s ]
INFO: [ app_begin ] --END-- [ RunTime:0.000701s ]
ERR: 无法加载控制器:Js

[ 2015-02-02T15:47:39+08:00 ] 127.0.0.1 /home/js/jquery.min.js
INFO: [ app_init ] --START--
INFO: Run Behavior\BuildLiteBehavior [ RunTime:0.000066s ]
INFO: [ app_init ] --END-- [ RunTime:0.000755s ]
INFO: [ app_begin ] --START--
INFO: Run Behavior\ReadHtmlCacheBehavior [ RunTime:0.001340s ]
INFO: [ app_begin ] --END-- [ RunTime:0.002324s ]
ERR: 无法加载控制器:Js

[ 2015-02-02T15:47:39+08:00 ] 127.0.0.1 /home/js/bootstrap.min.js
INFO: [ app_init ] --START--
INFO: Run Behavior\BuildLiteBehavior [ RunTime:0.000083s ]
INFO: [ app_init ] --END-- [ RunTime:0.000542s ]
INFO: [ app_begin ] --START--
INFO: Run Behavior\ReadHtmlCacheBehavior [ RunTime:0.000530s ]
INFO: [ app_begin ] --END-- [ RunTime:0.000791s ]
ERR: 无法加载控制器:Js

[ 2015-02-02T15:50:48+08:00 ] 127.0.0.1 /home/goods
INFO: [ app_init ] --START--
INFO: Run Behavior\BuildLiteBehavior [ RunTime:0.000058s ]
INFO: [ app_init ] --END-- [ RunTime:0.000537s ]
INFO: [ app_begin ] --START--
INFO: Run Behavior\ReadHtmlCacheBehavior [ RunTime:0.000908s ]
INFO: [ app_begin ] --END-- [ RunTime:0.001190s ]
SQL: SHOW COLUMNS FROM `opensns_shop` [ RunTime:0.0029s ]
SQL: SELECT * FROM `opensns_shop` WHERE `id` = 14 LIMIT 1   [ RunTime:0.0006s ]
INFO: [ view_parse ] --START--
INFO: [ template_filter ] --START--
INFO: Run Behavior\ContentReplaceBehavior [ RunTime:0.000194s ]
INFO: [ template_filter ] --END-- [ RunTime:0.000461s ]
INFO: Run Behavior\ParseTemplateBehavior [ RunTime:0.010145s ]
INFO: [ view_parse ] --END-- [ RunTime:0.010398s ]
INFO: [ view_filter ] --START--
INFO: Run Behavior\WriteHtmlCacheBehavior [ RunTime:0.000558s ]
INFO: [ view_filter ] --END-- [ RunTime:0.000783s ]
INFO: [ app_end ] --START--
INFO: Run Behavior\ShowPageTraceBehavior [ RunTime:0.000580s ]
INFO: [ app_end ] --END-- [ RunTime:0.000811s ]

[ 2015-02-02T15:50:48+08:00 ] 127.0.0.1 /home/js/jquery.min.js
INFO: [ app_init ] --START--
INFO: Run Behavior\BuildLiteBehavior [ RunTime:0.000056s ]
INFO: [ app_init ] --END-- [ RunTime:0.000522s ]
INFO: [ app_begin ] --START--
INFO: Run Behavior\ReadHtmlCacheBehavior [ RunTime:0.000559s ]
INFO: [ app_begin ] --END-- [ RunTime:0.000810s ]
ERR: 无法加载控制器:Js

[ 2015-02-02T15:50:48+08:00 ] 127.0.0.1 /home/js/bootstrap.min.js
INFO: [ app_init ] --START--
INFO: Run Behavior\BuildLiteBehavior [ RunTime:0.000054s ]
INFO: [ app_init ] --END-- [ RunTime:0.000501s ]
INFO: [ app_begin ] --START--
INFO: Run Behavior\ReadHtmlCacheBehavior [ RunTime:0.000531s ]
INFO: [ app_begin ] --END-- [ RunTime:0.000819s ]
ERR: 无法加载控制器:Js

[ 2015-02-02T16:00:07+08:00 ] 127.0.0.1 /home/goods
INFO: [ app_init ] --START--
INFO: Run Behavior\BuildLiteBehavior [ RunTime:0.000061s ]
INFO: [ app_init ] --END-- [ RunTime:0.001021s ]
INFO: [ app_begin ] --START--
INFO: Run Behavior\ReadHtmlCacheBehavior [ RunTime:0.000831s ]
INFO: [ app_begin ] --END-- [ RunTime:0.001109s ]
SQL: SHOW COLUMNS FROM `opensns_shop` [ RunTime:0.0029s ]
SQL: SELECT * FROM `opensns_shop` WHERE `id` = 14 LIMIT 1   [ RunTime:0.0006s ]
INFO: [ view_parse ] --START--
INFO: [ template_filter ] --START--
INFO: Run Behavior\ContentReplaceBehavior [ RunTime:0.000186s ]
INFO: [ template_filter ] --END-- [ RunTime:0.000484s ]
INFO: Run Behavior\ParseTemplateBehavior [ RunTime:0.010623s ]
INFO: [ view_parse ] --END-- [ RunTime:0.010880s ]
INFO: [ view_filter ] --START--
INFO: Run Behavior\WriteHtmlCacheBehavior [ RunTime:0.000578s ]
INFO: [ view_filter ] --END-- [ RunTime:0.000807s ]
INFO: [ app_end ] --START--
INFO: Run Behavior\ShowPageTraceBehavior [ RunTime:0.000546s ]
INFO: [ app_end ] --END-- [ RunTime:0.000773s ]

[ 2015-02-02T16:00:08+08:00 ] 127.0.0.1 /home/js/jquery.min.js
INFO: [ app_init ] --START--
INFO: Run Behavior\BuildLiteBehavior [ RunTime:0.000058s ]
INFO: [ app_init ] --END-- [ RunTime:0.000518s ]
INFO: [ app_begin ] --START--
INFO: Run Behavior\ReadHtmlCacheBehavior [ RunTime:0.000546s ]
INFO: [ app_begin ] --END-- [ RunTime:0.000815s ]
ERR: 无法加载控制器:Js

[ 2015-02-02T16:00:08+08:00 ] 127.0.0.1 /home/js/bootstrap.min.js
INFO: [ app_init ] --START--
INFO: Run Behavior\BuildLiteBehavior [ RunTime:0.000057s ]
INFO: [ app_init ] --END-- [ RunTime:0.000508s ]
INFO: [ app_begin ] --START--
INFO: Run Behavior\ReadHtmlCacheBehavior [ RunTime:0.000541s ]
INFO: [ app_begin ] --END-- [ RunTime:0.000796s ]
ERR: 无法加载控制器:Js

[ 2015-02-02T16:05:51+08:00 ] 127.0.0.1 /home/goods
INFO: [ app_init ] --START--
INFO: Run Behavior\BuildLiteBehavior [ RunTime:0.000088s ]
INFO: [ app_init ] --END-- [ RunTime:0.000835s ]
INFO: [ app_begin ] --START--
INFO: Run Behavior\ReadHtmlCacheBehavior [ RunTime:0.001074s ]
INFO: [ app_begin ] --END-- [ RunTime:0.001353s ]
SQL: SHOW COLUMNS FROM `opensns_shop` [ RunTime:0.0026s ]
SQL: SELECT * FROM `opensns_shop` WHERE `id` = 14 LIMIT 1   [ RunTime:0.0006s ]
INFO: [ view_parse ] --START--
INFO: [ template_filter ] --START--
INFO: Run Behavior\ContentReplaceBehavior [ RunTime:0.000201s ]
INFO: [ template_filter ] --END-- [ RunTime:0.000462s ]
INFO: Run Behavior\ParseTemplateBehavior [ RunTime:0.010846s ]
INFO: [ view_parse ] --END-- [ RunTime:0.011093s ]
INFO: [ view_filter ] --START--
INFO: Run Behavior\WriteHtmlCacheBehavior [ RunTime:0.000772s ]
INFO: [ view_filter ] --END-- [ RunTime:0.001021s ]
INFO: [ app_end ] --START--
INFO: Run Behavior\ShowPageTraceBehavior [ RunTime:0.000742s ]
INFO: [ app_end ] --END-- [ RunTime:0.000973s ]

[ 2015-02-02T16:05:51+08:00 ] 127.0.0.1 /home/js/jquery.min.js
INFO: [ app_init ] --START--
INFO: Run Behavior\BuildLiteBehavior [ RunTime:0.000055s ]
INFO: [ app_init ] --END-- [ RunTime:0.000499s ]
INFO: [ app_begin ] --START--
INFO: Run Behavior\ReadHtmlCacheBehavior [ RunTime:0.000711s ]
INFO: [ app_begin ] --END-- [ RunTime:0.000961s ]
ERR: 无法加载控制器:Js

[ 2015-02-02T16:05:52+08:00 ] 127.0.0.1 /home/js/bootstrap.min.js
INFO: [ app_init ] --START--
INFO: Run Behavior\BuildLiteBehavior [ RunTime:0.000055s ]
INFO: [ app_init ] --END-- [ RunTime:0.000493s ]
INFO: [ app_begin ] --START--
INFO: Run Behavior\ReadHtmlCacheBehavior [ RunTime:0.000704s ]
INFO: [ app_begin ] --END-- [ RunTime:0.000941s ]
ERR: 无法加载控制器:Js

[ 2015-02-02T16:05:52+08:00 ] 127.0.0.1 /home/js/bootstrap.min.js
INFO: [ app_init ] --START--
INFO: Run Behavior\BuildLiteBehavior [ RunTime:0.000053s ]
INFO: [ app_init ] --END-- [ RunTime:0.000526s ]
INFO: [ app_begin ] --START--
INFO: Run Behavior\ReadHtmlCacheBehavior [ RunTime:0.000723s ]
INFO: [ app_begin ] --END-- [ RunTime:0.000961s ]
ERR: 无法加载控制器:Js

[ 2015-02-02T16:06:10+08:00 ] 127.0.0.1 /home/goods/create
INFO: [ app_init ] --START--
INFO: Run Behavior\BuildLiteBehavior [ RunTime:0.000089s ]
INFO: [ app_init ] --END-- [ RunTime:0.000868s ]
INFO: [ app_begin ] --START--
INFO: Run Behavior\ReadHtmlCacheBehavior [ RunTime:0.001254s ]
INFO: [ app_begin ] --END-- [ RunTime:0.001681s ]
INFO: [ app_end ] --START--
INFO: Run Behavior\ShowPageTraceBehavior [ RunTime:0.000746s ]
INFO: [ app_end ] --END-- [ RunTime:0.001003s ]

[ 2015-02-02T16:06:20+08:00 ] 127.0.0.1 /home/goods/create
INFO: [ app_init ] --START--
INFO: Run Behavior\BuildLiteBehavior [ RunTime:0.000055s ]
INFO: [ app_init ] --END-- [ RunTime:0.000505s ]
INFO: [ app_begin ] --START--
INFO: Run Behavior\ReadHtmlCacheBehavior [ RunTime:0.000774s ]
INFO: [ app_begin ] --END-- [ RunTime:0.001032s ]
INFO: [ view_parse ] --START--
INFO: [ template_filter ] --START--
INFO: Run Behavior\ContentReplaceBehavior [ RunTime:0.000200s ]
INFO: [ template_filter ] --END-- [ RunTime:0.000463s ]
INFO: Run Behavior\ParseTemplateBehavior [ RunTime:0.017358s ]
INFO: [ view_parse ] --END-- [ RunTime:0.017718s ]
INFO: [ view_filter ] --START--
INFO: Run Behavior\WriteHtmlCacheBehavior [ RunTime:0.000790s ]
INFO: [ view_filter ] --END-- [ RunTime:0.001018s ]
INFO: [ app_end ] --START--
INFO: Run Behavior\ShowPageTraceBehavior [ RunTime:0.000820s ]
INFO: [ app_end ] --END-- [ RunTime:0.001054s ]

[ 2015-02-02T16:06:20+08:00 ] 127.0.0.1 /home/goods/js/jquery.min.js
INFO: [ app_init ] --START--
INFO: Run Behavior\BuildLiteBehavior [ RunTime:0.000058s ]
INFO: [ app_init ] --END-- [ RunTime:0.000552s ]
INFO: [ app_begin ] --START--
INFO: Run Behavior\ReadHtmlCacheBehavior [ RunTime:0.000759s ]
INFO: [ app_begin ] --END-- [ RunTime:0.001027s ]
ERR: 非法操作:js
NOTIC: [2] Cannot modify header information - headers already sent by (output started at D:\workspace\ThinkPHP\ThinkPHP\Common\functions.php:102) D:\workspace\ThinkPHP\ThinkPHP\Library\Think\Think.class.php 第 229 行.
NOTIC: [2] Cannot modify header information - headers already sent by (output started at D:\workspace\ThinkPHP\ThinkPHP\Common\functions.php:102) D:\workspace\ThinkPHP\ThinkPHP\Library\Think\Think.class.php 第 230 行.

[ 2015-02-02T16:06:20+08:00 ] 127.0.0.1 /home/goods/favicon.ico
INFO: [ app_init ] --START--
INFO: Run Behavior\BuildLiteBehavior [ RunTime:0.000060s ]
INFO: [ app_init ] --END-- [ RunTime:0.000528s ]

[ 2015-02-02T16:06:20+08:00 ] 127.0.0.1 /home/goods/js/bootstrap.min.js
INFO: [ app_init ] --START--
INFO: Run Behavior\BuildLiteBehavior [ RunTime:0.000058s ]
INFO: [ app_init ] --END-- [ RunTime:0.000562s ]
INFO: [ app_begin ] --START--
INFO: Run Behavior\ReadHtmlCacheBehavior [ RunTime:0.000794s ]
INFO: [ app_begin ] --END-- [ RunTime:0.001050s ]
ERR: 非法操作:js
NOTIC: [2] Cannot modify header information - headers already sent by (output started at D:\workspace\ThinkPHP\ThinkPHP\Common\functions.php:102) D:\workspace\ThinkPHP\ThinkPHP\Library\Think\Think.class.php 第 229 行.
NOTIC: [2] Cannot modify header information - headers already sent by (output started at D:\workspace\ThinkPHP\ThinkPHP\Common\functions.php:102) D:\workspace\ThinkPHP\ThinkPHP\Library\Think\Think.class.php 第 230 行.

[ 2015-02-02T16:06:20+08:00 ] 127.0.0.1 /home/goods/favicon.ico
INFO: [ app_init ] --START--
INFO: Run Behavior\BuildLiteBehavior [ RunTime:0.000056s ]
INFO: [ app_init ] --END-- [ RunTime:0.000653s ]

[ 2015-02-02T16:08:23+08:00 ] 127.0.0.1 /home/goods/create
INFO: [ app_init ] --START--
INFO: Run Behavior\BuildLiteBehavior [ RunTime:0.000086s ]
INFO: [ app_init ] --END-- [ RunTime:0.000939s ]
INFO: [ app_begin ] --START--
INFO: Run Behavior\ReadHtmlCacheBehavior [ RunTime:0.001343s ]
INFO: [ app_begin ] --END-- [ RunTime:0.001750s ]
INFO: [ view_parse ] --START--
INFO: [ template_filter ] --START--
INFO: Run Behavior\ContentReplaceBehavior [ RunTime:0.000200s ]
INFO: [ template_filter ] --END-- [ RunTime:0.000469s ]
INFO: Run Behavior\ParseTemplateBehavior [ RunTime:0.010693s ]
INFO: [ view_parse ] --END-- [ RunTime:0.010989s ]
INFO: [ view_filter ] --START--
INFO: Run Behavior\WriteHtmlCacheBehavior [ RunTime:0.000724s ]
INFO: [ view_filter ] --END-- [ RunTime:0.000954s ]
INFO: [ app_end ] --START--
INFO: Run Behavior\ShowPageTraceBehavior [ RunTime:0.000724s ]
INFO: [ app_end ] --END-- [ RunTime:0.000967s ]

[ 2015-02-02T16:08:23+08:00 ] 127.0.0.1 /home/goods/js/jquery.min.js
INFO: [ app_init ] --START--
INFO: Run Behavior\BuildLiteBehavior [ RunTime:0.000054s ]
INFO: [ app_init ] --END-- [ RunTime:0.000494s ]
INFO: [ app_begin ] --START--
INFO: Run Behavior\ReadHtmlCacheBehavior [ RunTime:0.000727s ]
INFO: [ app_begin ] --END-- [ RunTime:0.000971s ]
ERR: 非法操作:js
NOTIC: [2] Cannot modify header information - headers already sent by (output started at D:\workspace\ThinkPHP\ThinkPHP\Common\functions.php:102) D:\workspace\ThinkPHP\ThinkPHP\Library\Think\Think.class.php 第 229 行.
NOTIC: [2] Cannot modify header information - headers already sent by (output started at D:\workspace\ThinkPHP\ThinkPHP\Common\functions.php:102) D:\workspace\ThinkPHP\ThinkPHP\Library\Think\Think.class.php 第 230 行.

[ 2015-02-02T16:08:23+08:00 ] 127.0.0.1 /home/goods/js/bootstrap.min.js
INFO: [ app_init ] --START--
INFO: Run Behavior\BuildLiteBehavior [ RunTime:0.000055s ]
INFO: [ app_init ] --END-- [ RunTime:0.000506s ]
INFO: [ app_begin ] --START--
INFO: Run Behavior\ReadHtmlCacheBehavior [ RunTime:0.000710s ]
INFO: [ app_begin ] --END-- [ RunTime:0.000947s ]
ERR: 非法操作:js
NOTIC: [2] Cannot modify header information - headers already sent by (output started at D:\workspace\ThinkPHP\ThinkPHP\Common\functions.php:102) D:\workspace\ThinkPHP\ThinkPHP\Library\Think\Think.class.php 第 229 行.
NOTIC: [2] Cannot modify header information - headers already sent by (output started at D:\workspace\ThinkPHP\ThinkPHP\Common\functions.php:102) D:\workspace\ThinkPHP\ThinkPHP\Library\Think\Think.class.php 第 230 行.

[ 2015-02-02T16:10:36+08:00 ] 127.0.0.1 /home/goods/create
INFO: [ app_init ] --START--
INFO: Run Behavior\BuildLiteBehavior [ RunTime:0.000098s ]
INFO: [ app_init ] --END-- [ RunTime:0.001055s ]
INFO: [ app_begin ] --START--
INFO: Run Behavior\ReadHtmlCacheBehavior [ RunTime:0.001288s ]
INFO: [ app_begin ] --END-- [ RunTime:0.001704s ]
INFO: [ view_parse ] --START--
INFO: [ template_filter ] --START--
INFO: Run Behavior\ContentReplaceBehavior [ RunTime:0.000201s ]
INFO: [ template_filter ] --END-- [ RunTime:0.000496s ]
INFO: Run Behavior\ParseTemplateBehavior [ RunTime:0.011327s ]
INFO: [ view_parse ] --END-- [ RunTime:0.011661s ]
INFO: [ view_filter ] --START--
INFO: Run Behavior\WriteHtmlCacheBehavior [ RunTime:0.000769s ]
INFO: [ view_filter ] --END-- [ RunTime:0.000998s ]
INFO: [ app_end ] --START--
INFO: Run Behavior\ShowPageTraceBehavior [ RunTime:0.001005s ]
INFO: [ app_end ] --END-- [ RunTime:0.001254s ]

[ 2015-02-02T16:10:36+08:00 ] 127.0.0.1 /home/goods/js/jquery.min.js
INFO: [ app_init ] --START--
INFO: Run Behavior\BuildLiteBehavior [ RunTime:0.000301s ]
INFO: [ app_init ] --END-- [ RunTime:0.000816s ]
INFO: [ app_begin ] --START--
INFO: Run Behavior\ReadHtmlCacheBehavior [ RunTime:0.000763s ]
INFO: [ app_begin ] --END-- [ RunTime:0.001041s ]
ERR: 非法操作:js
NOTIC: [2] Cannot modify header information - headers already sent by (output started at D:\workspace\ThinkPHP\ThinkPHP\Common\functions.php:102) D:\workspace\ThinkPHP\ThinkPHP\Library\Think\Think.class.php 第 229 行.
NOTIC: [2] Cannot modify header information - headers already sent by (output started at D:\workspace\ThinkPHP\ThinkPHP\Common\functions.php:102) D:\workspace\ThinkPHP\ThinkPHP\Library\Think\Think.class.php 第 230 行.

[ 2015-02-02T16:10:36+08:00 ] 127.0.0.1 /home/goods/js/bootstrap.min.js
INFO: [ app_init ] --START--
INFO: Run Behavior\BuildLiteBehavior [ RunTime:0.000053s ]
INFO: [ app_init ] --END-- [ RunTime:0.000498s ]
INFO: [ app_begin ] --START--
INFO: Run Behavior\ReadHtmlCacheBehavior [ RunTime:0.000608s ]
INFO: [ app_begin ] --END-- [ RunTime:0.015662s ]
ERR: 非法操作:js
NOTIC: [2] Cannot modify header information - headers already sent by (output started at D:\workspace\ThinkPHP\ThinkPHP\Common\functions.php:102) D:\workspace\ThinkPHP\ThinkPHP\Library\Think\Think.class.php 第 229 行.
NOTIC: [2] Cannot modify header information - headers already sent by (output started at D:\workspace\ThinkPHP\ThinkPHP\Common\functions.php:102) D:\workspace\ThinkPHP\ThinkPHP\Library\Think\Think.class.php 第 230 行.

[ 2015-02-02T16:10:42+08:00 ] 127.0.0.1 /home/goods/create
INFO: [ app_init ] --START--
INFO: Run Behavior\BuildLiteBehavior [ RunTime:0.000076s ]
INFO: [ app_init ] --END-- [ RunTime:0.001089s ]
INFO: [ app_begin ] --START--
INFO: Run Behavior\ReadHtmlCacheBehavior [ RunTime:0.000461s ]
INFO: [ app_begin ] --END-- [ RunTime:0.000721s ]
INFO: [ view_parse ] --START--
INFO: [ template_filter ] --START--
INFO: Run Behavior\ContentReplaceBehavior [ RunTime:0.000201s ]
INFO: [ template_filter ] --END-- [ RunTime:0.000458s ]
INFO: Run Behavior\ParseTemplateBehavior [ RunTime:0.009380s ]
INFO: [ view_parse ] --END-- [ RunTime:0.009643s ]
INFO: [ view_filter ] --START--
INFO: Run Behavior\WriteHtmlCacheBehavior [ RunTime:0.000420s ]
INFO: [ view_filter ] --END-- [ RunTime:0.000643s ]
INFO: [ app_end ] --START--
INFO: Run Behavior\ShowPageTraceBehavior [ RunTime:0.000487s ]
INFO: [ app_end ] --END-- [ RunTime:0.000721s ]

[ 2015-02-02T16:10:42+08:00 ] 127.0.0.1 /home/goods/js/jquery.min.js
INFO: [ app_init ] --START--
INFO: Run Behavior\BuildLiteBehavior [ RunTime:0.000053s ]
INFO: [ app_init ] --END-- [ RunTime:0.000427s ]
INFO: [ app_begin ] --START--
INFO: Run Behavior\ReadHtmlCacheBehavior [ RunTime:0.000260s ]
INFO: [ app_begin ] --END-- [ RunTime:0.000494s ]
ERR: 非法操作:js
NOTIC: [2] Cannot modify header information - headers already sent by (output started at D:\workspace\ThinkPHP\ThinkPHP\Common\functions.php:102) D:\workspace\ThinkPHP\ThinkPHP\Library\Think\Think.class.php 第 229 行.
NOTIC: [2] Cannot modify header information - headers already sent by (output started at D:\workspace\ThinkPHP\ThinkPHP\Common\functions.php:102) D:\workspace\ThinkPHP\ThinkPHP\Library\Think\Think.class.php 第 230 行.

[ 2015-02-02T16:10:42+08:00 ] 127.0.0.1 /home/goods/js/bootstrap.min.js
INFO: [ app_init ] --START--
INFO: Run Behavior\BuildLiteBehavior [ RunTime:0.000052s ]
INFO: [ app_init ] --END-- [ RunTime:0.000467s ]
INFO: [ app_begin ] --START--
INFO: Run Behavior\ReadHtmlCacheBehavior [ RunTime:0.000258s ]
INFO: [ app_begin ] --END-- [ RunTime:0.000492s ]
ERR: 非法操作:js
NOTIC: [2] Cannot modify header information - headers already sent by (output started at D:\workspace\ThinkPHP\ThinkPHP\Common\functions.php:102) D:\workspace\ThinkPHP\ThinkPHP\Library\Think\Think.class.php 第 229 行.
NOTIC: [2] Cannot modify header information - headers already sent by (output started at D:\workspace\ThinkPHP\ThinkPHP\Common\functions.php:102) D:\workspace\ThinkPHP\ThinkPHP\Library\Think\Think.class.php 第 230 行.

[ 2015-02-02T16:10:44+08:00 ] 127.0.0.1 /home/goods/create
INFO: [ app_init ] --START--
INFO: Run Behavior\BuildLiteBehavior [ RunTime:0.000083s ]
INFO: [ app_init ] --END-- [ RunTime:0.000698s ]
INFO: [ app_begin ] --START--
INFO: Run Behavior\ReadHtmlCacheBehavior [ RunTime:0.000372s ]
INFO: [ app_begin ] --END-- [ RunTime:0.000776s ]
INFO: [ view_parse ] --START--
INFO: [ template_filter ] --START--
INFO: Run Behavior\ContentReplaceBehavior [ RunTime:0.000198s ]
INFO: [ template_filter ] --END-- [ RunTime:0.000458s ]
INFO: Run Behavior\ParseTemplateBehavior [ RunTime:0.011392s ]
INFO: [ view_parse ] --END-- [ RunTime:0.011746s ]
INFO: [ view_filter ] --START--
INFO: Run Behavior\WriteHtmlCacheBehavior [ RunTime:0.000273s ]
INFO: [ view_filter ] --END-- [ RunTime:0.000497s ]
INFO: [ app_end ] --START--
INFO: Run Behavior\ShowPageTraceBehavior [ RunTime:0.000285s ]
INFO: [ app_end ] --END-- [ RunTime:0.000518s ]

[ 2015-02-02T16:10:44+08:00 ] 127.0.0.1 /home/goods/js/jquery.min.js
INFO: [ app_init ] --START--
INFO: Run Behavior\BuildLiteBehavior [ RunTime:0.000053s ]
INFO: [ app_init ] --END-- [ RunTime:0.000426s ]
INFO: [ app_begin ] --START--
INFO: Run Behavior\ReadHtmlCacheBehavior [ RunTime:0.000257s ]
INFO: [ app_begin ] --END-- [ RunTime:0.000488s ]
ERR: 非法操作:js
NOTIC: [2] Cannot modify header information - headers already sent by (output started at D:\workspace\ThinkPHP\ThinkPHP\Common\functions.php:102) D:\workspace\ThinkPHP\ThinkPHP\Library\Think\Think.class.php 第 229 行.
NOTIC: [2] Cannot modify header information - headers already sent by (output started at D:\workspace\ThinkPHP\ThinkPHP\Common\functions.php:102) D:\workspace\ThinkPHP\ThinkPHP\Library\Think\Think.class.php 第 230 行.

[ 2015-02-02T16:10:44+08:00 ] 127.0.0.1 /home/goods/js/bootstrap.min.js
INFO: [ app_init ] --START--
INFO: Run Behavior\BuildLiteBehavior [ RunTime:0.000056s ]
INFO: [ app_init ] --END-- [ RunTime:0.000524s ]
INFO: [ app_begin ] --START--
INFO: Run Behavior\ReadHtmlCacheBehavior [ RunTime:0.000769s ]
INFO: [ app_begin ] --END-- [ RunTime:0.001024s ]
ERR: 非法操作:js
NOTIC: [2] Cannot modify header information - headers already sent by (output started at D:\workspace\ThinkPHP\ThinkPHP\Common\functions.php:102) D:\workspace\ThinkPHP\ThinkPHP\Library\Think\Think.class.php 第 229 行.
NOTIC: [2] Cannot modify header information - headers already sent by (output started at D:\workspace\ThinkPHP\ThinkPHP\Common\functions.php:102) D:\workspace\ThinkPHP\ThinkPHP\Library\Think\Think.class.php 第 230 行.

[ 2015-02-02T16:10:50+08:00 ] 127.0.0.1 /home/goods/create
INFO: [ app_init ] --START--
INFO: Run Behavior\BuildLiteBehavior [ RunTime:0.000057s ]
INFO: [ app_init ] --END-- [ RunTime:0.000520s ]
INFO: [ app_begin ] --START--
INFO: Run Behavior\ReadHtmlCacheBehavior [ RunTime:0.000732s ]
INFO: [ app_begin ] --END-- [ RunTime:0.000988s ]
INFO: [ view_parse ] --START--
INFO: [ template_filter ] --START--
INFO: Run Behavior\ContentReplaceBehavior [ RunTime:0.000203s ]
INFO: [ template_filter ] --END-- [ RunTime:0.000474s ]
INFO: Run Behavior\ParseTemplateBehavior [ RunTime:0.012419s ]
INFO: [ view_parse ] --END-- [ RunTime:0.012718s ]
INFO: [ view_filter ] --START--
INFO: Run Behavior\WriteHtmlCacheBehavior [ RunTime:0.000733s ]
INFO: [ view_filter ] --END-- [ RunTime:0.000982s ]
INFO: [ app_end ] --START--
INFO: Run Behavior\ShowPageTraceBehavior [ RunTime:0.001414s ]
INFO: [ app_end ] --END-- [ RunTime:0.001684s ]

[ 2015-02-02T16:10:50+08:00 ] 127.0.0.1 /home/goods/js/jquery.min.js
INFO: [ app_init ] --START--
INFO: Run Behavior\BuildLiteBehavior [ RunTime:0.000056s ]
INFO: [ app_init ] --END-- [ RunTime:0.000518s ]
INFO: [ app_begin ] --START--
INFO: Run Behavior\ReadHtmlCacheBehavior [ RunTime:0.000703s ]
INFO: [ app_begin ] --END-- [ RunTime:0.000951s ]
ERR: 非法操作:js
NOTIC: [2] Cannot modify header information - headers already sent by (output started at D:\workspace\ThinkPHP\ThinkPHP\Common\functions.php:102) D:\workspace\ThinkPHP\ThinkPHP\Library\Think\Think.class.php 第 229 行.
NOTIC: [2] Cannot modify header information - headers already sent by (output started at D:\workspace\ThinkPHP\ThinkPHP\Common\functions.php:102) D:\workspace\ThinkPHP\ThinkPHP\Library\Think\Think.class.php 第 230 行.

[ 2015-02-02T16:10:50+08:00 ] 127.0.0.1 /home/goods/js/bootstrap.min.js
INFO: [ app_init ] --START--
INFO: Run Behavior\BuildLiteBehavior [ RunTime:0.000056s ]
INFO: [ app_init ] --END-- [ RunTime:0.000514s ]
INFO: [ app_begin ] --START--
INFO: Run Behavior\ReadHtmlCacheBehavior [ RunTime:0.000728s ]
INFO: [ app_begin ] --END-- [ RunTime:0.000980s ]
ERR: 非法操作:js
NOTIC: [2] Cannot modify header information - headers already sent by (output started at D:\workspace\ThinkPHP\ThinkPHP\Common\functions.php:102) D:\workspace\ThinkPHP\ThinkPHP\Library\Think\Think.class.php 第 229 行.
NOTIC: [2] Cannot modify header information - headers already sent by (output started at D:\workspace\ThinkPHP\ThinkPHP\Common\functions.php:102) D:\workspace\ThinkPHP\ThinkPHP\Library\Think\Think.class.php 第 230 行.

[ 2015-02-02T16:11:11+08:00 ] 127.0.0.1 /home/goods/create
INFO: [ app_init ] --START--
INFO: Run Behavior\BuildLiteBehavior [ RunTime:0.000057s ]
INFO: [ app_init ] --END-- [ RunTime:0.000574s ]
INFO: [ app_begin ] --START--
INFO: Run Behavior\ReadHtmlCacheBehavior [ RunTime:0.000769s ]
INFO: [ app_begin ] --END-- [ RunTime:0.001034s ]
INFO: [ view_parse ] --START--
INFO: [ template_filter ] --START--
INFO: Run Behavior\ContentReplaceBehavior [ RunTime:0.000206s ]
INFO: [ template_filter ] --END-- [ RunTime:0.000485s ]
INFO: Run Behavior\ParseTemplateBehavior [ RunTime:0.010802s ]
INFO: [ view_parse ] --END-- [ RunTime:0.011115s ]
INFO: [ view_filter ] --START--
INFO: Run Behavior\WriteHtmlCacheBehavior [ RunTime:0.000761s ]
INFO: [ view_filter ] --END-- [ RunTime:0.001196s ]
INFO: [ app_end ] --START--
INFO: Run Behavior\ShowPageTraceBehavior [ RunTime:0.000811s ]
INFO: [ app_end ] --END-- [ RunTime:0.001056s ]

[ 2015-02-02T16:11:11+08:00 ] 127.0.0.1 /home/goods/js/jquery.min.js
INFO: [ app_init ] --START--
INFO: Run Behavior\BuildLiteBehavior [ RunTime:0.000055s ]
INFO: [ app_init ] --END-- [ RunTime:0.000513s ]
INFO: [ app_begin ] --START--
INFO: Run Behavior\ReadHtmlCacheBehavior [ RunTime:0.000709s ]
INFO: [ app_begin ] --END-- [ RunTime:0.000963s ]
ERR: 非法操作:js
NOTIC: [2] Cannot modify header information - headers already sent by (output started at D:\workspace\ThinkPHP\ThinkPHP\Common\functions.php:102) D:\workspace\ThinkPHP\ThinkPHP\Library\Think\Think.class.php 第 229 行.
NOTIC: [2] Cannot modify header information - headers already sent by (output started at D:\workspace\ThinkPHP\ThinkPHP\Common\functions.php:102) D:\workspace\ThinkPHP\ThinkPHP\Library\Think\Think.class.php 第 230 行.

[ 2015-02-02T16:11:11+08:00 ] 127.0.0.1 /home/goods/js/bootstrap.min.js
INFO: [ app_init ] --START--
INFO: Run Behavior\BuildLiteBehavior [ RunTime:0.000053s ]
INFO: [ app_init ] --END-- [ RunTime:0.000454s ]
INFO: [ app_begin ] --START--
INFO: Run Behavior\ReadHtmlCacheBehavior [ RunTime:0.000267s ]
INFO: [ app_begin ] --END-- [ RunTime:0.000506s ]
ERR: 非法操作:js
NOTIC: [2] Cannot modify header information - headers already sent by (output started at D:\workspace\ThinkPHP\ThinkPHP\Common\functions.php:102) D:\workspace\ThinkPHP\ThinkPHP\Library\Think\Think.class.php 第 229 行.
NOTIC: [2] Cannot modify header information - headers already sent by (output started at D:\workspace\ThinkPHP\ThinkPHP\Common\functions.php:102) D:\workspace\ThinkPHP\ThinkPHP\Library\Think\Think.class.php 第 230 行.

[ 2015-02-02T16:12:47+08:00 ] 127.0.0.1 /home/goods/create
INFO: [ app_init ] --START--
INFO: Run Behavior\BuildLiteBehavior [ RunTime:0.000058s ]
INFO: [ app_init ] --END-- [ RunTime:0.000558s ]
INFO: [ app_begin ] --START--
INFO: Run Behavior\ReadHtmlCacheBehavior [ RunTime:0.000777s ]
INFO: [ app_begin ] --END-- [ RunTime:0.001042s ]
ERR: SQLSTATE[42S02]: Base table or view not found: 1146 Table 'opensns.opensns_goods_model' doesn't exist
NOTIC: [2] Cannot modify header information - headers already sent by (output started at D:\workspace\ThinkPHP\ThinkPHP\Library\Think\Db\Driver.class.php:169) D:\workspace\ThinkPHP\ThinkPHP\Library\Think\Think.class.php 第 229 行.
NOTIC: [2] Cannot modify header information - headers already sent by (output started at D:\workspace\ThinkPHP\ThinkPHP\Library\Think\Db\Driver.class.php:169) D:\workspace\ThinkPHP\ThinkPHP\Library\Think\Think.class.php 第 230 行.

[ 2015-02-02T16:13:16+08:00 ] 127.0.0.1 /home/goods/create
INFO: [ app_init ] --START--
INFO: Run Behavior\BuildLiteBehavior [ RunTime:0.000057s ]
INFO: [ app_init ] --END-- [ RunTime:0.000528s ]
INFO: [ app_begin ] --START--
INFO: Run Behavior\ReadHtmlCacheBehavior [ RunTime:0.000709s ]
INFO: [ app_begin ] --END-- [ RunTime:0.000972s ]
SQL: SHOW COLUMNS FROM `opensns_shop` [ RunTime:0.0027s ]
INFO: [ view_parse ] --START--
INFO: [ template_filter ] --START--
INFO: Run Behavior\ContentReplaceBehavior [ RunTime:0.000574s ]
INFO: [ template_filter ] --END-- [ RunTime:0.001485s ]
INFO: Run Behavior\ParseTemplateBehavior [ RunTime:0.043527s ]
INFO: [ view_parse ] --END-- [ RunTime:0.044748s ]
INFO: [ view_filter ] --START--
INFO: Run Behavior\WriteHtmlCacheBehavior [ RunTime:0.001326s ]
INFO: [ view_filter ] --END-- [ RunTime:0.001862s ]

[ 2015-02-02T16:13:20+08:00 ] 127.0.0.1 /home/goods/js/jquery.min.js
INFO: [ app_init ] --START--
INFO: Run Behavior\BuildLiteBehavior [ RunTime:0.000063s ]
INFO: [ app_init ] --END-- [ RunTime:0.000539s ]
INFO: [ app_begin ] --START--
INFO: Run Behavior\ReadHtmlCacheBehavior [ RunTime:0.000710s ]
INFO: [ app_begin ] --END-- [ RunTime:0.000977s ]
ERR: 非法操作:js
NOTIC: [2] Cannot modify header information - headers already sent by (output started at D:\workspace\ThinkPHP\ThinkPHP\Common\functions.php:102) D:\workspace\ThinkPHP\ThinkPHP\Library\Think\Think.class.php 第 229 行.
NOTIC: [2] Cannot modify header information - headers already sent by (output started at D:\workspace\ThinkPHP\ThinkPHP\Common\functions.php:102) D:\workspace\ThinkPHP\ThinkPHP\Library\Think\Think.class.php 第 230 行.

[ 2015-02-02T16:13:20+08:00 ] 127.0.0.1 /home/goods/js/bootstrap.min.js
INFO: [ app_init ] --START--
INFO: Run Behavior\BuildLiteBehavior [ RunTime:0.000057s ]
INFO: [ app_init ] --END-- [ RunTime:0.000518s ]
INFO: [ app_begin ] --START--
INFO: Run Behavior\ReadHtmlCacheBehavior [ RunTime:0.000487s ]
INFO: [ app_begin ] --END-- [ RunTime:0.000730s ]
ERR: 非法操作:js
NOTIC: [2] Cannot modify header information - headers already sent by (output started at D:\workspace\ThinkPHP\ThinkPHP\Common\functions.php:102) D:\workspace\ThinkPHP\ThinkPHP\Library\Think\Think.class.php 第 229 行.
NOTIC: [2] Cannot modify header information - headers already sent by (output started at D:\workspace\ThinkPHP\ThinkPHP\Common\functions.php:102) D:\workspace\ThinkPHP\ThinkPHP\Library\Think\Think.class.php 第 230 行.

[ 2015-02-02T16:47:16+08:00 ] 127.0.0.1 /home/goods/create
INFO: [ app_init ] --START--
INFO: Run Behavior\BuildLiteBehavior [ RunTime:0.000064s ]
INFO: [ app_init ] --END-- [ RunTime:0.000611s ]
INFO: [ app_begin ] --START--
INFO: Run Behavior\ReadHtmlCacheBehavior [ RunTime:0.000491s ]
INFO: [ app_begin ] --END-- [ RunTime:0.000771s ]
SQL: SHOW COLUMNS FROM `opensns_shop` [ RunTime:0.1068s ]
SQL: SELECT * FROM `opensns_shop` WHERE `goods_name` = '行、新测试' LIMIT 1   [ RunTime:0.0124s ]
ERR: SQLSTATE[HY000]: General error: 1364 Field 'goods_ico' doesn't have a default value
NOTIC: [2] Cannot modify header information - headers already sent by (output started at D:\workspace\ThinkPHP\ThinkPHP\Library\Think\Db\Driver.class.php:217) D:\workspace\ThinkPHP\ThinkPHP\Library\Think\Think.class.php 第 229 行.
NOTIC: [2] Cannot modify header information - headers already sent by (output started at D:\workspace\ThinkPHP\ThinkPHP\Library\Think\Db\Driver.class.php:217) D:\workspace\ThinkPHP\ThinkPHP\Library\Think\Think.class.php 第 230 行.

[ 2015-02-02T16:50:04+08:00 ] 127.0.0.1 /home/goods/create
INFO: [ app_init ] --START--
INFO: Run Behavior\BuildLiteBehavior [ RunTime:0.000090s ]
INFO: [ app_init ] --END-- [ RunTime:0.001163s ]
INFO: [ app_begin ] --START--
INFO: Run Behavior\ReadHtmlCacheBehavior [ RunTime:0.000476s ]
INFO: [ app_begin ] --END-- [ RunTime:0.000741s ]
SQL: SHOW COLUMNS FROM `opensns_shop` [ RunTime:0.0027s ]
SQL: SELECT * FROM `opensns_shop` WHERE `goods_name` = '行、新测试' LIMIT 1   [ RunTime:0.0006s ]
ERR: SQLSTATE[HY000]: General error: 1364 Field 'tox_money_need' doesn't have a default value
NOTIC: [2] Cannot modify header information - headers already sent by (output started at D:\workspace\ThinkPHP\ThinkPHP\Library\Think\Db\Driver.class.php:217) D:\workspace\ThinkPHP\ThinkPHP\Library\Think\Think.class.php 第 229 行.
NOTIC: [2] Cannot modify header information - headers already sent by (output started at D:\workspace\ThinkPHP\ThinkPHP\Library\Think\Db\Driver.class.php:217) D:\workspace\ThinkPHP\ThinkPHP\Library\Think\Think.class.php 第 230 行.

[ 2015-02-02T16:50:26+08:00 ] 127.0.0.1 /home/goods/create
INFO: [ app_init ] --START--
INFO: Run Behavior\BuildLiteBehavior [ RunTime:0.000053s ]
INFO: [ app_init ] --END-- [ RunTime:0.000421s ]
INFO: [ app_begin ] --START--
INFO: Run Behavior\ReadHtmlCacheBehavior [ RunTime:0.000674s ]
INFO: [ app_begin ] --END-- [ RunTime:0.000967s ]
SQL: SHOW COLUMNS FROM `opensns_shop` [ RunTime:0.0031s ]
SQL: SELECT * FROM `opensns_shop` WHERE `goods_name` = '行、新测试' LIMIT 1   [ RunTime:0.0006s ]
ERR: SQLSTATE[HY000]: General error: 1364 Field 'goods_num' doesn't have a default value
NOTIC: [2] Cannot modify header information - headers already sent by (output started at D:\workspace\ThinkPHP\ThinkPHP\Library\Think\Db\Driver.class.php:217) D:\workspace\ThinkPHP\ThinkPHP\Library\Think\Think.class.php 第 229 行.
NOTIC: [2] Cannot modify header information - headers already sent by (output started at D:\workspace\ThinkPHP\ThinkPHP\Library\Think\Db\Driver.class.php:217) D:\workspace\ThinkPHP\ThinkPHP\Library\Think\Think.class.php 第 230 行.

[ 2015-02-02T16:50:49+08:00 ] 127.0.0.1 /home/goods/create
INFO: [ app_init ] --START--
INFO: Run Behavior\BuildLiteBehavior [ RunTime:0.000054s ]
INFO: [ app_init ] --END-- [ RunTime:0.000432s ]
INFO: [ app_begin ] --START--
INFO: Run Behavior\ReadHtmlCacheBehavior [ RunTime:0.000335s ]
INFO: [ app_begin ] --END-- [ RunTime:0.000589s ]
SQL: SHOW COLUMNS FROM `opensns_shop` [ RunTime:0.0027s ]
SQL: SELECT * FROM `opensns_shop` WHERE `goods_name` = '行、新测试' LIMIT 1   [ RunTime:0.0006s ]
ERR: SQLSTATE[HY000]: General error: 1364 Field 'status' doesn't have a default value
NOTIC: [2] Cannot modify header information - headers already sent by (output started at D:\workspace\ThinkPHP\ThinkPHP\Library\Think\Db\Driver.class.php:217) D:\workspace\ThinkPHP\ThinkPHP\Library\Think\Think.class.php 第 229 行.
NOTIC: [2] Cannot modify header information - headers already sent by (output started at D:\workspace\ThinkPHP\ThinkPHP\Library\Think\Db\Driver.class.php:217) D:\workspace\ThinkPHP\ThinkPHP\Library\Think\Think.class.php 第 230 行.

[ 2015-02-02T16:52:35+08:00 ] 127.0.0.1 /home/goods/create
INFO: [ app_init ] --START--
INFO: Run Behavior\BuildLiteBehavior [ RunTime:0.000053s ]
INFO: [ app_init ] --END-- [ RunTime:0.000482s ]
INFO: [ app_begin ] --START--
INFO: Run Behavior\ReadHtmlCacheBehavior [ RunTime:0.000419s ]
INFO: [ app_begin ] --END-- [ RunTime:0.000654s ]
SQL: SHOW COLUMNS FROM `opensns_shop` [ RunTime:0.0027s ]
SQL: SELECT * FROM `opensns_shop` WHERE `goods_name` = '行、新测试' LIMIT 1   [ RunTime:0.0006s ]
ERR: SQLSTATE[HY000]: General error: 1364 Field 'goods_image' doesn't have a default value
NOTIC: [2] Cannot modify header information - headers already sent by (output started at D:\workspace\ThinkPHP\ThinkPHP\Library\Think\Db\Driver.class.php:217) D:\workspace\ThinkPHP\ThinkPHP\Library\Think\Think.class.php 第 229 行.
NOTIC: [2] Cannot modify header information - headers already sent by (output started at D:\workspace\ThinkPHP\ThinkPHP\Library\Think\Db\Driver.class.php:217) D:\workspace\ThinkPHP\ThinkPHP\Library\Think\Think.class.php 第 230 行.

[ 2015-02-02T16:52:53+08:00 ] 127.0.0.1 /home/goods/create
INFO: [ app_init ] --START--
INFO: Run Behavior\BuildLiteBehavior [ RunTime:0.000054s ]
INFO: [ app_init ] --END-- [ RunTime:0.000590s ]
INFO: [ app_begin ] --START--
INFO: Run Behavior\ReadHtmlCacheBehavior [ RunTime:0.000351s ]
INFO: [ app_begin ] --END-- [ RunTime:0.000601s ]
SQL: SHOW COLUMNS FROM `opensns_shop` [ RunTime:0.0033s ]
SQL: SELECT * FROM `opensns_shop` WHERE `goods_name` = '行、新测试' LIMIT 1   [ RunTime:0.0009s ]
SQL: INSERT INTO `opensns_shop` (`goods_name`,`category_id`,`goods_introduct`,`goods_detail`,`createtime`,`changetime`,`goods_ico`,`tox_money_need`,`goods_num`,`status`,`sell_num`,`goods_image`) VALUES ('行、新测试','0','啊飒飒大事淡淡的淡淡的','啊飒飒大事淡淡的淡淡的啊飒飒大事淡淡的淡淡的啊飒飒大事淡淡的淡淡的啊飒飒大事淡淡的淡淡的啊飒飒大事淡淡的淡淡的啊飒飒大事淡淡的淡淡的','1422867173','1422867173','0','0','0','-1','0','0') [ RunTime:0.0322s ]
INFO: [ view_parse ] --START--
INFO: [ template_filter ] --START--
INFO: Run Behavior\ContentReplaceBehavior [ RunTime:0.000153s ]
INFO: [ template_filter ] --END-- [ RunTime:0.000432s ]
INFO: Run Behavior\ParseTemplateBehavior [ RunTime:0.026789s ]
INFO: [ view_parse ] --END-- [ RunTime:0.027055s ]
INFO: [ view_filter ] --START--
INFO: Run Behavior\WriteHtmlCacheBehavior [ RunTime:0.011460s ]
INFO: [ view_filter ] --END-- [ RunTime:0.011761s ]
INFO: [ view_parse ] --START--
INFO: [ template_filter ] --START--
INFO: Run Behavior\ContentReplaceBehavior [ RunTime:0.000195s ]
INFO: [ template_filter ] --END-- [ RunTime:-0.044519s ]
INFO: Run Behavior\ParseTemplateBehavior [ RunTime:0.021965s ]
INFO: [ view_parse ] --END-- [ RunTime:-0.012924s ]
INFO: [ view_filter ] --START--
INFO: Run Behavior\WriteHtmlCacheBehavior [ RunTime:0.000096s ]
INFO: [ view_filter ] --END-- [ RunTime:-0.023393s ]
INFO: [ app_end ] --START--
INFO: Run Behavior\ShowPageTraceBehavior [ RunTime:0.000576s ]
INFO: [ app_end ] --END-- [ RunTime:0.000806s ]

[ 2015-02-02T16:52:53+08:00 ] 127.0.0.1 /home/goods/js/jquery.min.js
INFO: [ app_init ] --START--
INFO: Run Behavior\BuildLiteBehavior [ RunTime:0.000057s ]
INFO: [ app_init ] --END-- [ RunTime:0.000529s ]
INFO: [ app_begin ] --START--
INFO: Run Behavior\ReadHtmlCacheBehavior [ RunTime:0.000700s ]
INFO: [ app_begin ] --END-- [ RunTime:0.000958s ]
ERR: 非法操作:js
NOTIC: [2] Cannot modify header information - headers already sent by (output started at D:\workspace\ThinkPHP\ThinkPHP\Common\functions.php:102) D:\workspace\ThinkPHP\ThinkPHP\Library\Think\Think.class.php 第 229 行.
NOTIC: [2] Cannot modify header information - headers already sent by (output started at D:\workspace\ThinkPHP\ThinkPHP\Common\functions.php:102) D:\workspace\ThinkPHP\ThinkPHP\Library\Think\Think.class.php 第 230 行.

[ 2015-02-02T16:52:53+08:00 ] 127.0.0.1 /home/goods/js/bootstrap.min.js
INFO: [ app_init ] --START--
INFO: Run Behavior\BuildLiteBehavior [ RunTime:0.000054s ]
INFO: [ app_init ] --END-- [ RunTime:0.000538s ]
INFO: [ app_begin ] --START--
INFO: Run Behavior\ReadHtmlCacheBehavior [ RunTime:0.000876s ]
INFO: [ app_begin ] --END-- [ RunTime:0.001121s ]
ERR: 非法操作:js
NOTIC: [2] Cannot modify header information - headers already sent by (output started at D:\workspace\ThinkPHP\ThinkPHP\Common\functions.php:102) D:\workspace\ThinkPHP\ThinkPHP\Library\Think\Think.class.php 第 229 行.
NOTIC: [2] Cannot modify header information - headers already sent by (output started at D:\workspace\ThinkPHP\ThinkPHP\Common\functions.php:102) D:\workspace\ThinkPHP\ThinkPHP\Library\Think\Think.class.php 第 230 行.

[ 2015-02-02T16:52:54+08:00 ] 127.0.0.1 /home/goods/create
INFO: [ app_init ] --START--
INFO: Run Behavior\BuildLiteBehavior [ RunTime:0.000061s ]
INFO: [ app_init ] --END-- [ RunTime:0.000654s ]
INFO: [ app_begin ] --START--
INFO: Run Behavior\ReadHtmlCacheBehavior [ RunTime:0.000266s ]
INFO: [ app_begin ] --END-- [ RunTime:0.000526s ]
INFO: [ app_end ] --START--
INFO: Run Behavior\ShowPageTraceBehavior [ RunTime:0.000245s ]
INFO: [ app_end ] --END-- [ RunTime:0.000475s ]

[ 2015-02-02T16:53:26+08:00 ] 127.0.0.1 /home/goods/create
INFO: [ app_init ] --START--
INFO: Run Behavior\BuildLiteBehavior [ RunTime:0.000083s ]
INFO: [ app_init ] --END-- [ RunTime:0.000789s ]
INFO: [ app_begin ] --START--
INFO: Run Behavior\ReadHtmlCacheBehavior [ RunTime:0.000558s ]
INFO: [ app_begin ] --END-- [ RunTime:0.000963s ]
INFO: [ view_parse ] --START--
INFO: [ template_filter ] --START--
INFO: Run Behavior\ContentReplaceBehavior [ RunTime:0.000204s ]
INFO: [ template_filter ] --END-- [ RunTime:0.000768s ]
INFO: Run Behavior\ParseTemplateBehavior [ RunTime:0.008645s ]
INFO: [ view_parse ] --END-- [ RunTime:0.008920s ]
INFO: [ view_filter ] --START--
INFO: Run Behavior\WriteHtmlCacheBehavior [ RunTime:0.000268s ]
INFO: [ view_filter ] --END-- [ RunTime:0.000490s ]
INFO: [ app_end ] --START--
INFO: Run Behavior\ShowPageTraceBehavior [ RunTime:0.000283s ]
INFO: [ app_end ] --END-- [ RunTime:0.000509s ]

[ 2015-02-02T16:53:26+08:00 ] 127.0.0.1 /home/goods/js/bootstrap.min.js
INFO: [ app_init ] --START--
INFO: Run Behavior\BuildLiteBehavior [ RunTime:0.000082s ]
INFO: [ app_init ] --END-- [ RunTime:0.000547s ]
INFO: [ app_begin ] --START--
INFO: Run Behavior\ReadHtmlCacheBehavior [ RunTime:0.000831s ]
INFO: [ app_begin ] --END-- [ RunTime:0.001092s ]
ERR: 非法操作:js
NOTIC: [2] Cannot modify header information - headers already sent by (output started at D:\workspace\ThinkPHP\ThinkPHP\Common\functions.php:102) D:\workspace\ThinkPHP\ThinkPHP\Library\Think\Think.class.php 第 229 行.
NOTIC: [2] Cannot modify header information - headers already sent by (output started at D:\workspace\ThinkPHP\ThinkPHP\Common\functions.php:102) D:\workspace\ThinkPHP\ThinkPHP\Library\Think\Think.class.php 第 230 行.

[ 2015-02-02T16:53:26+08:00 ] 127.0.0.1 /home/goods/js/jquery.min.js
INFO: [ app_init ] --START--
INFO: Run Behavior\BuildLiteBehavior [ RunTime:0.000058s ]
INFO: [ app_init ] --END-- [ RunTime:0.000526s ]
INFO: [ app_begin ] --START--
INFO: Run Behavior\ReadHtmlCacheBehavior [ RunTime:0.000752s ]
INFO: [ app_begin ] --END-- [ RunTime:0.001010s ]
ERR: 非法操作:js
NOTIC: [2] Cannot modify header information - headers already sent by (output started at D:\workspace\ThinkPHP\ThinkPHP\Common\functions.php:102) D:\workspace\ThinkPHP\ThinkPHP\Library\Think\Think.class.php 第 229 行.
NOTIC: [2] Cannot modify header information - headers already sent by (output started at D:\workspace\ThinkPHP\ThinkPHP\Common\functions.php:102) D:\workspace\ThinkPHP\ThinkPHP\Library\Think\Think.class.php 第 230 行.

[ 2015-02-02T17:51:52+08:00 ] 127.0.0.1 /home/goods/create
INFO: [ app_init ] --START--
INFO: Run Behavior\BuildLiteBehavior [ RunTime:0.000068s ]
INFO: [ app_init ] --END-- [ RunTime:0.000769s ]
INFO: [ app_begin ] --START--
INFO: Run Behavior\ReadHtmlCacheBehavior [ RunTime:0.000858s ]
INFO: [ app_begin ] --END-- [ RunTime:0.001114s ]
INFO: [ view_parse ] --START--
INFO: [ template_filter ] --START--
INFO: Run Behavior\ContentReplaceBehavior [ RunTime:0.000412s ]
INFO: [ template_filter ] --END-- [ RunTime:0.000672s ]
INFO: Run Behavior\ParseTemplateBehavior [ RunTime:0.039057s ]
INFO: [ view_parse ] --END-- [ RunTime:0.039348s ]
INFO: [ view_filter ] --START--
INFO: Run Behavior\WriteHtmlCacheBehavior [ RunTime:0.000912s ]
INFO: [ view_filter ] --END-- [ RunTime:0.001142s ]
INFO: [ app_end ] --START--
INFO: Run Behavior\ShowPageTraceBehavior [ RunTime:0.000995s ]
INFO: [ app_end ] --END-- [ RunTime:0.001426s ]

[ 2015-02-02T17:51:52+08:00 ] 127.0.0.1 /home/goods/js/jquery.min.js
INFO: [ app_init ] --START--
INFO: Run Behavior\BuildLiteBehavior [ RunTime:0.000057s ]
INFO: [ app_init ] --END-- [ RunTime:0.000655s ]
INFO: [ app_begin ] --START--
INFO: Run Behavior\ReadHtmlCacheBehavior [ RunTime:0.001706s ]
INFO: [ app_begin ] --END-- [ RunTime:0.002011s ]
ERR: 非法操作:js
NOTIC: [2] Cannot modify header information - headers already sent by (output started at D:\workspace\ThinkPHP\ThinkPHP\Common\functions.php:102) D:\workspace\ThinkPHP\ThinkPHP\Library\Think\Think.class.php 第 229 行.
NOTIC: [2] Cannot modify header information - headers already sent by (output started at D:\workspace\ThinkPHP\ThinkPHP\Common\functions.php:102) D:\workspace\ThinkPHP\ThinkPHP\Library\Think\Think.class.php 第 230 行.

[ 2015-02-02T17:51:52+08:00 ] 127.0.0.1 /home/goods/js/bootstrap.min.js
INFO: [ app_init ] --START--
INFO: Run Behavior\BuildLiteBehavior [ RunTime:0.000055s ]
INFO: [ app_init ] --END-- [ RunTime:0.000514s ]
INFO: [ app_begin ] --START--
INFO: Run Behavior\ReadHtmlCacheBehavior [ RunTime:0.000462s ]
INFO: [ app_begin ] --END-- [ RunTime:0.000711s ]
ERR: 非法操作:js
NOTIC: [2] Cannot modify header information - headers already sent by (output started at D:\workspace\ThinkPHP\ThinkPHP\Common\functions.php:102) D:\workspace\ThinkPHP\ThinkPHP\Library\Think\Think.class.php 第 229 行.
NOTIC: [2] Cannot modify header information - headers already sent by (output started at D:\workspace\ThinkPHP\ThinkPHP\Common\functions.php:102) D:\workspace\ThinkPHP\ThinkPHP\Library\Think\Think.class.php 第 230 行.

