[ 2015-01-29T14:17:13+08:00 ] 127.0.0.1 /
INFO: [ app_init ] --START--
INFO: Run Behavior\BuildLiteBehavior [ RunTime:0.000055s ]
INFO: [ app_init ] --END-- [ RunTime:0.000334s ]
INFO: [ app_begin ] --START--
INFO: Run Behavior\ReadHtmlCacheBehavior [ RunTime:0.001211s ]
INFO: [ app_begin ] --END-- [ RunTime:0.001469s ]
INFO: [ view_parse ] --START--
INFO: [ template_filter ] --START--
INFO: Run Behavior\ContentReplaceBehavior [ RunTime:0.000104s ]
INFO: [ template_filter ] --END-- [ RunTime:0.000369s ]
INFO: Run Behavior\ParseTemplateBehavior [ RunTime:0.011076s ]
INFO: [ view_parse ] --END-- [ RunTime:0.011405s ]
INFO: [ view_filter ] --START--
INFO: Run Behavior\WriteHtmlCacheBehavior [ RunTime:0.000734s ]
INFO: [ view_filter ] --END-- [ RunTime:0.001344s ]
INFO: [ app_end ] --START--
INFO: Run Behavior\ShowPageTraceBehavior [ RunTime:0.001225s ]
INFO: [ app_end ] --END-- [ RunTime:0.001483s ]

[ 2015-01-29T14:17:37+08:00 ] 127.0.0.1 /home
INFO: [ app_init ] --START--
INFO: Run Behavior\BuildLiteBehavior [ RunTime:0.000063s ]
INFO: [ app_init ] --END-- [ RunTime:0.000607s ]
INFO: [ app_begin ] --START--
INFO: Run Behavior\ReadHtmlCacheBehavior [ RunTime:0.000560s ]
INFO: [ app_begin ] --END-- [ RunTime:0.000864s ]
INFO: [ view_parse ] --START--
INFO: Run Behavior\ParseTemplateBehavior [ RunTime:0.000946s ]
INFO: [ view_parse ] --END-- [ RunTime:0.001275s ]
INFO: [ view_filter ] --START--
INFO: Run Behavior\WriteHtmlCacheBehavior [ RunTime:0.000486s ]
INFO: [ view_filter ] --END-- [ RunTime:0.000900s ]
INFO: [ app_end ] --START--
INFO: Run Behavior\ShowPageTraceBehavior [ RunTime:0.000664s ]
INFO: [ app_end ] --END-- [ RunTime:0.000956s ]

[ 2015-01-29T14:17:43+08:00 ] 127.0.0.1 /home/index
INFO: [ app_init ] --START--
INFO: Run Behavior\BuildLiteBehavior [ RunTime:0.000054s ]
INFO: [ app_init ] --END-- [ RunTime:0.000421s ]
INFO: [ app_begin ] --START--
INFO: Run Behavior\ReadHtmlCacheBehavior [ RunTime:0.000275s ]
INFO: [ app_begin ] --END-- [ RunTime:0.000501s ]
INFO: [ view_parse ] --START--
INFO: Run Behavior\ParseTemplateBehavior [ RunTime:0.000398s ]
INFO: [ view_parse ] --END-- [ RunTime:0.000645s ]
INFO: [ view_filter ] --START--
INFO: Run Behavior\WriteHtmlCacheBehavior [ RunTime:0.000240s ]
INFO: [ view_filter ] --END-- [ RunTime:0.000458s ]
INFO: [ app_end ] --START--
INFO: Run Behavior\ShowPageTraceBehavior [ RunTime:0.000234s ]
INFO: [ app_end ] --END-- [ RunTime:0.000466s ]

[ 2015-01-29T14:17:58+08:00 ] 127.0.0.1 /home/add
INFO: [ app_init ] --START--
INFO: Run Behavior\BuildLiteBehavior [ RunTime:0.000083s ]
INFO: [ app_init ] --END-- [ RunTime:0.000672s ]
INFO: [ app_begin ] --START--
INFO: Run Behavior\ReadHtmlCacheBehavior [ RunTime:0.000399s ]
INFO: [ app_begin ] --END-- [ RunTime:0.000776s ]
ERR: 无法加载控制器:Add

[ 2015-01-29T14:17:58+08:00 ] 127.0.0.1 /home/add
INFO: [ app_init ] --START--
INFO: Run Behavior\BuildLiteBehavior [ RunTime:0.000053s ]
INFO: [ app_init ] --END-- [ RunTime:0.000425s ]
INFO: [ app_begin ] --START--
INFO: Run Behavior\ReadHtmlCacheBehavior [ RunTime:0.000255s ]
INFO: [ app_begin ] --END-- [ RunTime:0.000492s ]
ERR: 无法加载控制器:Add

[ 2015-01-29T14:24:07+08:00 ] 127.0.0.1 /
INFO: [ app_init ] --START--
INFO: Run Behavior\BuildLiteBehavior [ RunTime:0.000102s ]
INFO: [ app_init ] --END-- [ RunTime:0.000802s ]
INFO: [ app_begin ] --START--
INFO: Run Behavior\ReadHtmlCacheBehavior [ RunTime:0.000456s ]
INFO: [ app_begin ] --END-- [ RunTime:0.000695s ]
INFO: [ view_parse ] --START--
INFO: Run Behavior\ParseTemplateBehavior [ RunTime:0.000598s ]
INFO: [ view_parse ] --END-- [ RunTime:0.000855s ]
INFO: [ view_filter ] --START--
INFO: Run Behavior\WriteHtmlCacheBehavior [ RunTime:0.000384s ]
INFO: [ view_filter ] --END-- [ RunTime:0.000607s ]
INFO: [ app_end ] --START--
INFO: Run Behavior\ShowPageTraceBehavior [ RunTime:0.000387s ]
INFO: [ app_end ] --END-- [ RunTime:0.000605s ]

[ 2015-01-29T14:30:55+08:00 ] 127.0.0.1 /
INFO: [ app_init ] --START--
INFO: Run Behavior\BuildLiteBehavior [ RunTime:0.000067s ]
INFO: [ app_init ] --END-- [ RunTime:0.000750s ]
INFO: [ app_begin ] --START--
INFO: Run Behavior\ReadHtmlCacheBehavior [ RunTime:0.000559s ]
INFO: [ app_begin ] --END-- [ RunTime:0.000878s ]
INFO: [ view_parse ] --START--
INFO: Run Behavior\ParseTemplateBehavior [ RunTime:0.000791s ]
INFO: [ view_parse ] --END-- [ RunTime:0.001126s ]
INFO: [ view_filter ] --START--
INFO: Run Behavior\WriteHtmlCacheBehavior [ RunTime:0.000701s ]
INFO: [ view_filter ] --END-- [ RunTime:0.001015s ]
INFO: [ app_end ] --START--
INFO: Run Behavior\ShowPageTraceBehavior [ RunTime:0.000716s ]
INFO: [ app_end ] --END-- [ RunTime:0.001021s ]

[ 2015-01-29T14:30:56+08:00 ] 127.0.0.1 /
INFO: [ app_init ] --START--
INFO: Run Behavior\BuildLiteBehavior [ RunTime:0.000370s ]
INFO: [ app_init ] --END-- [ RunTime:0.001648s ]
INFO: [ app_begin ] --START--
INFO: Run Behavior\ReadHtmlCacheBehavior [ RunTime:0.000955s ]
INFO: [ app_begin ] --END-- [ RunTime:0.002440s ]
INFO: [ view_parse ] --START--
INFO: Run Behavior\ParseTemplateBehavior [ RunTime:0.000493s ]
INFO: [ view_parse ] --END-- [ RunTime:0.000824s ]
INFO: [ view_filter ] --START--
INFO: Run Behavior\WriteHtmlCacheBehavior [ RunTime:0.000307s ]
INFO: [ view_filter ] --END-- [ RunTime:0.000599s ]
INFO: [ app_end ] --START--
INFO: Run Behavior\ShowPageTraceBehavior [ RunTime:0.000302s ]
INFO: [ app_end ] --END-- [ RunTime:0.000585s ]

[ 2015-01-29T14:30:56+08:00 ] 127.0.0.1 /
INFO: [ app_init ] --START--
INFO: Run Behavior\BuildLiteBehavior [ RunTime:0.000178s ]
INFO: [ app_init ] --END-- [ RunTime:0.001521s ]
INFO: [ app_begin ] --START--
INFO: Run Behavior\ReadHtmlCacheBehavior [ RunTime:0.000316s ]
INFO: [ app_begin ] --END-- [ RunTime:0.000613s ]
INFO: [ view_parse ] --START--
INFO: Run Behavior\ParseTemplateBehavior [ RunTime:0.000506s ]
INFO: [ view_parse ] --END-- [ RunTime:0.000870s ]
INFO: [ view_filter ] --START--
INFO: Run Behavior\WriteHtmlCacheBehavior [ RunTime:0.000314s ]
INFO: [ view_filter ] --END-- [ RunTime:0.000602s ]
INFO: [ app_end ] --START--
INFO: Run Behavior\ShowPageTraceBehavior [ RunTime:0.000302s ]
INFO: [ app_end ] --END-- [ RunTime:0.000579s ]

[ 2015-01-29T14:30:57+08:00 ] 127.0.0.1 /
INFO: [ app_init ] --START--
INFO: Run Behavior\BuildLiteBehavior [ RunTime:0.000079s ]
INFO: [ app_init ] --END-- [ RunTime:0.000669s ]
INFO: [ app_begin ] --START--
INFO: Run Behavior\ReadHtmlCacheBehavior [ RunTime:0.000401s ]
INFO: [ app_begin ] --END-- [ RunTime:0.000774s ]
INFO: [ view_parse ] --START--
INFO: Run Behavior\ParseTemplateBehavior [ RunTime:0.000760s ]
INFO: [ view_parse ] --END-- [ RunTime:0.001183s ]
INFO: [ view_filter ] --START--
INFO: Run Behavior\WriteHtmlCacheBehavior [ RunTime:0.000396s ]
INFO: [ view_filter ] --END-- [ RunTime:0.000766s ]
INFO: [ app_end ] --START--
INFO: Run Behavior\ShowPageTraceBehavior [ RunTime:0.000504s ]
INFO: [ app_end ] --END-- [ RunTime:0.001312s ]

[ 2015-01-29T14:30:57+08:00 ] 127.0.0.1 /
INFO: [ app_init ] --START--
INFO: Run Behavior\BuildLiteBehavior [ RunTime:0.000086s ]
INFO: [ app_init ] --END-- [ RunTime:0.000775s ]
INFO: [ app_begin ] --START--
INFO: Run Behavior\ReadHtmlCacheBehavior [ RunTime:0.000497s ]
INFO: [ app_begin ] --END-- [ RunTime:0.001149s ]
INFO: [ view_parse ] --START--
INFO: Run Behavior\ParseTemplateBehavior [ RunTime:0.000627s ]
INFO: [ view_parse ] --END-- [ RunTime:0.001037s ]
INFO: [ view_filter ] --START--
INFO: Run Behavior\WriteHtmlCacheBehavior [ RunTime:0.000500s ]
INFO: [ view_filter ] --END-- [ RunTime:0.000867s ]
INFO: [ app_end ] --START--
INFO: Run Behavior\ShowPageTraceBehavior [ RunTime:0.000386s ]
INFO: [ app_end ] --END-- [ RunTime:0.000754s ]

[ 2015-01-29T15:08:07+08:00 ] 127.0.0.1 /
INFO: [ app_init ] --START--
INFO: Run Behavior\BuildLiteBehavior [ RunTime:0.000053s ]
INFO: [ app_init ] --END-- [ RunTime:0.000689s ]
INFO: [ app_begin ] --START--
INFO: Run Behavior\ReadHtmlCacheBehavior [ RunTime:0.000794s ]
INFO: [ app_begin ] --END-- [ RunTime:0.001039s ]
INFO: [ view_parse ] --START--
INFO: Run Behavior\ParseTemplateBehavior [ RunTime:0.001193s ]
INFO: [ view_parse ] --END-- [ RunTime:0.001477s ]
INFO: [ view_filter ] --START--
INFO: Run Behavior\WriteHtmlCacheBehavior [ RunTime:0.001070s ]
INFO: [ view_filter ] --END-- [ RunTime:0.001336s ]
INFO: [ app_end ] --START--
INFO: Run Behavior\ShowPageTraceBehavior [ RunTime:0.000703s ]
INFO: [ app_end ] --END-- [ RunTime:0.000924s ]

[ 2015-01-29T15:38:23+08:00 ] 127.0.0.1 /
INFO: [ app_init ] --START--
INFO: Run Behavior\BuildLiteBehavior [ RunTime:0.000054s ]
INFO: [ app_init ] --END-- [ RunTime:0.000681s ]
INFO: [ app_begin ] --START--
INFO: Run Behavior\ReadHtmlCacheBehavior [ RunTime:0.000883s ]
INFO: [ app_begin ] --END-- [ RunTime:0.001155s ]
NOTIC: D方法实例化没找到模型类Home\Model\GoodsModel
ERR: SQLSTATE[42S02]: Base table or view not found: 1146 Table 'opensns.thinkox_goods' doesn't exist
NOTIC: [2] Cannot modify header information - headers already sent by (output started at D:\workspace\ThinkPHP\ThinkPHP\Library\Think\Db\Driver.class.php:169) D:\workspace\ThinkPHP\ThinkPHP\Library\Think\Think.class.php 第 229 行.
NOTIC: [2] Cannot modify header information - headers already sent by (output started at D:\workspace\ThinkPHP\ThinkPHP\Library\Think\Db\Driver.class.php:169) D:\workspace\ThinkPHP\ThinkPHP\Library\Think\Think.class.php 第 230 行.

[ 2015-01-29T15:38:23+08:00 ] 127.0.0.1 /
INFO: [ app_init ] --START--
INFO: Run Behavior\BuildLiteBehavior [ RunTime:0.000054s ]
INFO: [ app_init ] --END-- [ RunTime:0.000485s ]
INFO: [ app_begin ] --START--
INFO: Run Behavior\ReadHtmlCacheBehavior [ RunTime:0.000653s ]
INFO: [ app_begin ] --END-- [ RunTime:0.000898s ]
NOTIC: D方法实例化没找到模型类Home\Model\GoodsModel
ERR: SQLSTATE[42S02]: Base table or view not found: 1146 Table 'opensns.thinkox_goods' doesn't exist
NOTIC: [2] Cannot modify header information - headers already sent by (output started at D:\workspace\ThinkPHP\ThinkPHP\Library\Think\Db\Driver.class.php:169) D:\workspace\ThinkPHP\ThinkPHP\Library\Think\Think.class.php 第 229 行.
NOTIC: [2] Cannot modify header information - headers already sent by (output started at D:\workspace\ThinkPHP\ThinkPHP\Library\Think\Db\Driver.class.php:169) D:\workspace\ThinkPHP\ThinkPHP\Library\Think\Think.class.php 第 230 行.

[ 2015-01-29T15:38:58+08:00 ] 127.0.0.1 /
INFO: [ app_init ] --START--
INFO: Run Behavior\BuildLiteBehavior [ RunTime:0.000066s ]
INFO: [ app_init ] --END-- [ RunTime:0.000610s ]
INFO: [ app_begin ] --START--
INFO: Run Behavior\ReadHtmlCacheBehavior [ RunTime:0.000919s ]
INFO: [ app_begin ] --END-- [ RunTime:0.001224s ]
NOTIC: D方法实例化没找到模型类Home\Model\GoodsModel
ERR: SQLSTATE[42S02]: Base table or view not found: 1146 Table 'opensns.thinkox_goods' doesn't exist
NOTIC: [2] Cannot modify header information - headers already sent by (output started at D:\workspace\ThinkPHP\ThinkPHP\Library\Think\Db\Driver.class.php:169) D:\workspace\ThinkPHP\ThinkPHP\Library\Think\Think.class.php 第 229 行.
NOTIC: [2] Cannot modify header information - headers already sent by (output started at D:\workspace\ThinkPHP\ThinkPHP\Library\Think\Db\Driver.class.php:169) D:\workspace\ThinkPHP\ThinkPHP\Library\Think\Think.class.php 第 230 行.

[ 2015-01-29T15:38:58+08:00 ] 127.0.0.1 /
INFO: [ app_init ] --START--
INFO: Run Behavior\BuildLiteBehavior [ RunTime:0.000054s ]
INFO: [ app_init ] --END-- [ RunTime:0.000473s ]
INFO: [ app_begin ] --START--
INFO: Run Behavior\ReadHtmlCacheBehavior [ RunTime:0.001378s ]
INFO: [ app_begin ] --END-- [ RunTime:0.001636s ]
NOTIC: D方法实例化没找到模型类Home\Model\GoodsModel
ERR: SQLSTATE[42S02]: Base table or view not found: 1146 Table 'opensns.thinkox_goods' doesn't exist
NOTIC: [2] Cannot modify header information - headers already sent by (output started at D:\workspace\ThinkPHP\ThinkPHP\Library\Think\Db\Driver.class.php:169) D:\workspace\ThinkPHP\ThinkPHP\Library\Think\Think.class.php 第 229 行.
NOTIC: [2] Cannot modify header information - headers already sent by (output started at D:\workspace\ThinkPHP\ThinkPHP\Library\Think\Db\Driver.class.php:169) D:\workspace\ThinkPHP\ThinkPHP\Library\Think\Think.class.php 第 230 行.

[ 2015-01-29T15:40:08+08:00 ] 127.0.0.1 /
INFO: [ app_init ] --START--
INFO: Run Behavior\BuildLiteBehavior [ RunTime:0.000051s ]
INFO: [ app_init ] --END-- [ RunTime:0.000496s ]
INFO: [ app_begin ] --START--
INFO: Run Behavior\ReadHtmlCacheBehavior [ RunTime:0.000660s ]
INFO: [ app_begin ] --END-- [ RunTime:0.000891s ]
NOTIC: D方法实例化没找到模型类Home\Model\GoodsModel
ERR: SQLSTATE[42S02]: Base table or view not found: 1146 Table 'opensns.thinkox_goods' doesn't exist
NOTIC: [2] Cannot modify header information - headers already sent by (output started at D:\workspace\ThinkPHP\ThinkPHP\Library\Think\Db\Driver.class.php:169) D:\workspace\ThinkPHP\ThinkPHP\Library\Think\Think.class.php 第 229 行.
NOTIC: [2] Cannot modify header information - headers already sent by (output started at D:\workspace\ThinkPHP\ThinkPHP\Library\Think\Db\Driver.class.php:169) D:\workspace\ThinkPHP\ThinkPHP\Library\Think\Think.class.php 第 230 行.

[ 2015-01-29T15:40:08+08:00 ] 127.0.0.1 /
INFO: [ app_init ] --START--
INFO: Run Behavior\BuildLiteBehavior [ RunTime:0.000055s ]
INFO: [ app_init ] --END-- [ RunTime:0.000510s ]
INFO: [ app_begin ] --START--
INFO: Run Behavior\ReadHtmlCacheBehavior [ RunTime:0.000933s ]
INFO: [ app_begin ] --END-- [ RunTime:0.001173s ]
NOTIC: D方法实例化没找到模型类Home\Model\GoodsModel
ERR: SQLSTATE[42S02]: Base table or view not found: 1146 Table 'opensns.thinkox_goods' doesn't exist
NOTIC: [2] Cannot modify header information - headers already sent by (output started at D:\workspace\ThinkPHP\ThinkPHP\Library\Think\Db\Driver.class.php:169) D:\workspace\ThinkPHP\ThinkPHP\Library\Think\Think.class.php 第 229 行.
NOTIC: [2] Cannot modify header information - headers already sent by (output started at D:\workspace\ThinkPHP\ThinkPHP\Library\Think\Db\Driver.class.php:169) D:\workspace\ThinkPHP\ThinkPHP\Library\Think\Think.class.php 第 230 行.

[ 2015-01-29T15:40:09+08:00 ] 127.0.0.1 /
INFO: [ app_init ] --START--
INFO: Run Behavior\BuildLiteBehavior [ RunTime:0.000084s ]
INFO: [ app_init ] --END-- [ RunTime:0.000810s ]
INFO: [ app_begin ] --START--
INFO: Run Behavior\ReadHtmlCacheBehavior [ RunTime:0.001089s ]
INFO: [ app_begin ] --END-- [ RunTime:0.001470s ]
NOTIC: D方法实例化没找到模型类Home\Model\GoodsModel
ERR: SQLSTATE[42S02]: Base table or view not found: 1146 Table 'opensns.thinkox_goods' doesn't exist
NOTIC: [2] Cannot modify header information - headers already sent by (output started at D:\workspace\ThinkPHP\ThinkPHP\Library\Think\Db\Driver.class.php:169) D:\workspace\ThinkPHP\ThinkPHP\Library\Think\Think.class.php 第 229 行.
NOTIC: [2] Cannot modify header information - headers already sent by (output started at D:\workspace\ThinkPHP\ThinkPHP\Library\Think\Db\Driver.class.php:169) D:\workspace\ThinkPHP\ThinkPHP\Library\Think\Think.class.php 第 230 行.

[ 2015-01-29T15:40:09+08:00 ] 127.0.0.1 /
INFO: [ app_init ] --START--
INFO: Run Behavior\BuildLiteBehavior [ RunTime:0.000094s ]
INFO: [ app_init ] --END-- [ RunTime:0.000646s ]
INFO: [ app_begin ] --START--
INFO: Run Behavior\ReadHtmlCacheBehavior [ RunTime:0.000662s ]
INFO: [ app_begin ] --END-- [ RunTime:0.000895s ]
NOTIC: D方法实例化没找到模型类Home\Model\GoodsModel
ERR: SQLSTATE[42S02]: Base table or view not found: 1146 Table 'opensns.thinkox_goods' doesn't exist
NOTIC: [2] Cannot modify header information - headers already sent by (output started at D:\workspace\ThinkPHP\ThinkPHP\Library\Think\Db\Driver.class.php:169) D:\workspace\ThinkPHP\ThinkPHP\Library\Think\Think.class.php 第 229 行.
NOTIC: [2] Cannot modify header information - headers already sent by (output started at D:\workspace\ThinkPHP\ThinkPHP\Library\Think\Db\Driver.class.php:169) D:\workspace\ThinkPHP\ThinkPHP\Library\Think\Think.class.php 第 230 行.

[ 2015-01-29T15:40:09+08:00 ] 127.0.0.1 /
INFO: [ app_init ] --START--
INFO: Run Behavior\BuildLiteBehavior [ RunTime:0.000060s ]
INFO: [ app_init ] --END-- [ RunTime:0.000647s ]
INFO: [ app_begin ] --START--
INFO: Run Behavior\ReadHtmlCacheBehavior [ RunTime:0.000651s ]
INFO: [ app_begin ] --END-- [ RunTime:0.000881s ]
NOTIC: D方法实例化没找到模型类Home\Model\GoodsModel
ERR: SQLSTATE[42S02]: Base table or view not found: 1146 Table 'opensns.thinkox_goods' doesn't exist
NOTIC: [2] Cannot modify header information - headers already sent by (output started at D:\workspace\ThinkPHP\ThinkPHP\Library\Think\Db\Driver.class.php:169) D:\workspace\ThinkPHP\ThinkPHP\Library\Think\Think.class.php 第 229 行.
NOTIC: [2] Cannot modify header information - headers already sent by (output started at D:\workspace\ThinkPHP\ThinkPHP\Library\Think\Db\Driver.class.php:169) D:\workspace\ThinkPHP\ThinkPHP\Library\Think\Think.class.php 第 230 行.

[ 2015-01-29T15:40:09+08:00 ] 127.0.0.1 /
INFO: [ app_init ] --START--
INFO: Run Behavior\BuildLiteBehavior [ RunTime:0.000054s ]
INFO: [ app_init ] --END-- [ RunTime:0.000481s ]
INFO: [ app_begin ] --START--
INFO: Run Behavior\ReadHtmlCacheBehavior [ RunTime:0.000653s ]
INFO: [ app_begin ] --END-- [ RunTime:0.001089s ]
NOTIC: D方法实例化没找到模型类Home\Model\GoodsModel
ERR: SQLSTATE[42S02]: Base table or view not found: 1146 Table 'opensns.thinkox_goods' doesn't exist
NOTIC: [2] Cannot modify header information - headers already sent by (output started at D:\workspace\ThinkPHP\ThinkPHP\Library\Think\Db\Driver.class.php:169) D:\workspace\ThinkPHP\ThinkPHP\Library\Think\Think.class.php 第 229 行.
NOTIC: [2] Cannot modify header information - headers already sent by (output started at D:\workspace\ThinkPHP\ThinkPHP\Library\Think\Db\Driver.class.php:169) D:\workspace\ThinkPHP\ThinkPHP\Library\Think\Think.class.php 第 230 行.

[ 2015-01-29T15:41:21+08:00 ] 127.0.0.1 /
INFO: [ app_init ] --START--
INFO: Run Behavior\BuildLiteBehavior [ RunTime:0.000082s ]
INFO: [ app_init ] --END-- [ RunTime:0.000767s ]
INFO: [ app_begin ] --START--
INFO: Run Behavior\ReadHtmlCacheBehavior [ RunTime:0.001143s ]
INFO: [ app_begin ] --END-- [ RunTime:0.001526s ]
NOTIC: D方法实例化没找到模型类Home\Model\GoodsModel
ERR: SQLSTATE[42S02]: Base table or view not found: 1146 Table 'opensns.thinkox_goods' doesn't exist
NOTIC: [2] Cannot modify header information - headers already sent by (output started at D:\workspace\ThinkPHP\ThinkPHP\Library\Think\Db\Driver.class.php:169) D:\workspace\ThinkPHP\ThinkPHP\Library\Think\Think.class.php 第 229 行.
NOTIC: [2] Cannot modify header information - headers already sent by (output started at D:\workspace\ThinkPHP\ThinkPHP\Library\Think\Db\Driver.class.php:169) D:\workspace\ThinkPHP\ThinkPHP\Library\Think\Think.class.php 第 230 行.

[ 2015-01-29T15:41:21+08:00 ] 127.0.0.1 /
INFO: [ app_init ] --START--
INFO: Run Behavior\BuildLiteBehavior [ RunTime:0.000054s ]
INFO: [ app_init ] --END-- [ RunTime:0.000481s ]
INFO: [ app_begin ] --START--
INFO: Run Behavior\ReadHtmlCacheBehavior [ RunTime:0.000663s ]
INFO: [ app_begin ] --END-- [ RunTime:0.000895s ]
NOTIC: D方法实例化没找到模型类Home\Model\GoodsModel
ERR: SQLSTATE[42S02]: Base table or view not found: 1146 Table 'opensns.thinkox_goods' doesn't exist
NOTIC: [2] Cannot modify header information - headers already sent by (output started at D:\workspace\ThinkPHP\ThinkPHP\Library\Think\Db\Driver.class.php:169) D:\workspace\ThinkPHP\ThinkPHP\Library\Think\Think.class.php 第 229 行.
NOTIC: [2] Cannot modify header information - headers already sent by (output started at D:\workspace\ThinkPHP\ThinkPHP\Library\Think\Db\Driver.class.php:169) D:\workspace\ThinkPHP\ThinkPHP\Library\Think\Think.class.php 第 230 行.

[ 2015-01-29T15:41:23+08:00 ] 127.0.0.1 /
INFO: [ app_init ] --START--
INFO: Run Behavior\BuildLiteBehavior [ RunTime:0.000067s ]
INFO: [ app_init ] --END-- [ RunTime:0.000610s ]
INFO: [ app_begin ] --START--
INFO: Run Behavior\ReadHtmlCacheBehavior [ RunTime:0.000846s ]
INFO: [ app_begin ] --END-- [ RunTime:0.001141s ]
NOTIC: D方法实例化没找到模型类Home\Model\GoodsModel
ERR: SQLSTATE[42S02]: Base table or view not found: 1146 Table 'opensns.thinkox_goods' doesn't exist
NOTIC: [2] Cannot modify header information - headers already sent by (output started at D:\workspace\ThinkPHP\ThinkPHP\Library\Think\Db\Driver.class.php:169) D:\workspace\ThinkPHP\ThinkPHP\Library\Think\Think.class.php 第 229 行.
NOTIC: [2] Cannot modify header information - headers already sent by (output started at D:\workspace\ThinkPHP\ThinkPHP\Library\Think\Db\Driver.class.php:169) D:\workspace\ThinkPHP\ThinkPHP\Library\Think\Think.class.php 第 230 行.

[ 2015-01-29T15:41:24+08:00 ] 127.0.0.1 /
INFO: [ app_init ] --START--
INFO: Run Behavior\BuildLiteBehavior [ RunTime:0.000065s ]
INFO: [ app_init ] --END-- [ RunTime:0.000639s ]
INFO: [ app_begin ] --START--
INFO: Run Behavior\ReadHtmlCacheBehavior [ RunTime:0.000654s ]
INFO: [ app_begin ] --END-- [ RunTime:0.000909s ]
NOTIC: D方法实例化没找到模型类Home\Model\GoodsModel
ERR: SQLSTATE[42S02]: Base table or view not found: 1146 Table 'opensns.thinkox_goods' doesn't exist
NOTIC: [2] Cannot modify header information - headers already sent by (output started at D:\workspace\ThinkPHP\ThinkPHP\Library\Think\Db\Driver.class.php:169) D:\workspace\ThinkPHP\ThinkPHP\Library\Think\Think.class.php 第 229 行.
NOTIC: [2] Cannot modify header information - headers already sent by (output started at D:\workspace\ThinkPHP\ThinkPHP\Library\Think\Db\Driver.class.php:169) D:\workspace\ThinkPHP\ThinkPHP\Library\Think\Think.class.php 第 230 行.

[ 2015-01-29T15:41:24+08:00 ] 127.0.0.1 /
INFO: [ app_init ] --START--
INFO: Run Behavior\BuildLiteBehavior [ RunTime:0.000086s ]
INFO: [ app_init ] --END-- [ RunTime:0.000772s ]
INFO: [ app_begin ] --START--
INFO: Run Behavior\ReadHtmlCacheBehavior [ RunTime:0.001095s ]
INFO: [ app_begin ] --END-- [ RunTime:0.001503s ]
NOTIC: D方法实例化没找到模型类Home\Model\GoodsModel
ERR: SQLSTATE[42S02]: Base table or view not found: 1146 Table 'opensns.thinkox_goods' doesn't exist
NOTIC: [2] Cannot modify header information - headers already sent by (output started at D:\workspace\ThinkPHP\ThinkPHP\Library\Think\Db\Driver.class.php:169) D:\workspace\ThinkPHP\ThinkPHP\Library\Think\Think.class.php 第 229 行.
NOTIC: [2] Cannot modify header information - headers already sent by (output started at D:\workspace\ThinkPHP\ThinkPHP\Library\Think\Db\Driver.class.php:169) D:\workspace\ThinkPHP\ThinkPHP\Library\Think\Think.class.php 第 230 行.

[ 2015-01-29T15:41:24+08:00 ] 127.0.0.1 /
INFO: [ app_init ] --START--
INFO: Run Behavior\BuildLiteBehavior [ RunTime:0.000054s ]
INFO: [ app_init ] --END-- [ RunTime:0.000474s ]
INFO: [ app_begin ] --START--
INFO: Run Behavior\ReadHtmlCacheBehavior [ RunTime:0.000667s ]
INFO: [ app_begin ] --END-- [ RunTime:0.000903s ]
NOTIC: D方法实例化没找到模型类Home\Model\GoodsModel
ERR: SQLSTATE[42S02]: Base table or view not found: 1146 Table 'opensns.thinkox_goods' doesn't exist
NOTIC: [2] Cannot modify header information - headers already sent by (output started at D:\workspace\ThinkPHP\ThinkPHP\Library\Think\Db\Driver.class.php:169) D:\workspace\ThinkPHP\ThinkPHP\Library\Think\Think.class.php 第 229 行.
NOTIC: [2] Cannot modify header information - headers already sent by (output started at D:\workspace\ThinkPHP\ThinkPHP\Library\Think\Db\Driver.class.php:169) D:\workspace\ThinkPHP\ThinkPHP\Library\Think\Think.class.php 第 230 行.

[ 2015-01-29T15:41:24+08:00 ] 127.0.0.1 /
INFO: [ app_init ] --START--
INFO: Run Behavior\BuildLiteBehavior [ RunTime:0.000052s ]
INFO: [ app_init ] --END-- [ RunTime:0.000466s ]
INFO: [ app_begin ] --START--
INFO: Run Behavior\ReadHtmlCacheBehavior [ RunTime:0.000644s ]
INFO: [ app_begin ] --END-- [ RunTime:0.000873s ]
NOTIC: D方法实例化没找到模型类Home\Model\GoodsModel
ERR: SQLSTATE[42S02]: Base table or view not found: 1146 Table 'opensns.thinkox_goods' doesn't exist
NOTIC: [2] Cannot modify header information - headers already sent by (output started at D:\workspace\ThinkPHP\ThinkPHP\Library\Think\Db\Driver.class.php:169) D:\workspace\ThinkPHP\ThinkPHP\Library\Think\Think.class.php 第 229 行.
NOTIC: [2] Cannot modify header information - headers already sent by (output started at D:\workspace\ThinkPHP\ThinkPHP\Library\Think\Db\Driver.class.php:169) D:\workspace\ThinkPHP\ThinkPHP\Library\Think\Think.class.php 第 230 行.

[ 2015-01-29T15:41:24+08:00 ] 127.0.0.1 /
INFO: [ app_init ] --START--
INFO: Run Behavior\BuildLiteBehavior [ RunTime:0.000054s ]
INFO: [ app_init ] --END-- [ RunTime:0.000494s ]
INFO: [ app_begin ] --START--
INFO: Run Behavior\ReadHtmlCacheBehavior [ RunTime:0.001091s ]
INFO: [ app_begin ] --END-- [ RunTime:0.001391s ]
NOTIC: D方法实例化没找到模型类Home\Model\GoodsModel
ERR: SQLSTATE[42S02]: Base table or view not found: 1146 Table 'opensns.thinkox_goods' doesn't exist
NOTIC: [2] Cannot modify header information - headers already sent by (output started at D:\workspace\ThinkPHP\ThinkPHP\Library\Think\Db\Driver.class.php:169) D:\workspace\ThinkPHP\ThinkPHP\Library\Think\Think.class.php 第 229 行.
NOTIC: [2] Cannot modify header information - headers already sent by (output started at D:\workspace\ThinkPHP\ThinkPHP\Library\Think\Db\Driver.class.php:169) D:\workspace\ThinkPHP\ThinkPHP\Library\Think\Think.class.php 第 230 行.

[ 2015-01-29T15:41:24+08:00 ] 127.0.0.1 /
INFO: [ app_init ] --START--
INFO: Run Behavior\BuildLiteBehavior [ RunTime:0.000055s ]
INFO: [ app_init ] --END-- [ RunTime:0.000496s ]
INFO: [ app_begin ] --START--
INFO: Run Behavior\ReadHtmlCacheBehavior [ RunTime:0.000676s ]
INFO: [ app_begin ] --END-- [ RunTime:0.000920s ]
NOTIC: D方法实例化没找到模型类Home\Model\GoodsModel
ERR: SQLSTATE[42S02]: Base table or view not found: 1146 Table 'opensns.thinkox_goods' doesn't exist
NOTIC: [2] Cannot modify header information - headers already sent by (output started at D:\workspace\ThinkPHP\ThinkPHP\Library\Think\Db\Driver.class.php:169) D:\workspace\ThinkPHP\ThinkPHP\Library\Think\Think.class.php 第 229 行.
NOTIC: [2] Cannot modify header information - headers already sent by (output started at D:\workspace\ThinkPHP\ThinkPHP\Library\Think\Db\Driver.class.php:169) D:\workspace\ThinkPHP\ThinkPHP\Library\Think\Think.class.php 第 230 行.

[ 2015-01-29T15:41:25+08:00 ] 127.0.0.1 /
INFO: [ app_init ] --START--
INFO: Run Behavior\BuildLiteBehavior [ RunTime:0.000054s ]
INFO: [ app_init ] --END-- [ RunTime:0.000487s ]
INFO: [ app_begin ] --START--
INFO: Run Behavior\ReadHtmlCacheBehavior [ RunTime:0.000654s ]
INFO: [ app_begin ] --END-- [ RunTime:0.000897s ]
NOTIC: D方法实例化没找到模型类Home\Model\GoodsModel
ERR: SQLSTATE[42S02]: Base table or view not found: 1146 Table 'opensns.thinkox_goods' doesn't exist
NOTIC: [2] Cannot modify header information - headers already sent by (output started at D:\workspace\ThinkPHP\ThinkPHP\Library\Think\Db\Driver.class.php:169) D:\workspace\ThinkPHP\ThinkPHP\Library\Think\Think.class.php 第 229 行.
NOTIC: [2] Cannot modify header information - headers already sent by (output started at D:\workspace\ThinkPHP\ThinkPHP\Library\Think\Db\Driver.class.php:169) D:\workspace\ThinkPHP\ThinkPHP\Library\Think\Think.class.php 第 230 行.

[ 2015-01-29T15:41:25+08:00 ] 127.0.0.1 /
INFO: [ app_init ] --START--
INFO: Run Behavior\BuildLiteBehavior [ RunTime:0.000054s ]
INFO: [ app_init ] --END-- [ RunTime:0.000480s ]
INFO: [ app_begin ] --START--
INFO: Run Behavior\ReadHtmlCacheBehavior [ RunTime:0.000864s ]
INFO: [ app_begin ] --END-- [ RunTime:0.001868s ]
NOTIC: D方法实例化没找到模型类Home\Model\GoodsModel
ERR: SQLSTATE[42S02]: Base table or view not found: 1146 Table 'opensns.thinkox_goods' doesn't exist
NOTIC: [2] Cannot modify header information - headers already sent by (output started at D:\workspace\ThinkPHP\ThinkPHP\Library\Think\Db\Driver.class.php:169) D:\workspace\ThinkPHP\ThinkPHP\Library\Think\Think.class.php 第 229 行.
NOTIC: [2] Cannot modify header information - headers already sent by (output started at D:\workspace\ThinkPHP\ThinkPHP\Library\Think\Db\Driver.class.php:169) D:\workspace\ThinkPHP\ThinkPHP\Library\Think\Think.class.php 第 230 行.

[ 2015-01-29T15:41:25+08:00 ] 127.0.0.1 /
INFO: [ app_init ] --START--
INFO: Run Behavior\BuildLiteBehavior [ RunTime:0.000052s ]
INFO: [ app_init ] --END-- [ RunTime:0.000496s ]
INFO: [ app_begin ] --START--
INFO: Run Behavior\ReadHtmlCacheBehavior [ RunTime:0.000821s ]
INFO: [ app_begin ] --END-- [ RunTime:0.001257s ]
NOTIC: D方法实例化没找到模型类Home\Model\GoodsModel
ERR: SQLSTATE[42S02]: Base table or view not found: 1146 Table 'opensns.thinkox_goods' doesn't exist
NOTIC: [2] Cannot modify header information - headers already sent by (output started at D:\workspace\ThinkPHP\ThinkPHP\Library\Think\Db\Driver.class.php:169) D:\workspace\ThinkPHP\ThinkPHP\Library\Think\Think.class.php 第 229 行.
NOTIC: [2] Cannot modify header information - headers already sent by (output started at D:\workspace\ThinkPHP\ThinkPHP\Library\Think\Db\Driver.class.php:169) D:\workspace\ThinkPHP\ThinkPHP\Library\Think\Think.class.php 第 230 行.

[ 2015-01-29T15:41:25+08:00 ] 127.0.0.1 /
INFO: [ app_init ] --START--
INFO: Run Behavior\BuildLiteBehavior [ RunTime:0.000056s ]
INFO: [ app_init ] --END-- [ RunTime:0.000487s ]
INFO: [ app_begin ] --START--
INFO: Run Behavior\ReadHtmlCacheBehavior [ RunTime:0.000649s ]
INFO: [ app_begin ] --END-- [ RunTime:0.000899s ]
NOTIC: D方法实例化没找到模型类Home\Model\GoodsModel
ERR: SQLSTATE[42S02]: Base table or view not found: 1146 Table 'opensns.thinkox_goods' doesn't exist
NOTIC: [2] Cannot modify header information - headers already sent by (output started at D:\workspace\ThinkPHP\ThinkPHP\Library\Think\Db\Driver.class.php:169) D:\workspace\ThinkPHP\ThinkPHP\Library\Think\Think.class.php 第 229 行.
NOTIC: [2] Cannot modify header information - headers already sent by (output started at D:\workspace\ThinkPHP\ThinkPHP\Library\Think\Db\Driver.class.php:169) D:\workspace\ThinkPHP\ThinkPHP\Library\Think\Think.class.php 第 230 行.

[ 2015-01-29T15:41:25+08:00 ] 127.0.0.1 /
INFO: [ app_init ] --START--
INFO: Run Behavior\BuildLiteBehavior [ RunTime:0.000053s ]
INFO: [ app_init ] --END-- [ RunTime:0.000476s ]
INFO: [ app_begin ] --START--
INFO: Run Behavior\ReadHtmlCacheBehavior [ RunTime:0.000660s ]
INFO: [ app_begin ] --END-- [ RunTime:0.000906s ]
NOTIC: D方法实例化没找到模型类Home\Model\GoodsModel
ERR: SQLSTATE[42S02]: Base table or view not found: 1146 Table 'opensns.thinkox_goods' doesn't exist
NOTIC: [2] Cannot modify header information - headers already sent by (output started at D:\workspace\ThinkPHP\ThinkPHP\Library\Think\Db\Driver.class.php:169) D:\workspace\ThinkPHP\ThinkPHP\Library\Think\Think.class.php 第 229 行.
NOTIC: [2] Cannot modify header information - headers already sent by (output started at D:\workspace\ThinkPHP\ThinkPHP\Library\Think\Db\Driver.class.php:169) D:\workspace\ThinkPHP\ThinkPHP\Library\Think\Think.class.php 第 230 行.

[ 2015-01-29T15:41:25+08:00 ] 127.0.0.1 /
INFO: [ app_init ] --START--
INFO: Run Behavior\BuildLiteBehavior [ RunTime:0.000065s ]
INFO: [ app_init ] --END-- [ RunTime:0.000901s ]
INFO: [ app_begin ] --START--
INFO: Run Behavior\ReadHtmlCacheBehavior [ RunTime:0.000446s ]
INFO: [ app_begin ] --END-- [ RunTime:0.000735s ]
NOTIC: D方法实例化没找到模型类Home\Model\GoodsModel
ERR: SQLSTATE[42S02]: Base table or view not found: 1146 Table 'opensns.thinkox_goods' doesn't exist
NOTIC: [2] Cannot modify header information - headers already sent by (output started at D:\workspace\ThinkPHP\ThinkPHP\Library\Think\Db\Driver.class.php:169) D:\workspace\ThinkPHP\ThinkPHP\Library\Think\Think.class.php 第 229 行.
NOTIC: [2] Cannot modify header information - headers already sent by (output started at D:\workspace\ThinkPHP\ThinkPHP\Library\Think\Db\Driver.class.php:169) D:\workspace\ThinkPHP\ThinkPHP\Library\Think\Think.class.php 第 230 行.

[ 2015-01-29T15:41:25+08:00 ] 127.0.0.1 /
INFO: [ app_init ] --START--
INFO: Run Behavior\BuildLiteBehavior [ RunTime:0.000058s ]
INFO: [ app_init ] --END-- [ RunTime:0.000450s ]
INFO: [ app_begin ] --START--
INFO: Run Behavior\ReadHtmlCacheBehavior [ RunTime:0.000257s ]
INFO: [ app_begin ] --END-- [ RunTime:0.000504s ]
NOTIC: D方法实例化没找到模型类Home\Model\GoodsModel
ERR: SQLSTATE[42S02]: Base table or view not found: 1146 Table 'opensns.thinkox_goods' doesn't exist
NOTIC: [2] Cannot modify header information - headers already sent by (output started at D:\workspace\ThinkPHP\ThinkPHP\Library\Think\Db\Driver.class.php:169) D:\workspace\ThinkPHP\ThinkPHP\Library\Think\Think.class.php 第 229 行.
NOTIC: [2] Cannot modify header information - headers already sent by (output started at D:\workspace\ThinkPHP\ThinkPHP\Library\Think\Db\Driver.class.php:169) D:\workspace\ThinkPHP\ThinkPHP\Library\Think\Think.class.php 第 230 行.

[ 2015-01-29T15:41:25+08:00 ] 127.0.0.1 /
INFO: [ app_init ] --START--
INFO: Run Behavior\BuildLiteBehavior [ RunTime:0.000059s ]
INFO: [ app_init ] --END-- [ RunTime:0.000450s ]
INFO: [ app_begin ] --START--
INFO: Run Behavior\ReadHtmlCacheBehavior [ RunTime:0.000257s ]
INFO: [ app_begin ] --END-- [ RunTime:0.000524s ]
NOTIC: D方法实例化没找到模型类Home\Model\GoodsModel
ERR: SQLSTATE[42S02]: Base table or view not found: 1146 Table 'opensns.thinkox_goods' doesn't exist
NOTIC: [2] Cannot modify header information - headers already sent by (output started at D:\workspace\ThinkPHP\ThinkPHP\Library\Think\Db\Driver.class.php:169) D:\workspace\ThinkPHP\ThinkPHP\Library\Think\Think.class.php 第 229 行.
NOTIC: [2] Cannot modify header information - headers already sent by (output started at D:\workspace\ThinkPHP\ThinkPHP\Library\Think\Db\Driver.class.php:169) D:\workspace\ThinkPHP\ThinkPHP\Library\Think\Think.class.php 第 230 行.

[ 2015-01-29T15:41:25+08:00 ] 127.0.0.1 /
INFO: [ app_init ] --START--
INFO: Run Behavior\BuildLiteBehavior [ RunTime:0.000077s ]
INFO: [ app_init ] --END-- [ RunTime:0.000751s ]
INFO: [ app_begin ] --START--
INFO: Run Behavior\ReadHtmlCacheBehavior [ RunTime:0.000478s ]
INFO: [ app_begin ] --END-- [ RunTime:0.000743s ]
NOTIC: D方法实例化没找到模型类Home\Model\GoodsModel
ERR: SQLSTATE[42S02]: Base table or view not found: 1146 Table 'opensns.thinkox_goods' doesn't exist
NOTIC: [2] Cannot modify header information - headers already sent by (output started at D:\workspace\ThinkPHP\ThinkPHP\Library\Think\Db\Driver.class.php:169) D:\workspace\ThinkPHP\ThinkPHP\Library\Think\Think.class.php 第 229 行.
NOTIC: [2] Cannot modify header information - headers already sent by (output started at D:\workspace\ThinkPHP\ThinkPHP\Library\Think\Db\Driver.class.php:169) D:\workspace\ThinkPHP\ThinkPHP\Library\Think\Think.class.php 第 230 行.

[ 2015-01-29T15:41:25+08:00 ] 127.0.0.1 /
INFO: [ app_init ] --START--
INFO: Run Behavior\BuildLiteBehavior [ RunTime:0.000056s ]
INFO: [ app_init ] --END-- [ RunTime:0.000459s ]
INFO: [ app_begin ] --START--
INFO: Run Behavior\ReadHtmlCacheBehavior [ RunTime:0.000279s ]
INFO: [ app_begin ] --END-- [ RunTime:0.000526s ]
NOTIC: D方法实例化没找到模型类Home\Model\GoodsModel
ERR: SQLSTATE[42S02]: Base table or view not found: 1146 Table 'opensns.thinkox_goods' doesn't exist
NOTIC: [2] Cannot modify header information - headers already sent by (output started at D:\workspace\ThinkPHP\ThinkPHP\Library\Think\Db\Driver.class.php:169) D:\workspace\ThinkPHP\ThinkPHP\Library\Think\Think.class.php 第 229 行.
NOTIC: [2] Cannot modify header information - headers already sent by (output started at D:\workspace\ThinkPHP\ThinkPHP\Library\Think\Db\Driver.class.php:169) D:\workspace\ThinkPHP\ThinkPHP\Library\Think\Think.class.php 第 230 行.

[ 2015-01-29T15:41:26+08:00 ] 127.0.0.1 /
INFO: [ app_init ] --START--
INFO: Run Behavior\BuildLiteBehavior [ RunTime:0.000059s ]
INFO: [ app_init ] --END-- [ RunTime:0.000447s ]
INFO: [ app_begin ] --START--
INFO: Run Behavior\ReadHtmlCacheBehavior [ RunTime:0.000261s ]
INFO: [ app_begin ] --END-- [ RunTime:0.000509s ]
NOTIC: D方法实例化没找到模型类Home\Model\GoodsModel
ERR: SQLSTATE[42S02]: Base table or view not found: 1146 Table 'opensns.thinkox_goods' doesn't exist
NOTIC: [2] Cannot modify header information - headers already sent by (output started at D:\workspace\ThinkPHP\ThinkPHP\Library\Think\Db\Driver.class.php:169) D:\workspace\ThinkPHP\ThinkPHP\Library\Think\Think.class.php 第 229 行.
NOTIC: [2] Cannot modify header information - headers already sent by (output started at D:\workspace\ThinkPHP\ThinkPHP\Library\Think\Db\Driver.class.php:169) D:\workspace\ThinkPHP\ThinkPHP\Library\Think\Think.class.php 第 230 行.

[ 2015-01-29T15:41:26+08:00 ] 127.0.0.1 /
INFO: [ app_init ] --START--
INFO: Run Behavior\BuildLiteBehavior [ RunTime:0.000078s ]
INFO: [ app_init ] --END-- [ RunTime:0.000470s ]
INFO: [ app_begin ] --START--
INFO: Run Behavior\ReadHtmlCacheBehavior [ RunTime:0.000261s ]
INFO: [ app_begin ] --END-- [ RunTime:0.000533s ]
NOTIC: D方法实例化没找到模型类Home\Model\GoodsModel
ERR: SQLSTATE[42S02]: Base table or view not found: 1146 Table 'opensns.thinkox_goods' doesn't exist
NOTIC: [2] Cannot modify header information - headers already sent by (output started at D:\workspace\ThinkPHP\ThinkPHP\Library\Think\Db\Driver.class.php:169) D:\workspace\ThinkPHP\ThinkPHP\Library\Think\Think.class.php 第 229 行.
NOTIC: [2] Cannot modify header information - headers already sent by (output started at D:\workspace\ThinkPHP\ThinkPHP\Library\Think\Db\Driver.class.php:169) D:\workspace\ThinkPHP\ThinkPHP\Library\Think\Think.class.php 第 230 行.

[ 2015-01-29T15:41:26+08:00 ] 127.0.0.1 /
INFO: [ app_init ] --START--
INFO: Run Behavior\BuildLiteBehavior [ RunTime:0.000058s ]
INFO: [ app_init ] --END-- [ RunTime:0.000454s ]
INFO: [ app_begin ] --START--
INFO: Run Behavior\ReadHtmlCacheBehavior [ RunTime:0.000281s ]
INFO: [ app_begin ] --END-- [ RunTime:0.000531s ]
NOTIC: D方法实例化没找到模型类Home\Model\GoodsModel
ERR: SQLSTATE[42S02]: Base table or view not found: 1146 Table 'opensns.thinkox_goods' doesn't exist
NOTIC: [2] Cannot modify header information - headers already sent by (output started at D:\workspace\ThinkPHP\ThinkPHP\Library\Think\Db\Driver.class.php:169) D:\workspace\ThinkPHP\ThinkPHP\Library\Think\Think.class.php 第 229 行.
NOTIC: [2] Cannot modify header information - headers already sent by (output started at D:\workspace\ThinkPHP\ThinkPHP\Library\Think\Db\Driver.class.php:169) D:\workspace\ThinkPHP\ThinkPHP\Library\Think\Think.class.php 第 230 行.

[ 2015-01-29T15:41:26+08:00 ] 127.0.0.1 /
INFO: [ app_init ] --START--
INFO: Run Behavior\BuildLiteBehavior [ RunTime:0.000057s ]
INFO: [ app_init ] --END-- [ RunTime:0.000450s ]
INFO: [ app_begin ] --START--
INFO: Run Behavior\ReadHtmlCacheBehavior [ RunTime:0.000336s ]
INFO: [ app_begin ] --END-- [ RunTime:0.000618s ]
NOTIC: D方法实例化没找到模型类Home\Model\GoodsModel
ERR: SQLSTATE[42S02]: Base table or view not found: 1146 Table 'opensns.thinkox_goods' doesn't exist
NOTIC: [2] Cannot modify header information - headers already sent by (output started at D:\workspace\ThinkPHP\ThinkPHP\Library\Think\Db\Driver.class.php:169) D:\workspace\ThinkPHP\ThinkPHP\Library\Think\Think.class.php 第 229 行.
NOTIC: [2] Cannot modify header information - headers already sent by (output started at D:\workspace\ThinkPHP\ThinkPHP\Library\Think\Db\Driver.class.php:169) D:\workspace\ThinkPHP\ThinkPHP\Library\Think\Think.class.php 第 230 行.

[ 2015-01-29T15:44:18+08:00 ] 127.0.0.1 /
INFO: [ app_init ] --START--
INFO: Run Behavior\BuildLiteBehavior [ RunTime:0.000098s ]
INFO: [ app_init ] --END-- [ RunTime:0.000999s ]
INFO: [ app_begin ] --START--
INFO: Run Behavior\ReadHtmlCacheBehavior [ RunTime:0.000903s ]
INFO: [ app_begin ] --END-- [ RunTime:0.001365s ]
ERR: SQLSTATE[42S02]: Base table or view not found: 1146 Table 'opensns.shop' doesn't exist
NOTIC: [2] Cannot modify header information - headers already sent by (output started at D:\workspace\ThinkPHP\ThinkPHP\Library\Think\Db\Driver.class.php:169) D:\workspace\ThinkPHP\ThinkPHP\Library\Think\Think.class.php 第 229 行.
NOTIC: [2] Cannot modify header information - headers already sent by (output started at D:\workspace\ThinkPHP\ThinkPHP\Library\Think\Db\Driver.class.php:169) D:\workspace\ThinkPHP\ThinkPHP\Library\Think\Think.class.php 第 230 行.

[ 2015-01-29T15:44:18+08:00 ] 127.0.0.1 /
INFO: [ app_init ] --START--
INFO: Run Behavior\BuildLiteBehavior [ RunTime:0.000057s ]
INFO: [ app_init ] --END-- [ RunTime:0.000451s ]
INFO: [ app_begin ] --START--
INFO: Run Behavior\ReadHtmlCacheBehavior [ RunTime:0.000259s ]
INFO: [ app_begin ] --END-- [ RunTime:0.000507s ]
ERR: SQLSTATE[42S02]: Base table or view not found: 1146 Table 'opensns.shop' doesn't exist
NOTIC: [2] Cannot modify header information - headers already sent by (output started at D:\workspace\ThinkPHP\ThinkPHP\Library\Think\Db\Driver.class.php:169) D:\workspace\ThinkPHP\ThinkPHP\Library\Think\Think.class.php 第 229 行.
NOTIC: [2] Cannot modify header information - headers already sent by (output started at D:\workspace\ThinkPHP\ThinkPHP\Library\Think\Db\Driver.class.php:169) D:\workspace\ThinkPHP\ThinkPHP\Library\Think\Think.class.php 第 230 行.

[ 2015-01-29T15:44:19+08:00 ] 127.0.0.1 /
INFO: [ app_init ] --START--
INFO: Run Behavior\BuildLiteBehavior [ RunTime:0.000092s ]
INFO: [ app_init ] --END-- [ RunTime:0.000727s ]
INFO: [ app_begin ] --START--
INFO: Run Behavior\ReadHtmlCacheBehavior [ RunTime:0.000521s ]
INFO: [ app_begin ] --END-- [ RunTime:0.000958s ]
ERR: SQLSTATE[42S02]: Base table or view not found: 1146 Table 'opensns.shop' doesn't exist
NOTIC: [2] Cannot modify header information - headers already sent by (output started at D:\workspace\ThinkPHP\ThinkPHP\Library\Think\Db\Driver.class.php:169) D:\workspace\ThinkPHP\ThinkPHP\Library\Think\Think.class.php 第 229 行.
NOTIC: [2] Cannot modify header information - headers already sent by (output started at D:\workspace\ThinkPHP\ThinkPHP\Library\Think\Db\Driver.class.php:169) D:\workspace\ThinkPHP\ThinkPHP\Library\Think\Think.class.php 第 230 行.

[ 2015-01-29T15:44:19+08:00 ] 127.0.0.1 /
INFO: [ app_init ] --START--
INFO: Run Behavior\BuildLiteBehavior [ RunTime:0.000059s ]
INFO: [ app_init ] --END-- [ RunTime:0.000456s ]
INFO: [ app_begin ] --START--
INFO: Run Behavior\ReadHtmlCacheBehavior [ RunTime:0.000276s ]
INFO: [ app_begin ] --END-- [ RunTime:0.000574s ]
ERR: SQLSTATE[42S02]: Base table or view not found: 1146 Table 'opensns.shop' doesn't exist
NOTIC: [2] Cannot modify header information - headers already sent by (output started at D:\workspace\ThinkPHP\ThinkPHP\Library\Think\Db\Driver.class.php:169) D:\workspace\ThinkPHP\ThinkPHP\Library\Think\Think.class.php 第 229 行.
NOTIC: [2] Cannot modify header information - headers already sent by (output started at D:\workspace\ThinkPHP\ThinkPHP\Library\Think\Db\Driver.class.php:169) D:\workspace\ThinkPHP\ThinkPHP\Library\Think\Think.class.php 第 230 行.

[ 2015-01-29T15:44:20+08:00 ] 127.0.0.1 /
INFO: [ app_init ] --START--
INFO: Run Behavior\BuildLiteBehavior [ RunTime:0.000206s ]
INFO: [ app_init ] --END-- [ RunTime:0.002640s ]
INFO: [ app_begin ] --START--
INFO: Run Behavior\ReadHtmlCacheBehavior [ RunTime:0.000684s ]
INFO: [ app_begin ] --END-- [ RunTime:0.001301s ]
ERR: SQLSTATE[42S02]: Base table or view not found: 1146 Table 'opensns.shop' doesn't exist
NOTIC: [2] Cannot modify header information - headers already sent by (output started at D:\workspace\ThinkPHP\ThinkPHP\Library\Think\Db\Driver.class.php:169) D:\workspace\ThinkPHP\ThinkPHP\Library\Think\Think.class.php 第 229 行.
NOTIC: [2] Cannot modify header information - headers already sent by (output started at D:\workspace\ThinkPHP\ThinkPHP\Library\Think\Db\Driver.class.php:169) D:\workspace\ThinkPHP\ThinkPHP\Library\Think\Think.class.php 第 230 行.

[ 2015-01-29T15:44:20+08:00 ] 127.0.0.1 /
INFO: [ app_init ] --START--
INFO: Run Behavior\BuildLiteBehavior [ RunTime:0.000058s ]
INFO: [ app_init ] --END-- [ RunTime:0.000451s ]
INFO: [ app_begin ] --START--
INFO: Run Behavior\ReadHtmlCacheBehavior [ RunTime:0.000255s ]
INFO: [ app_begin ] --END-- [ RunTime:0.000503s ]
ERR: SQLSTATE[42S02]: Base table or view not found: 1146 Table 'opensns.shop' doesn't exist
NOTIC: [2] Cannot modify header information - headers already sent by (output started at D:\workspace\ThinkPHP\ThinkPHP\Library\Think\Db\Driver.class.php:169) D:\workspace\ThinkPHP\ThinkPHP\Library\Think\Think.class.php 第 229 行.
NOTIC: [2] Cannot modify header information - headers already sent by (output started at D:\workspace\ThinkPHP\ThinkPHP\Library\Think\Db\Driver.class.php:169) D:\workspace\ThinkPHP\ThinkPHP\Library\Think\Think.class.php 第 230 行.

[ 2015-01-29T15:44:20+08:00 ] 127.0.0.1 /
INFO: [ app_init ] --START--
INFO: Run Behavior\BuildLiteBehavior [ RunTime:0.000057s ]
INFO: [ app_init ] --END-- [ RunTime:0.000453s ]
INFO: [ app_begin ] --START--
INFO: Run Behavior\ReadHtmlCacheBehavior [ RunTime:0.000261s ]
INFO: [ app_begin ] --END-- [ RunTime:0.000507s ]
ERR: SQLSTATE[42S02]: Base table or view not found: 1146 Table 'opensns.shop' doesn't exist
NOTIC: [2] Cannot modify header information - headers already sent by (output started at D:\workspace\ThinkPHP\ThinkPHP\Library\Think\Db\Driver.class.php:169) D:\workspace\ThinkPHP\ThinkPHP\Library\Think\Think.class.php 第 229 行.
NOTIC: [2] Cannot modify header information - headers already sent by (output started at D:\workspace\ThinkPHP\ThinkPHP\Library\Think\Db\Driver.class.php:169) D:\workspace\ThinkPHP\ThinkPHP\Library\Think\Think.class.php 第 230 行.

[ 2015-01-29T15:44:20+08:00 ] 127.0.0.1 /
INFO: [ app_init ] --START--
INFO: Run Behavior\BuildLiteBehavior [ RunTime:0.000058s ]
INFO: [ app_init ] --END-- [ RunTime:0.000454s ]
INFO: [ app_begin ] --START--
INFO: Run Behavior\ReadHtmlCacheBehavior [ RunTime:0.000256s ]
INFO: [ app_begin ] --END-- [ RunTime:0.000505s ]
ERR: SQLSTATE[42S02]: Base table or view not found: 1146 Table 'opensns.shop' doesn't exist
NOTIC: [2] Cannot modify header information - headers already sent by (output started at D:\workspace\ThinkPHP\ThinkPHP\Library\Think\Db\Driver.class.php:169) D:\workspace\ThinkPHP\ThinkPHP\Library\Think\Think.class.php 第 229 行.
NOTIC: [2] Cannot modify header information - headers already sent by (output started at D:\workspace\ThinkPHP\ThinkPHP\Library\Think\Db\Driver.class.php:169) D:\workspace\ThinkPHP\ThinkPHP\Library\Think\Think.class.php 第 230 行.

[ 2015-01-29T15:44:20+08:00 ] 127.0.0.1 /
INFO: [ app_init ] --START--
INFO: Run Behavior\BuildLiteBehavior [ RunTime:0.000059s ]
INFO: [ app_init ] --END-- [ RunTime:0.000510s ]
INFO: [ app_begin ] --START--
INFO: Run Behavior\ReadHtmlCacheBehavior [ RunTime:0.000258s ]
INFO: [ app_begin ] --END-- [ RunTime:0.000509s ]
ERR: SQLSTATE[42S02]: Base table or view not found: 1146 Table 'opensns.shop' doesn't exist
NOTIC: [2] Cannot modify header information - headers already sent by (output started at D:\workspace\ThinkPHP\ThinkPHP\Library\Think\Db\Driver.class.php:169) D:\workspace\ThinkPHP\ThinkPHP\Library\Think\Think.class.php 第 229 行.
NOTIC: [2] Cannot modify header information - headers already sent by (output started at D:\workspace\ThinkPHP\ThinkPHP\Library\Think\Db\Driver.class.php:169) D:\workspace\ThinkPHP\ThinkPHP\Library\Think\Think.class.php 第 230 行.

[ 2015-01-29T15:44:20+08:00 ] 127.0.0.1 /
INFO: [ app_init ] --START--
INFO: Run Behavior\BuildLiteBehavior [ RunTime:0.000060s ]
INFO: [ app_init ] --END-- [ RunTime:0.000477s ]
INFO: [ app_begin ] --START--
INFO: Run Behavior\ReadHtmlCacheBehavior [ RunTime:0.000259s ]
INFO: [ app_begin ] --END-- [ RunTime:0.000533s ]
ERR: SQLSTATE[42S02]: Base table or view not found: 1146 Table 'opensns.shop' doesn't exist
NOTIC: [2] Cannot modify header information - headers already sent by (output started at D:\workspace\ThinkPHP\ThinkPHP\Library\Think\Db\Driver.class.php:169) D:\workspace\ThinkPHP\ThinkPHP\Library\Think\Think.class.php 第 229 行.
NOTIC: [2] Cannot modify header information - headers already sent by (output started at D:\workspace\ThinkPHP\ThinkPHP\Library\Think\Db\Driver.class.php:169) D:\workspace\ThinkPHP\ThinkPHP\Library\Think\Think.class.php 第 230 行.

[ 2015-01-29T15:44:21+08:00 ] 127.0.0.1 /
INFO: [ app_init ] --START--
INFO: Run Behavior\BuildLiteBehavior [ RunTime:0.000061s ]
INFO: [ app_init ] --END-- [ RunTime:0.000470s ]
INFO: [ app_begin ] --START--
INFO: Run Behavior\ReadHtmlCacheBehavior [ RunTime:0.000296s ]
INFO: [ app_begin ] --END-- [ RunTime:0.000561s ]
ERR: SQLSTATE[42S02]: Base table or view not found: 1146 Table 'opensns.shop' doesn't exist
NOTIC: [2] Cannot modify header information - headers already sent by (output started at D:\workspace\ThinkPHP\ThinkPHP\Library\Think\Db\Driver.class.php:169) D:\workspace\ThinkPHP\ThinkPHP\Library\Think\Think.class.php 第 229 行.
NOTIC: [2] Cannot modify header information - headers already sent by (output started at D:\workspace\ThinkPHP\ThinkPHP\Library\Think\Db\Driver.class.php:169) D:\workspace\ThinkPHP\ThinkPHP\Library\Think\Think.class.php 第 230 行.

[ 2015-01-29T15:44:43+08:00 ] 127.0.0.1 /
INFO: [ app_init ] --START--
INFO: Run Behavior\BuildLiteBehavior [ RunTime:0.000091s ]
INFO: [ app_init ] --END-- [ RunTime:0.000750s ]
INFO: [ app_begin ] --START--
INFO: Run Behavior\ReadHtmlCacheBehavior [ RunTime:0.000635s ]
INFO: [ app_begin ] --END-- [ RunTime:0.001079s ]
SQL: SHOW COLUMNS FROM `thinkox_shop` [ RunTime:0.0024s ]
NOTIC: [2] Missing argument 1 for Home\Model\GoodsModel::getById(), called in D:\workspace\ThinkPHP\Application\Home\Controller\IndexController.class.php on line 7 and defined D:\workspace\ThinkPHP\Application\Home\Model\GoodsModel.class.php 第 21 行.

[ 2015-01-29T15:44:44+08:00 ] 127.0.0.1 /
INFO: [ app_init ] --START--
INFO: Run Behavior\BuildLiteBehavior [ RunTime:0.000094s ]
INFO: [ app_init ] --END-- [ RunTime:0.000754s ]
INFO: [ app_begin ] --START--
INFO: Run Behavior\ReadHtmlCacheBehavior [ RunTime:0.000410s ]
INFO: [ app_begin ] --END-- [ RunTime:0.000843s ]
SQL: SHOW COLUMNS FROM `thinkox_shop` [ RunTime:0.0041s ]
NOTIC: [2] Missing argument 1 for Home\Model\GoodsModel::getById(), called in D:\workspace\ThinkPHP\Application\Home\Controller\IndexController.class.php on line 7 and defined D:\workspace\ThinkPHP\Application\Home\Model\GoodsModel.class.php 第 21 行.

[ 2015-01-29T15:45:05+08:00 ] 127.0.0.1 /
INFO: [ app_init ] --START--
INFO: Run Behavior\BuildLiteBehavior [ RunTime:0.000075s ]
INFO: [ app_init ] --END-- [ RunTime:0.000585s ]
INFO: [ app_begin ] --START--
INFO: Run Behavior\ReadHtmlCacheBehavior [ RunTime:0.000327s ]
INFO: [ app_begin ] --END-- [ RunTime:0.000671s ]
SQL: SHOW COLUMNS FROM `thinkox_shop` [ RunTime:0.0031s ]
NOTIC: [2] Missing argument 1 for Home\Model\GoodsModel::getById(), called in D:\workspace\ThinkPHP\Application\Home\Controller\IndexController.class.php on line 7 and defined D:\workspace\ThinkPHP\Application\Home\Model\GoodsModel.class.php 第 21 行.
NOTIC: [8] Undefined variable: id D:\workspace\ThinkPHP\Application\Home\Model\GoodsModel.class.php 第 23 行.
SQL: SELECT * FROM `thinkox_shop` LIMIT 1   [ RunTime:0.0005s ]
INFO: [ view_parse ] --START--
INFO: Run Behavior\ParseTemplateBehavior [ RunTime:0.001103s ]
INFO: [ view_parse ] --END-- [ RunTime:0.001423s ]
INFO: [ view_filter ] --START--
INFO: Run Behavior\WriteHtmlCacheBehavior [ RunTime:0.000810s ]
INFO: [ view_filter ] --END-- [ RunTime:0.001152s ]
INFO: [ app_end ] --START--
INFO: Run Behavior\ShowPageTraceBehavior [ RunTime:0.000944s ]
INFO: [ app_end ] --END-- [ RunTime:0.001257s ]

[ 2015-01-29T15:45:06+08:00 ] 127.0.0.1 /
INFO: [ app_init ] --START--
INFO: Run Behavior\BuildLiteBehavior [ RunTime:0.000100s ]
INFO: [ app_init ] --END-- [ RunTime:0.000614s ]
INFO: [ app_begin ] --START--
INFO: Run Behavior\ReadHtmlCacheBehavior [ RunTime:0.000325s ]
INFO: [ app_begin ] --END-- [ RunTime:0.000652s ]
SQL: SHOW COLUMNS FROM `thinkox_shop` [ RunTime:0.0035s ]
NOTIC: [2] Missing argument 1 for Home\Model\GoodsModel::getById(), called in D:\workspace\ThinkPHP\Application\Home\Controller\IndexController.class.php on line 7 and defined D:\workspace\ThinkPHP\Application\Home\Model\GoodsModel.class.php 第 21 行.
NOTIC: [8] Undefined variable: id D:\workspace\ThinkPHP\Application\Home\Model\GoodsModel.class.php 第 23 行.
SQL: SELECT * FROM `thinkox_shop` LIMIT 1   [ RunTime:0.0005s ]
INFO: [ view_parse ] --START--
INFO: Run Behavior\ParseTemplateBehavior [ RunTime:0.000841s ]
INFO: [ view_parse ] --END-- [ RunTime:0.001193s ]
INFO: [ view_filter ] --START--
INFO: Run Behavior\WriteHtmlCacheBehavior [ RunTime:0.000441s ]
INFO: [ view_filter ] --END-- [ RunTime:0.000763s ]
INFO: [ app_end ] --START--
INFO: Run Behavior\ShowPageTraceBehavior [ RunTime:0.000314s ]
INFO: [ app_end ] --END-- [ RunTime:0.000611s ]

[ 2015-01-29T15:45:35+08:00 ] 127.0.0.1 /
INFO: [ app_init ] --START--
INFO: Run Behavior\BuildLiteBehavior [ RunTime:0.000073s ]
INFO: [ app_init ] --END-- [ RunTime:0.000576s ]
INFO: [ app_begin ] --START--
INFO: Run Behavior\ReadHtmlCacheBehavior [ RunTime:0.000364s ]
INFO: [ app_begin ] --END-- [ RunTime:0.000685s ]
SQL: SHOW COLUMNS FROM `thinkox_shop` [ RunTime:0.0030s ]
NOTIC: [2] Missing argument 1 for Home\Model\GoodsModel::getById(), called in D:\workspace\ThinkPHP\Application\Home\Controller\IndexController.class.php on line 7 and defined D:\workspace\ThinkPHP\Application\Home\Model\GoodsModel.class.php 第 21 行.
NOTIC: [8] Undefined variable: id D:\workspace\ThinkPHP\Application\Home\Model\GoodsModel.class.php 第 23 行.
SQL: SELECT * FROM `thinkox_shop` LIMIT 1   [ RunTime:0.0006s ]

[ 2015-01-29T15:45:47+08:00 ] 127.0.0.1 /
INFO: [ app_init ] --START--
INFO: Run Behavior\BuildLiteBehavior [ RunTime:0.000092s ]
INFO: [ app_init ] --END-- [ RunTime:0.000729s ]
INFO: [ app_begin ] --START--
INFO: Run Behavior\ReadHtmlCacheBehavior [ RunTime:0.000846s ]
INFO: [ app_begin ] --END-- [ RunTime:0.001265s ]
SQL: SHOW COLUMNS FROM `thinkox_shop` [ RunTime:0.0037s ]
SQL: SELECT * FROM `thinkox_shop` WHERE `id` = 14 LIMIT 1   [ RunTime:0.0007s ]

[ 2015-01-29T15:45:48+08:00 ] 127.0.0.1 /
INFO: [ app_init ] --START--
INFO: Run Behavior\BuildLiteBehavior [ RunTime:0.000201s ]
INFO: [ app_init ] --END-- [ RunTime:0.001719s ]
INFO: [ app_begin ] --START--
INFO: Run Behavior\ReadHtmlCacheBehavior [ RunTime:0.000320s ]
INFO: [ app_begin ] --END-- [ RunTime:0.000720s ]
SQL: SHOW COLUMNS FROM `thinkox_shop` [ RunTime:0.0030s ]
SQL: SELECT * FROM `thinkox_shop` WHERE `id` = 14 LIMIT 1   [ RunTime:0.0005s ]

[ 2015-01-29T15:45:49+08:00 ] 127.0.0.1 /
INFO: [ app_init ] --START--
INFO: Run Behavior\BuildLiteBehavior [ RunTime:0.000070s ]
INFO: [ app_init ] --END-- [ RunTime:0.000551s ]
INFO: [ app_begin ] --START--
INFO: Run Behavior\ReadHtmlCacheBehavior [ RunTime:0.000320s ]
INFO: [ app_begin ] --END-- [ RunTime:0.000639s ]
SQL: SHOW COLUMNS FROM `thinkox_shop` [ RunTime:0.0040s ]
SQL: SELECT * FROM `thinkox_shop` WHERE `id` = 14 LIMIT 1   [ RunTime:0.0006s ]

[ 2015-01-29T15:46:21+08:00 ] 127.0.0.1 /
INFO: [ app_init ] --START--
INFO: Run Behavior\BuildLiteBehavior [ RunTime:0.000100s ]
INFO: [ app_init ] --END-- [ RunTime:0.000579s ]
INFO: [ app_begin ] --START--
INFO: Run Behavior\ReadHtmlCacheBehavior [ RunTime:0.000510s ]
INFO: [ app_begin ] --END-- [ RunTime:0.000766s ]
SQL: SHOW COLUMNS FROM `thinkox_shop` [ RunTime:0.0025s ]

[ 2015-01-29T15:46:36+08:00 ] 127.0.0.1 /
INFO: [ app_init ] --START--
INFO: Run Behavior\BuildLiteBehavior [ RunTime:0.000076s ]
INFO: [ app_init ] --END-- [ RunTime:0.000603s ]
INFO: [ app_begin ] --START--
INFO: Run Behavior\ReadHtmlCacheBehavior [ RunTime:0.000365s ]
INFO: [ app_begin ] --END-- [ RunTime:0.000700s ]
SQL: SHOW COLUMNS FROM `thinkox_shop` [ RunTime:0.0034s ]
SQL: SELECT * FROM `thinkox_shop` WHERE `id` = 14 LIMIT 1   [ RunTime:0.0006s ]

[ 2015-01-29T15:47:32+08:00 ] 127.0.0.1 /
INFO: [ app_init ] --START--
INFO: Run Behavior\BuildLiteBehavior [ RunTime:0.000090s ]
INFO: [ app_init ] --END-- [ RunTime:0.000711s ]
INFO: [ app_begin ] --START--
INFO: Run Behavior\ReadHtmlCacheBehavior [ RunTime:0.000845s ]
INFO: [ app_begin ] --END-- [ RunTime:0.001290s ]
SQL: SHOW COLUMNS FROM `thinkox_shop` [ RunTime:0.0024s ]
SQL: SELECT * FROM `thinkox_shop` WHERE `id` = 14 LIMIT 1   [ RunTime:0.0005s ]

[ 2015-01-29T15:47:33+08:00 ] 127.0.0.1 /
INFO: [ app_init ] --START--
INFO: Run Behavior\BuildLiteBehavior [ RunTime:0.000073s ]
INFO: [ app_init ] --END-- [ RunTime:0.000574s ]
INFO: [ app_begin ] --START--
INFO: Run Behavior\ReadHtmlCacheBehavior [ RunTime:0.000364s ]
INFO: [ app_begin ] --END-- [ RunTime:0.000732s ]
SQL: SHOW COLUMNS FROM `thinkox_shop` [ RunTime:0.0032s ]
SQL: SELECT * FROM `thinkox_shop` WHERE `id` = 14 LIMIT 1   [ RunTime:0.0006s ]

[ 2015-01-29T15:47:49+08:00 ] 127.0.0.1 /
INFO: [ app_init ] --START--
INFO: Run Behavior\BuildLiteBehavior [ RunTime:0.000090s ]
INFO: [ app_init ] --END-- [ RunTime:0.000734s ]
INFO: [ app_begin ] --START--
INFO: Run Behavior\ReadHtmlCacheBehavior [ RunTime:0.000535s ]
INFO: [ app_begin ] --END-- [ RunTime:0.001004s ]
SQL: SHOW COLUMNS FROM `thinkox_shop` [ RunTime:0.0024s ]
NOTIC: [2048] Non-static method Think\Model::find() should not be called statically D:\workspace\ThinkPHP\Application\Home\Model\GoodsModel.class.php 第 23 行.

[ 2015-01-29T15:48:08+08:00 ] 127.0.0.1 /
INFO: [ app_init ] --START--
INFO: Run Behavior\BuildLiteBehavior [ RunTime:0.000071s ]
INFO: [ app_init ] --END-- [ RunTime:0.000559s ]
INFO: [ app_begin ] --START--
INFO: Run Behavior\ReadHtmlCacheBehavior [ RunTime:0.000339s ]
INFO: [ app_begin ] --END-- [ RunTime:0.000662s ]
SQL: SHOW COLUMNS FROM `thinkox_shop` [ RunTime:0.0030s ]
SQL: SELECT * FROM `thinkox_shop` WHERE `id` = 14 LIMIT 1   [ RunTime:0.0007s ]

[ 2015-01-29T15:49:14+08:00 ] 127.0.0.1 /
INFO: [ app_init ] --START--
INFO: Run Behavior\BuildLiteBehavior [ RunTime:0.000058s ]
INFO: [ app_init ] --END-- [ RunTime:0.000542s ]
INFO: [ app_begin ] --START--
INFO: Run Behavior\ReadHtmlCacheBehavior [ RunTime:0.000463s ]
INFO: [ app_begin ] --END-- [ RunTime:0.000721s ]
SQL: SHOW COLUMNS FROM `thinkox_shop` [ RunTime:0.0025s ]
SQL: SELECT * FROM `thinkox_shop` WHERE `id` = 14 LIMIT 1   [ RunTime:0.0005s ]

[ 2015-01-29T15:49:15+08:00 ] 127.0.0.1 /
INFO: [ app_init ] --START--
INFO: Run Behavior\BuildLiteBehavior [ RunTime:0.000095s ]
INFO: [ app_init ] --END-- [ RunTime:0.000905s ]
INFO: [ app_begin ] --START--
INFO: Run Behavior\ReadHtmlCacheBehavior [ RunTime:0.000495s ]
INFO: [ app_begin ] --END-- [ RunTime:0.000932s ]
SQL: SHOW COLUMNS FROM `thinkox_shop` [ RunTime:0.0025s ]
SQL: SELECT * FROM `thinkox_shop` WHERE `id` = 14 LIMIT 1   [ RunTime:0.0005s ]

[ 2015-01-29T15:49:24+08:00 ] 127.0.0.1 /
INFO: [ app_init ] --START--
INFO: Run Behavior\BuildLiteBehavior [ RunTime:0.000090s ]
INFO: [ app_init ] --END-- [ RunTime:0.000740s ]
INFO: [ app_begin ] --START--
INFO: Run Behavior\ReadHtmlCacheBehavior [ RunTime:0.000412s ]
INFO: [ app_begin ] --END-- [ RunTime:0.000864s ]
SQL: SHOW COLUMNS FROM `thinkox_shop` [ RunTime:0.0034s ]
SQL: SELECT * FROM `thinkox_shop` WHERE `id` = 14 LIMIT 1   [ RunTime:0.0007s ]

[ 2015-01-29T15:51:50+08:00 ] 127.0.0.1 /
INFO: [ app_init ] --START--
INFO: Run Behavior\BuildLiteBehavior [ RunTime:0.000059s ]
INFO: [ app_init ] --END-- [ RunTime:0.000536s ]
INFO: [ app_begin ] --START--
INFO: Run Behavior\ReadHtmlCacheBehavior [ RunTime:0.000501s ]
INFO: [ app_begin ] --END-- [ RunTime:0.000761s ]
SQL: SHOW COLUMNS FROM `thinkox_shop` [ RunTime:0.0028s ]
SQL: SELECT * FROM `thinkox_shop` WHERE `id` = 14 LIMIT 1   [ RunTime:0.0005s ]
NOTIC: [2] Attempt to assign property of non-object D:\workspace\ThinkPHP\Application\Home\Controller\IndexController.class.php 第 9 行.

[ 2015-01-29T15:52:25+08:00 ] 127.0.0.1 /
INFO: [ app_init ] --START--
INFO: Run Behavior\BuildLiteBehavior [ RunTime:0.000095s ]
INFO: [ app_init ] --END-- [ RunTime:0.000845s ]
INFO: [ app_begin ] --START--
INFO: Run Behavior\ReadHtmlCacheBehavior [ RunTime:0.000550s ]
INFO: [ app_begin ] --END-- [ RunTime:0.000967s ]
SQL: SHOW COLUMNS FROM `thinkox_shop` [ RunTime:0.0037s ]

[ 2015-01-29T15:53:36+08:00 ] 127.0.0.1 /
INFO: [ app_init ] --START--
INFO: Run Behavior\BuildLiteBehavior [ RunTime:0.000073s ]
INFO: [ app_init ] --END-- [ RunTime:0.000654s ]
INFO: [ app_begin ] --START--
INFO: Run Behavior\ReadHtmlCacheBehavior [ RunTime:0.000361s ]
INFO: [ app_begin ] --END-- [ RunTime:0.000691s ]
SQL: SHOW COLUMNS FROM `thinkox_shop` [ RunTime:0.0045s ]

[ 2015-01-29T15:53:42+08:00 ] 127.0.0.1 /
INFO: [ app_init ] --START--
INFO: Run Behavior\BuildLiteBehavior [ RunTime:0.000073s ]
INFO: [ app_init ] --END-- [ RunTime:0.000615s ]
INFO: [ app_begin ] --START--
INFO: Run Behavior\ReadHtmlCacheBehavior [ RunTime:0.000325s ]
INFO: [ app_begin ] --END-- [ RunTime:0.000644s ]
SQL: SHOW COLUMNS FROM `thinkox_shop` [ RunTime:0.0030s ]
SQL: SELECT * FROM `thinkox_shop` WHERE `id` = 14 LIMIT 1   [ RunTime:0.0006s ]
NOTIC: [2] Attempt to assign property of non-object D:\workspace\ThinkPHP\Application\Home\Controller\IndexController.class.php 第 10 行.

[ 2015-01-29T15:54:01+08:00 ] 127.0.0.1 /
INFO: [ app_init ] --START--
INFO: Run Behavior\BuildLiteBehavior [ RunTime:0.000078s ]
INFO: [ app_init ] --END-- [ RunTime:0.001216s ]
INFO: [ app_begin ] --START--
INFO: Run Behavior\ReadHtmlCacheBehavior [ RunTime:0.000563s ]
INFO: [ app_begin ] --END-- [ RunTime:0.000896s ]
SQL: SHOW COLUMNS FROM `thinkox_shop` [ RunTime:0.0030s ]
SQL: SELECT * FROM `thinkox_shop` WHERE `id` = 14 LIMIT 1   [ RunTime:0.0006s ]
NOTIC: [2] Attempt to assign property of non-object D:\workspace\ThinkPHP\Application\Home\Controller\IndexController.class.php 第 10 行.

[ 2015-01-29T15:59:12+08:00 ] 127.0.0.1 /
INFO: [ app_init ] --START--
INFO: Run Behavior\BuildLiteBehavior [ RunTime:0.000071s ]
INFO: [ app_init ] --END-- [ RunTime:0.000669s ]
INFO: [ app_begin ] --START--
INFO: Run Behavior\ReadHtmlCacheBehavior [ RunTime:0.000860s ]
INFO: [ app_begin ] --END-- [ RunTime:0.001221s ]
SQL: SHOW COLUMNS FROM `thinkox_shop` [ RunTime:0.0032s ]
SQL: SELECT * FROM `thinkox_shop` WHERE `id` = 14 LIMIT 1   [ RunTime:0.0006s ]
NOTIC: [2] Attempt to assign property of non-object D:\workspace\ThinkPHP\Application\Home\Controller\IndexController.class.php 第 10 行.
SQL: UPDATE `thinkox_shop` SET `goods_name`='这是很棒的网站',`goods_ico`='110',`goods_introduct`='这是很棒的网站',`goods_detail`='这是很棒的网站这是很棒的网站这是很棒的网站这是很棒的网站这是很棒的网站',`tox_money_need`='2',`goods_num`='100',`changetime`='1421827971',`status`='1',`createtime`='1421827971',`category_id`='1',`is_new`='1',`sell_num`='10' WHERE `id` = 14 [ RunTime:0.0014s ]

[ 2015-01-29T15:59:34+08:00 ] 127.0.0.1 /
INFO: [ app_init ] --START--
INFO: Run Behavior\BuildLiteBehavior [ RunTime:0.000072s ]
INFO: [ app_init ] --END-- [ RunTime:0.000757s ]
INFO: [ app_begin ] --START--
INFO: Run Behavior\ReadHtmlCacheBehavior [ RunTime:0.000337s ]
INFO: [ app_begin ] --END-- [ RunTime:0.000664s ]
SQL: SHOW COLUMNS FROM `thinkox_shop` [ RunTime:0.0034s ]
SQL: SELECT * FROM `thinkox_shop` WHERE `id` = 14 LIMIT 1   [ RunTime:0.0006s ]
SQL: UPDATE `thinkox_shop` SET `goods_name`='这是很棒的网站',`goods_ico`='110',`goods_introduct`='这是很棒的网站',`goods_detail`='这是很棒的网站这是很棒的网站这是很棒的网站这是很棒的网站这是很棒的网站',`tox_money_need`='2',`goods_num`='100',`changetime`='1421827971',`status`='1',`createtime`='1421827971',`category_id`='1',`is_new`='1',`sell_num`='20' WHERE `id` = 14 [ RunTime:0.0149s ]

[ 2015-01-29T16:07:51+08:00 ] 127.0.0.1 /
INFO: [ app_init ] --START--
INFO: Run Behavior\BuildLiteBehavior [ RunTime:0.000105s ]
INFO: [ app_init ] --END-- [ RunTime:0.001103s ]
INFO: [ app_begin ] --START--
INFO: Run Behavior\ReadHtmlCacheBehavior [ RunTime:0.000756s ]
INFO: [ app_begin ] --END-- [ RunTime:0.001288s ]
ERR: SQLSTATE[42S02]: Base table or view not found: 1146 Table 'opensns.thinkox_goods' doesn't exist
NOTIC: [2] Cannot modify header information - headers already sent by (output started at D:\workspace\ThinkPHP\ThinkPHP\Library\Think\Db\Driver.class.php:169) D:\workspace\ThinkPHP\ThinkPHP\Library\Think\Think.class.php 第 229 行.
NOTIC: [2] Cannot modify header information - headers already sent by (output started at D:\workspace\ThinkPHP\ThinkPHP\Library\Think\Db\Driver.class.php:169) D:\workspace\ThinkPHP\ThinkPHP\Library\Think\Think.class.php 第 230 行.

[ 2015-01-29T16:07:51+08:00 ] 127.0.0.1 /
INFO: [ app_init ] --START--
INFO: Run Behavior\BuildLiteBehavior [ RunTime:0.000057s ]
INFO: [ app_init ] --END-- [ RunTime:0.000441s ]
INFO: [ app_begin ] --START--
INFO: Run Behavior\ReadHtmlCacheBehavior [ RunTime:0.000259s ]
INFO: [ app_begin ] --END-- [ RunTime:0.000511s ]
ERR: SQLSTATE[42S02]: Base table or view not found: 1146 Table 'opensns.thinkox_goods' doesn't exist
NOTIC: [2] Cannot modify header information - headers already sent by (output started at D:\workspace\ThinkPHP\ThinkPHP\Library\Think\Db\Driver.class.php:169) D:\workspace\ThinkPHP\ThinkPHP\Library\Think\Think.class.php 第 229 行.
NOTIC: [2] Cannot modify header information - headers already sent by (output started at D:\workspace\ThinkPHP\ThinkPHP\Library\Think\Db\Driver.class.php:169) D:\workspace\ThinkPHP\ThinkPHP\Library\Think\Think.class.php 第 230 行.

[ 2015-01-29T16:08:08+08:00 ] 127.0.0.1 /
INFO: [ app_init ] --START--
INFO: Run Behavior\BuildLiteBehavior [ RunTime:0.000092s ]
INFO: [ app_init ] --END-- [ RunTime:0.000744s ]
INFO: [ app_begin ] --START--
INFO: Run Behavior\ReadHtmlCacheBehavior [ RunTime:0.000474s ]
INFO: [ app_begin ] --END-- [ RunTime:0.000896s ]
SQL: SHOW COLUMNS FROM `thinkox_shop` [ RunTime:0.0031s ]

[ 2015-01-29T16:39:50+08:00 ] 127.0.0.1 /
INFO: [ app_init ] --START--
INFO: Run Behavior\BuildLiteBehavior [ RunTime:0.000086s ]
INFO: [ app_init ] --END-- [ RunTime:0.000859s ]
INFO: [ app_begin ] --START--
INFO: Run Behavior\ReadHtmlCacheBehavior [ RunTime:0.000513s ]
INFO: [ app_begin ] --END-- [ RunTime:0.000749s ]

[ 2015-01-29T16:39:50+08:00 ] 127.0.0.1 /
INFO: [ app_init ] --START--
INFO: Run Behavior\BuildLiteBehavior [ RunTime:0.000054s ]
INFO: [ app_init ] --END-- [ RunTime:0.000436s ]
INFO: [ app_begin ] --START--
INFO: Run Behavior\ReadHtmlCacheBehavior [ RunTime:0.000884s ]
INFO: [ app_begin ] --END-- [ RunTime:0.001291s ]

[ 2015-01-29T16:40:25+08:00 ] 127.0.0.1 /
INFO: [ app_init ] --START--
INFO: Run Behavior\BuildLiteBehavior [ RunTime:0.000085s ]
INFO: [ app_init ] --END-- [ RunTime:0.000728s ]
INFO: [ app_begin ] --START--
INFO: Run Behavior\ReadHtmlCacheBehavior [ RunTime:0.000441s ]
INFO: [ app_begin ] --END-- [ RunTime:0.000916s ]

[ 2015-01-29T16:41:04+08:00 ] 127.0.0.1 /
INFO: [ app_init ] --START--
INFO: Run Behavior\BuildLiteBehavior [ RunTime:0.000069s ]
INFO: [ app_init ] --END-- [ RunTime:0.000621s ]
INFO: [ app_begin ] --START--
INFO: Run Behavior\ReadHtmlCacheBehavior [ RunTime:0.000346s ]
INFO: [ app_begin ] --END-- [ RunTime:0.000647s ]

[ 2015-01-29T16:49:28+08:00 ] 127.0.0.1 /
INFO: [ app_init ] --START--
INFO: Run Behavior\BuildLiteBehavior [ RunTime:0.000087s ]
INFO: [ app_init ] --END-- [ RunTime:0.000911s ]
INFO: [ app_begin ] --START--
INFO: Run Behavior\ReadHtmlCacheBehavior [ RunTime:0.000864s ]
INFO: [ app_begin ] --END-- [ RunTime:0.001297s ]
NOTIC: D方法实例化没找到模型类Home\Logic\GoodsLogic
ERR: SQLSTATE[42S02]: Base table or view not found: 1146 Table 'opensns.thinkox_goods' doesn't exist
NOTIC: [2] Cannot modify header information - headers already sent by (output started at D:\workspace\ThinkPHP\ThinkPHP\Library\Think\Db\Driver.class.php:169) D:\workspace\ThinkPHP\ThinkPHP\Library\Think\Think.class.php 第 229 行.
NOTIC: [2] Cannot modify header information - headers already sent by (output started at D:\workspace\ThinkPHP\ThinkPHP\Library\Think\Db\Driver.class.php:169) D:\workspace\ThinkPHP\ThinkPHP\Library\Think\Think.class.php 第 230 行.

[ 2015-01-29T16:49:28+08:00 ] 127.0.0.1 /
INFO: [ app_init ] --START--
INFO: Run Behavior\BuildLiteBehavior [ RunTime:0.000054s ]
INFO: [ app_init ] --END-- [ RunTime:0.000430s ]
INFO: [ app_begin ] --START--
INFO: Run Behavior\ReadHtmlCacheBehavior [ RunTime:0.000264s ]
INFO: [ app_begin ] --END-- [ RunTime:0.000493s ]
NOTIC: D方法实例化没找到模型类Home\Logic\GoodsLogic
ERR: SQLSTATE[42S02]: Base table or view not found: 1146 Table 'opensns.thinkox_goods' doesn't exist
NOTIC: [2] Cannot modify header information - headers already sent by (output started at D:\workspace\ThinkPHP\ThinkPHP\Library\Think\Db\Driver.class.php:169) D:\workspace\ThinkPHP\ThinkPHP\Library\Think\Think.class.php 第 229 行.
NOTIC: [2] Cannot modify header information - headers already sent by (output started at D:\workspace\ThinkPHP\ThinkPHP\Library\Think\Db\Driver.class.php:169) D:\workspace\ThinkPHP\ThinkPHP\Library\Think\Think.class.php 第 230 行.

[ 2015-01-29T16:49:45+08:00 ] 127.0.0.1 /
INFO: [ app_init ] --START--
INFO: Run Behavior\BuildLiteBehavior [ RunTime:0.000067s ]
INFO: [ app_init ] --END-- [ RunTime:0.000554s ]
INFO: [ app_begin ] --START--
INFO: Run Behavior\ReadHtmlCacheBehavior [ RunTime:0.000327s ]
INFO: [ app_begin ] --END-- [ RunTime:0.000619s ]

[ 2015-01-29T16:49:45+08:00 ] 127.0.0.1 /
INFO: [ app_init ] --START--
INFO: Run Behavior\BuildLiteBehavior [ RunTime:0.000053s ]
INFO: [ app_init ] --END-- [ RunTime:0.000426s ]
INFO: [ app_begin ] --START--
INFO: Run Behavior\ReadHtmlCacheBehavior [ RunTime:0.000260s ]
INFO: [ app_begin ] --END-- [ RunTime:0.000525s ]

[ 2015-01-29T16:50:16+08:00 ] 127.0.0.1 /
INFO: [ app_init ] --START--
INFO: Run Behavior\BuildLiteBehavior [ RunTime:0.000068s ]
INFO: [ app_init ] --END-- [ RunTime:0.000544s ]
INFO: [ app_begin ] --START--
INFO: Run Behavior\ReadHtmlCacheBehavior [ RunTime:0.000466s ]
INFO: [ app_begin ] --END-- [ RunTime:0.000893s ]
ERR: SQLSTATE[42S02]: Base table or view not found: 1146 Table 'opensns.thinkox_shop' doesn't exist
NOTIC: [2] Cannot modify header information - headers already sent by (output started at D:\workspace\ThinkPHP\ThinkPHP\Library\Think\Db\Driver.class.php:169) D:\workspace\ThinkPHP\ThinkPHP\Library\Think\Think.class.php 第 229 行.
NOTIC: [2] Cannot modify header information - headers already sent by (output started at D:\workspace\ThinkPHP\ThinkPHP\Library\Think\Db\Driver.class.php:169) D:\workspace\ThinkPHP\ThinkPHP\Library\Think\Think.class.php 第 230 行.

[ 2015-01-29T16:50:16+08:00 ] 127.0.0.1 /
INFO: [ app_init ] --START--
INFO: Run Behavior\BuildLiteBehavior [ RunTime:0.000053s ]
INFO: [ app_init ] --END-- [ RunTime:0.000421s ]
INFO: [ app_begin ] --START--
INFO: Run Behavior\ReadHtmlCacheBehavior [ RunTime:0.000284s ]
INFO: [ app_begin ] --END-- [ RunTime:0.000522s ]
ERR: SQLSTATE[42S02]: Base table or view not found: 1146 Table 'opensns.thinkox_shop' doesn't exist
NOTIC: [2] Cannot modify header information - headers already sent by (output started at D:\workspace\ThinkPHP\ThinkPHP\Library\Think\Db\Driver.class.php:169) D:\workspace\ThinkPHP\ThinkPHP\Library\Think\Think.class.php 第 229 行.
NOTIC: [2] Cannot modify header information - headers already sent by (output started at D:\workspace\ThinkPHP\ThinkPHP\Library\Think\Db\Driver.class.php:169) D:\workspace\ThinkPHP\ThinkPHP\Library\Think\Think.class.php 第 230 行.

[ 2015-01-29T16:51:21+08:00 ] 127.0.0.1 /
INFO: [ app_init ] --START--
INFO: Run Behavior\BuildLiteBehavior [ RunTime:0.000190s ]
INFO: [ app_init ] --END-- [ RunTime:0.002218s ]
INFO: [ app_begin ] --START--
INFO: Run Behavior\ReadHtmlCacheBehavior [ RunTime:0.000364s ]
INFO: [ app_begin ] --END-- [ RunTime:0.000607s ]
SQL: SHOW COLUMNS FROM `opensns_shop` [ RunTime:0.0029s ]
SQL: SELECT * FROM `opensns_shop` WHERE `id` = 14 LIMIT 1   [ RunTime:0.0005s ]
SQL: UPDATE `opensns_shop` SET `goods_name`='svsvssvs',`goods_ico`='110',`goods_introduct`='svdsdvsd',`goods_detail`='svsdvsdvsdvsvsvsv',`tox_money_need`='232',`goods_num`='232',`changetime`='1422519913',`status`='1',`createtime`='1422519913',`category_id`='4',`is_new`='1',`sell_num`='20' WHERE `id` = 14 [ RunTime:0.0007s ]

[ 2015-01-29T16:51:30+08:00 ] 127.0.0.1 /
INFO: [ app_init ] --START--
INFO: Run Behavior\BuildLiteBehavior [ RunTime:0.000092s ]
INFO: [ app_init ] --END-- [ RunTime:0.000789s ]
INFO: [ app_begin ] --START--
INFO: Run Behavior\ReadHtmlCacheBehavior [ RunTime:0.000521s ]
INFO: [ app_begin ] --END-- [ RunTime:0.000787s ]
SQL: SHOW COLUMNS FROM `opensns_shop` [ RunTime:0.0025s ]
SQL: SELECT * FROM `opensns_shop` WHERE `id` = 14 LIMIT 1   [ RunTime:0.0006s ]
SQL: UPDATE `opensns_shop` SET `goods_name`='svsvssvs',`goods_ico`='110',`goods_introduct`='svdsdvsd',`goods_detail`='svsdvsdvsdvsvsvsv',`tox_money_need`='232',`goods_num`='232',`changetime`='1422519913',`status`='1',`createtime`='1422519913',`category_id`='4',`is_new`='1',`sell_num`='20' WHERE `id` = 14 [ RunTime:0.0005s ]

[ 2015-01-29T16:59:19+08:00 ] 127.0.0.1 /
INFO: [ app_init ] --START--
INFO: Run Behavior\BuildLiteBehavior [ RunTime:0.000085s ]
INFO: [ app_init ] --END-- [ RunTime:0.000816s ]
INFO: [ app_begin ] --START--
INFO: Run Behavior\ReadHtmlCacheBehavior [ RunTime:0.000869s ]
INFO: [ app_begin ] --END-- [ RunTime:0.001267s ]

[ 2015-01-29T16:59:20+08:00 ] 127.0.0.1 /
INFO: [ app_init ] --START--
INFO: Run Behavior\BuildLiteBehavior [ RunTime:0.000054s ]
INFO: [ app_init ] --END-- [ RunTime:0.000427s ]
INFO: [ app_begin ] --START--
INFO: Run Behavior\ReadHtmlCacheBehavior [ RunTime:0.000266s ]
INFO: [ app_begin ] --END-- [ RunTime:0.000519s ]

[ 2015-01-29T17:00:42+08:00 ] 127.0.0.1 /
INFO: [ app_init ] --START--
INFO: Run Behavior\BuildLiteBehavior [ RunTime:0.000083s ]
INFO: [ app_init ] --END-- [ RunTime:0.000715s ]
INFO: [ app_begin ] --START--
INFO: Run Behavior\ReadHtmlCacheBehavior [ RunTime:0.000294s ]
INFO: [ app_begin ] --END-- [ RunTime:0.000614s ]
SQL: SHOW COLUMNS FROM `opensns_shop` [ RunTime:0.0024s ]
SQL: SELECT * FROM `opensns_shop` WHERE `id` = 14 LIMIT 1   [ RunTime:0.0005s ]

[ 2015-01-29T17:00:43+08:00 ] 127.0.0.1 /
INFO: [ app_init ] --START--
INFO: Run Behavior\BuildLiteBehavior [ RunTime:0.000095s ]
INFO: [ app_init ] --END-- [ RunTime:0.001184s ]
INFO: [ app_begin ] --START--
INFO: Run Behavior\ReadHtmlCacheBehavior [ RunTime:0.000453s ]
INFO: [ app_begin ] --END-- [ RunTime:0.000845s ]
SQL: SHOW COLUMNS FROM `opensns_shop` [ RunTime:0.0025s ]
SQL: SELECT * FROM `opensns_shop` WHERE `id` = 14 LIMIT 1   [ RunTime:0.0005s ]

[ 2015-01-29T17:03:43+08:00 ] 127.0.0.1 /
INFO: [ app_init ] --START--
INFO: Run Behavior\BuildLiteBehavior [ RunTime:0.000053s ]
INFO: [ app_init ] --END-- [ RunTime:0.000491s ]
INFO: [ app_begin ] --START--
INFO: Run Behavior\ReadHtmlCacheBehavior [ RunTime:0.000610s ]
INFO: [ app_begin ] --END-- [ RunTime:0.000848s ]
SQL: SHOW COLUMNS FROM `opensns_shop` [ RunTime:0.0034s ]
SQL: SELECT * FROM `opensns_shop` WHERE `id` = 14 LIMIT 1   [ RunTime:0.0006s ]

[ 2015-01-29T17:04:18+08:00 ] 127.0.0.1 /
INFO: [ app_init ] --START--
INFO: Run Behavior\BuildLiteBehavior [ RunTime:0.000083s ]
INFO: [ app_init ] --END-- [ RunTime:0.000702s ]
INFO: [ app_begin ] --START--
INFO: Run Behavior\ReadHtmlCacheBehavior [ RunTime:0.000439s ]
INFO: [ app_begin ] --END-- [ RunTime:0.000814s ]
SQL: SHOW COLUMNS FROM `opensns_shop` [ RunTime:0.0025s ]
SQL: SELECT * FROM `opensns_shop` WHERE `id` = 14 LIMIT 1   [ RunTime:0.0005s ]

[ 2015-01-29T17:04:31+08:00 ] 127.0.0.1 /
INFO: [ app_init ] --START--
INFO: Run Behavior\BuildLiteBehavior [ RunTime:0.000249s ]
INFO: [ app_init ] --END-- [ RunTime:0.001525s ]
INFO: [ app_begin ] --START--
INFO: Run Behavior\ReadHtmlCacheBehavior [ RunTime:0.000345s ]
INFO: [ app_begin ] --END-- [ RunTime:0.000650s ]
SQL: SHOW COLUMNS FROM `opensns_shop` [ RunTime:0.0031s ]
SQL: SELECT * FROM `opensns_shop` WHERE `id` = 14 LIMIT 1   [ RunTime:0.0005s ]

[ 2015-01-29T17:06:03+08:00 ] 127.0.0.1 /
INFO: [ app_init ] --START--
INFO: Run Behavior\BuildLiteBehavior [ RunTime:0.000298s ]
INFO: [ app_init ] --END-- [ RunTime:0.001054s ]
INFO: [ app_begin ] --START--
INFO: Run Behavior\ReadHtmlCacheBehavior [ RunTime:0.000511s ]
INFO: [ app_begin ] --END-- [ RunTime:0.000767s ]
SQL: SHOW COLUMNS FROM `opensns_shop` [ RunTime:0.0026s ]
SQL: SELECT * FROM `opensns_shop` WHERE `id` = 14 LIMIT 1   [ RunTime:0.0006s ]
SQL: UPDATE `opensns_shop` SET `goods_name`='svsvssvs',`goods_ico`='110',`goods_introduct`='svdsdvsd',`goods_detail`='svsdvsdvsdvsvsvsv',`tox_money_need`='232',`goods_num`='232',`changetime`='1422519913',`status`='1',`createtime`='1422519913',`category_id`='4',`is_new`='1',`sell_num`='20' WHERE `id` = 14 [ RunTime:0.0006s ]

[ 2015-01-29T17:08:01+08:00 ] 127.0.0.1 /
INFO: [ app_init ] --START--
INFO: Run Behavior\BuildLiteBehavior [ RunTime:0.000084s ]
INFO: [ app_init ] --END-- [ RunTime:0.000700s ]
INFO: [ app_begin ] --START--
INFO: Run Behavior\ReadHtmlCacheBehavior [ RunTime:0.000553s ]
INFO: [ app_begin ] --END-- [ RunTime:0.000943s ]
SQL: SHOW COLUMNS FROM `opensns_shop` [ RunTime:0.0025s ]
SQL: SELECT * FROM `opensns_shop` WHERE `id` = 14 LIMIT 1   [ RunTime:0.0005s ]

[ 2015-01-29T17:08:15+08:00 ] 127.0.0.1 /
INFO: [ app_init ] --START--
INFO: Run Behavior\BuildLiteBehavior [ RunTime:0.000084s ]
INFO: [ app_init ] --END-- [ RunTime:0.000787s ]
INFO: [ app_begin ] --START--
INFO: Run Behavior\ReadHtmlCacheBehavior [ RunTime:0.000733s ]
INFO: [ app_begin ] --END-- [ RunTime:0.001144s ]
SQL: SHOW COLUMNS FROM `opensns_shop` [ RunTime:0.0026s ]
SQL: SELECT * FROM `opensns_shop` WHERE `id` = 14 LIMIT 1   [ RunTime:0.0006s ]

[ 2015-01-29T17:08:24+08:00 ] 127.0.0.1 /
INFO: [ app_init ] --START--
INFO: Run Behavior\BuildLiteBehavior [ RunTime:0.000069s ]
INFO: [ app_init ] --END-- [ RunTime:0.000623s ]
INFO: [ app_begin ] --START--
INFO: Run Behavior\ReadHtmlCacheBehavior [ RunTime:0.000353s ]
INFO: [ app_begin ] --END-- [ RunTime:0.000667s ]
SQL: SHOW COLUMNS FROM `opensns_shop` [ RunTime:0.0030s ]
SQL: SELECT * FROM `opensns_shop` WHERE `id` = 14 LIMIT 1   [ RunTime:0.0007s ]

[ 2015-01-29T17:14:27+08:00 ] 127.0.0.1 /
INFO: [ app_init ] --START--
INFO: Run Behavior\BuildLiteBehavior [ RunTime:0.000057s ]
INFO: [ app_init ] --END-- [ RunTime:0.000788s ]
INFO: [ app_begin ] --START--
INFO: Run Behavior\ReadHtmlCacheBehavior [ RunTime:0.000471s ]
INFO: [ app_begin ] --END-- [ RunTime:0.000732s ]
SQL: SHOW COLUMNS FROM `opensns_shop` [ RunTime:0.0025s ]
SQL: SELECT * FROM `opensns_shop` WHERE `id` = 14 LIMIT 1   [ RunTime:0.0005s ]

[ 2015-01-29T17:14:28+08:00 ] 127.0.0.1 /
INFO: [ app_init ] --START--
INFO: Run Behavior\BuildLiteBehavior [ RunTime:0.000084s ]
INFO: [ app_init ] --END-- [ RunTime:0.000686s ]
INFO: [ app_begin ] --START--
INFO: Run Behavior\ReadHtmlCacheBehavior [ RunTime:0.000570s ]
INFO: [ app_begin ] --END-- [ RunTime:0.001102s ]
SQL: SHOW COLUMNS FROM `opensns_shop` [ RunTime:0.0036s ]
SQL: SELECT * FROM `opensns_shop` WHERE `id` = 14 LIMIT 1   [ RunTime:0.0005s ]

[ 2015-01-29T17:14:33+08:00 ] 127.0.0.1 /
INFO: [ app_init ] --START--
INFO: Run Behavior\BuildLiteBehavior [ RunTime:0.000082s ]
INFO: [ app_init ] --END-- [ RunTime:0.000670s ]
INFO: [ app_begin ] --START--
INFO: Run Behavior\ReadHtmlCacheBehavior [ RunTime:0.000440s ]
INFO: [ app_begin ] --END-- [ RunTime:0.000813s ]
SQL: SHOW COLUMNS FROM `opensns_shop` [ RunTime:0.0025s ]
SQL: SELECT * FROM `opensns_shop` WHERE `id` = 14 LIMIT 1   [ RunTime:0.0005s ]

[ 2015-01-29T17:15:14+08:00 ] 127.0.0.1 /
INFO: [ app_init ] --START--
INFO: Run Behavior\BuildLiteBehavior [ RunTime:0.000083s ]
INFO: [ app_init ] --END-- [ RunTime:0.000675s ]
INFO: [ app_begin ] --START--
INFO: Run Behavior\ReadHtmlCacheBehavior [ RunTime:0.000429s ]
INFO: [ app_begin ] --END-- [ RunTime:0.000918s ]
SQL: SHOW COLUMNS FROM `opensns_shop` [ RunTime:0.0025s ]
SQL: SELECT * FROM `opensns_shop` WHERE `id` = 14 LIMIT 1   [ RunTime:0.0005s ]

[ 2015-01-29T17:16:03+08:00 ] 127.0.0.1 /
INFO: [ app_init ] --START--
INFO: Run Behavior\BuildLiteBehavior [ RunTime:0.000084s ]
INFO: [ app_init ] --END-- [ RunTime:0.000706s ]
INFO: [ app_begin ] --START--
INFO: Run Behavior\ReadHtmlCacheBehavior [ RunTime:0.000500s ]
INFO: [ app_begin ] --END-- [ RunTime:0.000917s ]
SQL: SHOW COLUMNS FROM `opensns_shop` [ RunTime:0.0036s ]
SQL: SELECT * FROM `opensns_shop` WHERE `id` = 14 LIMIT 1   [ RunTime:0.0005s ]

[ 2015-01-29T17:16:04+08:00 ] 127.0.0.1 /
INFO: [ app_init ] --START--
INFO: Run Behavior\BuildLiteBehavior [ RunTime:0.000084s ]
INFO: [ app_init ] --END-- [ RunTime:0.000695s ]
INFO: [ app_begin ] --START--
INFO: Run Behavior\ReadHtmlCacheBehavior [ RunTime:0.000453s ]
INFO: [ app_begin ] --END-- [ RunTime:0.000831s ]
SQL: SHOW COLUMNS FROM `opensns_shop` [ RunTime:0.0034s ]
SQL: SELECT * FROM `opensns_shop` WHERE `id` = 14 LIMIT 1   [ RunTime:0.0006s ]

[ 2015-01-29T17:16:35+08:00 ] 127.0.0.1 /
INFO: [ app_init ] --START--
INFO: Run Behavior\BuildLiteBehavior [ RunTime:0.000087s ]
INFO: [ app_init ] --END-- [ RunTime:0.001275s ]
INFO: [ app_begin ] --START--
INFO: Run Behavior\ReadHtmlCacheBehavior [ RunTime:0.000513s ]
INFO: [ app_begin ] --END-- [ RunTime:0.000909s ]
SQL: SHOW COLUMNS FROM `opensns_shop` [ RunTime:0.0042s ]
SQL: SELECT * FROM `opensns_shop` WHERE `id` = 14 LIMIT 1   [ RunTime:0.0006s ]

[ 2015-01-29T17:17:06+08:00 ] 127.0.0.1 /
INFO: [ app_init ] --START--
INFO: Run Behavior\BuildLiteBehavior [ RunTime:0.000087s ]
INFO: [ app_init ] --END-- [ RunTime:0.000777s ]
INFO: [ app_begin ] --START--
INFO: Run Behavior\ReadHtmlCacheBehavior [ RunTime:0.000921s ]
INFO: [ app_begin ] --END-- [ RunTime:0.001341s ]
SQL: SHOW COLUMNS FROM `opensns_shop` [ RunTime:0.0034s ]
SQL: SELECT * FROM `opensns_shop` WHERE `id` = 14 LIMIT 1   [ RunTime:0.0004s ]

[ 2015-01-29T17:17:14+08:00 ] 127.0.0.1 /
INFO: [ app_init ] --START--
INFO: Run Behavior\BuildLiteBehavior [ RunTime:0.000068s ]
INFO: [ app_init ] --END-- [ RunTime:0.000570s ]
INFO: [ app_begin ] --START--
INFO: Run Behavior\ReadHtmlCacheBehavior [ RunTime:0.000342s ]
INFO: [ app_begin ] --END-- [ RunTime:0.000637s ]
SQL: SHOW COLUMNS FROM `opensns_shop` [ RunTime:0.0030s ]
SQL: SELECT * FROM `opensns_shop` WHERE `id` = 14 LIMIT 1   [ RunTime:0.0006s ]
SQL: UPDATE `opensns_shop` SET `goods_name`='svsvssvs',`goods_ico`='110',`goods_introduct`='svdsdvsd',`goods_detail`='svsdvsdvsdvsvsvsv',`tox_money_need`='232',`goods_num`='232',`changetime`='1422519913',`status`='1',`createtime`='1422519913',`category_id`='4',`is_new`='1',`sell_num`='30' WHERE `id` = 14 [ RunTime:0.0008s ]

[ 2015-01-29T17:17:50+08:00 ] 127.0.0.1 /
INFO: [ app_init ] --START--
INFO: Run Behavior\BuildLiteBehavior [ RunTime:0.000088s ]
INFO: [ app_init ] --END-- [ RunTime:0.000760s ]
INFO: [ app_begin ] --START--
INFO: Run Behavior\ReadHtmlCacheBehavior [ RunTime:0.000415s ]
INFO: [ app_begin ] --END-- [ RunTime:0.000790s ]
SQL: SHOW COLUMNS FROM `opensns_shop` [ RunTime:0.0025s ]
SQL: SELECT * FROM `opensns_shop` WHERE `id` = 14 LIMIT 1   [ RunTime:0.0005s ]
SQL: UPDATE `opensns_shop` SET `goods_name`='svsvssvs',`goods_ico`='110',`goods_introduct`='svdsdvsd',`goods_detail`='svsdvsdvsdvsvsvsv',`tox_money_need`='232',`goods_num`='232',`changetime`='1422519913',`status`='1',`createtime`='1422519913',`category_id`='4',`is_new`='1',`sell_num`='30' WHERE `id` = 14 [ RunTime:0.0006s ]

[ 2015-01-29T17:18:23+08:00 ] 127.0.0.1 /
INFO: [ app_init ] --START--
INFO: Run Behavior\BuildLiteBehavior [ RunTime:0.000090s ]
INFO: [ app_init ] --END-- [ RunTime:0.001080s ]
INFO: [ app_begin ] --START--
INFO: Run Behavior\ReadHtmlCacheBehavior [ RunTime:0.000445s ]
INFO: [ app_begin ] --END-- [ RunTime:0.000815s ]
SQL: SHOW COLUMNS FROM `opensns_shop` [ RunTime:0.0035s ]
SQL: SELECT * FROM `opensns_shop` WHERE `id` = 14 LIMIT 1   [ RunTime:0.0005s ]
SQL: UPDATE `opensns_shop` SET `goods_name`='svsvssvs',`goods_ico`='110',`goods_introduct`='svdsdvsd',`goods_detail`='svsdvsdvsdvsvsvsv',`tox_money_need`='232',`goods_num`='232',`changetime`='1422519913',`status`='1',`createtime`='1422519913',`category_id`='4',`is_new`='1',`sell_num`='30' WHERE `id` = 14 [ RunTime:0.0006s ]

[ 2015-01-29T17:19:07+08:00 ] 127.0.0.1 /
INFO: [ app_init ] --START--
INFO: Run Behavior\BuildLiteBehavior [ RunTime:0.000178s ]
INFO: [ app_init ] --END-- [ RunTime:0.001835s ]
INFO: [ app_begin ] --START--
INFO: Run Behavior\ReadHtmlCacheBehavior [ RunTime:0.001138s ]
INFO: [ app_begin ] --END-- [ RunTime:0.001560s ]
SQL: SHOW COLUMNS FROM `opensns_shop` [ RunTime:0.0025s ]
SQL: SELECT * FROM `opensns_shop` WHERE `id` = 14 LIMIT 1   [ RunTime:0.0005s ]
SQL: UPDATE `opensns_shop` SET `goods_name`='svsvssvs',`goods_ico`='110',`goods_introduct`='svdsdvsd',`goods_detail`='svsdvsdvsdvsvsvsv',`tox_money_need`='232',`goods_num`='232',`changetime`='1422519913',`status`='1',`createtime`='1422519913',`category_id`='4',`is_new`='1',`sell_num`='30' WHERE `id` = 14 [ RunTime:0.0005s ]

[ 2015-01-29T17:19:08+08:00 ] 127.0.0.1 /
INFO: [ app_init ] --START--
INFO: Run Behavior\BuildLiteBehavior [ RunTime:0.000086s ]
INFO: [ app_init ] --END-- [ RunTime:0.001088s ]
INFO: [ app_begin ] --START--
INFO: Run Behavior\ReadHtmlCacheBehavior [ RunTime:0.000652s ]
INFO: [ app_begin ] --END-- [ RunTime:0.001205s ]
SQL: SHOW COLUMNS FROM `opensns_shop` [ RunTime:0.0027s ]
SQL: SELECT * FROM `opensns_shop` WHERE `id` = 14 LIMIT 1   [ RunTime:0.0005s ]
SQL: UPDATE `opensns_shop` SET `goods_name`='svsvssvs',`goods_ico`='110',`goods_introduct`='svdsdvsd',`goods_detail`='svsdvsdvsdvsvsvsv',`tox_money_need`='232',`goods_num`='232',`changetime`='1422519913',`status`='1',`createtime`='1422519913',`category_id`='4',`is_new`='1',`sell_num`='30' WHERE `id` = 14 [ RunTime:0.0006s ]

[ 2015-01-29T17:26:12+08:00 ] 127.0.0.1 /
INFO: [ app_init ] --START--
INFO: Run Behavior\BuildLiteBehavior [ RunTime:0.000155s ]
INFO: [ app_init ] --END-- [ RunTime:0.000638s ]
INFO: [ app_begin ] --START--
INFO: Run Behavior\ReadHtmlCacheBehavior [ RunTime:0.000489s ]
INFO: [ app_begin ] --END-- [ RunTime:0.000733s ]
SQL: SHOW COLUMNS FROM `opensns_shop` [ RunTime:0.0023s ]
SQL: SELECT * FROM `opensns_shop` WHERE `id` = 14 LIMIT 1   [ RunTime:0.0024s ]
SQL: UPDATE `opensns_shop` SET `goods_name`='svsvssvs',`goods_ico`='110',`goods_introduct`='svdsdvsd',`goods_detail`='svsdvsdvsdvsvsvsv',`tox_money_need`='232',`goods_num`='232',`changetime`='1422519913',`status`='1',`createtime`='1422519913',`category_id`='4',`is_new`='1',`sell_num`='30' WHERE `id` = 14 [ RunTime:0.0006s ]

[ 2015-01-29T17:26:13+08:00 ] 127.0.0.1 /
INFO: [ app_init ] --START--
INFO: Run Behavior\BuildLiteBehavior [ RunTime:0.000053s ]
INFO: [ app_init ] --END-- [ RunTime:0.000419s ]
INFO: [ app_begin ] --START--
INFO: Run Behavior\ReadHtmlCacheBehavior [ RunTime:0.000266s ]
INFO: [ app_begin ] --END-- [ RunTime:0.000604s ]
SQL: SHOW COLUMNS FROM `opensns_shop` [ RunTime:0.0025s ]
SQL: SELECT * FROM `opensns_shop` WHERE `id` = 14 LIMIT 1   [ RunTime:0.0005s ]
SQL: UPDATE `opensns_shop` SET `goods_name`='svsvssvs',`goods_ico`='110',`goods_introduct`='svdsdvsd',`goods_detail`='svsdvsdvsdvsvsvsv',`tox_money_need`='232',`goods_num`='232',`changetime`='1422519913',`status`='1',`createtime`='1422519913',`category_id`='4',`is_new`='1',`sell_num`='30' WHERE `id` = 14 [ RunTime:0.0006s ]

[ 2015-01-29T17:36:16+08:00 ] 127.0.0.1 /
INFO: [ app_init ] --START--
INFO: Run Behavior\BuildLiteBehavior [ RunTime:0.000054s ]
INFO: [ app_init ] --END-- [ RunTime:0.000518s ]
INFO: [ app_begin ] --START--
INFO: Run Behavior\ReadHtmlCacheBehavior [ RunTime:0.000469s ]
INFO: [ app_begin ] --END-- [ RunTime:0.000725s ]
SQL: SHOW COLUMNS FROM `opensns_shop` [ RunTime:0.0025s ]
SQL: SELECT * FROM `opensns_shop` WHERE `id` = 14 LIMIT 1   [ RunTime:0.0005s ]

[ 2015-01-29T17:36:35+08:00 ] 127.0.0.1 /
INFO: [ app_init ] --START--
INFO: Run Behavior\BuildLiteBehavior [ RunTime:0.000370s ]
INFO: [ app_init ] --END-- [ RunTime:0.001099s ]
INFO: [ app_begin ] --START--
INFO: Run Behavior\ReadHtmlCacheBehavior [ RunTime:0.000642s ]
INFO: [ app_begin ] --END-- [ RunTime:0.001154s ]
SQL: SHOW COLUMNS FROM `opensns_shop` [ RunTime:0.0025s ]
SQL: SELECT * FROM `opensns_shop` WHERE `id` = 14 LIMIT 1   [ RunTime:0.0005s ]

[ 2015-01-29T17:36:45+08:00 ] 127.0.0.1 /
INFO: [ app_init ] --START--
INFO: Run Behavior\BuildLiteBehavior [ RunTime:0.000129s ]
INFO: [ app_init ] --END-- [ RunTime:0.000660s ]
INFO: [ app_begin ] --START--
INFO: Run Behavior\ReadHtmlCacheBehavior [ RunTime:0.000339s ]
INFO: [ app_begin ] --END-- [ RunTime:0.000645s ]
SQL: SHOW COLUMNS FROM `opensns_shop` [ RunTime:0.0030s ]
SQL: SELECT * FROM `opensns_shop` WHERE `id` = 14 LIMIT 1   [ RunTime:0.0006s ]

[ 2015-01-29T17:36:46+08:00 ] 127.0.0.1 /
INFO: [ app_init ] --START--
INFO: Run Behavior\BuildLiteBehavior [ RunTime:0.000084s ]
INFO: [ app_init ] --END-- [ RunTime:0.000591s ]
INFO: [ app_begin ] --START--
INFO: Run Behavior\ReadHtmlCacheBehavior [ RunTime:0.000332s ]
INFO: [ app_begin ] --END-- [ RunTime:0.000625s ]
SQL: SHOW COLUMNS FROM `opensns_shop` [ RunTime:0.0026s ]
SQL: SELECT * FROM `opensns_shop` WHERE `id` = 14 LIMIT 1   [ RunTime:0.0005s ]

[ 2015-01-29T17:37:02+08:00 ] 127.0.0.1 /
INFO: [ app_init ] --START--
INFO: Run Behavior\BuildLiteBehavior [ RunTime:0.000083s ]
INFO: [ app_init ] --END-- [ RunTime:0.000673s ]
INFO: [ app_begin ] --START--
INFO: Run Behavior\ReadHtmlCacheBehavior [ RunTime:0.000451s ]
INFO: [ app_begin ] --END-- [ RunTime:0.000828s ]
SQL: SHOW COLUMNS FROM `opensns_shop` [ RunTime:0.0024s ]
SQL: SELECT * FROM `opensns_shop` WHERE `id` = 14 LIMIT 1   [ RunTime:0.0005s ]

[ 2015-01-29T17:37:28+08:00 ] 127.0.0.1 /
INFO: [ app_init ] --START--
INFO: Run Behavior\BuildLiteBehavior [ RunTime:0.000395s ]
INFO: [ app_init ] --END-- [ RunTime:0.001669s ]
INFO: [ app_begin ] --START--
INFO: Run Behavior\ReadHtmlCacheBehavior [ RunTime:0.000504s ]
INFO: [ app_begin ] --END-- [ RunTime:0.000896s ]
SQL: SHOW COLUMNS FROM `opensns_shop` [ RunTime:0.0034s ]
SQL: SELECT * FROM `opensns_shop` WHERE `id` = 14 LIMIT 1   [ RunTime:0.0004s ]
SQL: UPDATE `opensns_shop` SET `goods_name`='svsvssvs',`goods_ico`='110',`goods_introduct`='svdsdvsd',`goods_detail`='svsdvsdvsdvsvsvsv',`tox_money_need`='232',`goods_num`='232',`changetime`='1422519913',`status`='1',`createtime`='1422519913',`category_id`='4',`is_new`='1',`sell_num`='30' WHERE `id` = 14 [ RunTime:0.0006s ]

[ 2015-01-29T17:38:48+08:00 ] 127.0.0.1 /
INFO: [ app_init ] --START--
INFO: Run Behavior\BuildLiteBehavior [ RunTime:0.000084s ]
INFO: [ app_init ] --END-- [ RunTime:0.000826s ]
INFO: [ app_begin ] --START--
INFO: Run Behavior\ReadHtmlCacheBehavior [ RunTime:0.000762s ]
INFO: [ app_begin ] --END-- [ RunTime:0.001148s ]
SQL: SHOW COLUMNS FROM `opensns_shop` [ RunTime:0.0024s ]
SQL: SELECT * FROM `opensns_shop` WHERE `id` = 14 LIMIT 1   [ RunTime:0.0005s ]
ERR: Think\Model:ConvertObject方法不存在！
NOTIC: [2] Cannot modify header information - headers already sent by (output started at D:\workspace\ThinkPHP\ThinkPHP\Common\functions.php:102) D:\workspace\ThinkPHP\ThinkPHP\Library\Think\Think.class.php 第 229 行.
NOTIC: [2] Cannot modify header information - headers already sent by (output started at D:\workspace\ThinkPHP\ThinkPHP\Common\functions.php:102) D:\workspace\ThinkPHP\ThinkPHP\Library\Think\Think.class.php 第 230 行.

[ 2015-01-29T17:38:48+08:00 ] 127.0.0.1 /
INFO: [ app_init ] --START--
INFO: Run Behavior\BuildLiteBehavior [ RunTime:0.000055s ]
INFO: [ app_init ] --END-- [ RunTime:0.000454s ]
INFO: [ app_begin ] --START--
INFO: Run Behavior\ReadHtmlCacheBehavior [ RunTime:0.000263s ]
INFO: [ app_begin ] --END-- [ RunTime:0.000493s ]
SQL: SHOW COLUMNS FROM `opensns_shop` [ RunTime:0.0028s ]
SQL: SELECT * FROM `opensns_shop` WHERE `id` = 14 LIMIT 1   [ RunTime:0.0005s ]
ERR: Think\Model:ConvertObject方法不存在！
NOTIC: [2] Cannot modify header information - headers already sent by (output started at D:\workspace\ThinkPHP\ThinkPHP\Common\functions.php:102) D:\workspace\ThinkPHP\ThinkPHP\Library\Think\Think.class.php 第 229 行.
NOTIC: [2] Cannot modify header information - headers already sent by (output started at D:\workspace\ThinkPHP\ThinkPHP\Common\functions.php:102) D:\workspace\ThinkPHP\ThinkPHP\Library\Think\Think.class.php 第 230 行.

[ 2015-01-29T17:38:59+08:00 ] 127.0.0.1 /
INFO: [ app_init ] --START--
INFO: Run Behavior\BuildLiteBehavior [ RunTime:0.000063s ]
INFO: [ app_init ] --END-- [ RunTime:0.000432s ]
INFO: [ app_begin ] --START--
INFO: Run Behavior\ReadHtmlCacheBehavior [ RunTime:0.000292s ]
INFO: [ app_begin ] --END-- [ RunTime:0.000518s ]
SQL: SHOW COLUMNS FROM `opensns_shop` [ RunTime:0.0032s ]
SQL: SELECT * FROM `opensns_shop` WHERE `id` = 14 LIMIT 1   [ RunTime:0.0005s ]

[ 2015-01-29T17:40:51+08:00 ] 127.0.0.1 /
INFO: [ app_init ] --START--
INFO: Run Behavior\BuildLiteBehavior [ RunTime:0.000060s ]
INFO: [ app_init ] --END-- [ RunTime:0.000754s ]
INFO: [ app_begin ] --START--
INFO: Run Behavior\ReadHtmlCacheBehavior [ RunTime:0.000842s ]
INFO: [ app_begin ] --END-- [ RunTime:0.001131s ]
NOTIC: D方法实例化没找到模型类Common\Model\GoodsLogicModel
ERR: SQLSTATE[42S02]: Base table or view not found: 1146 Table 'opensns.opensns_goods_logic' doesn't exist
NOTIC: [2] Cannot modify header information - headers already sent by (output started at D:\workspace\ThinkPHP\ThinkPHP\Library\Think\Db\Driver.class.php:169) D:\workspace\ThinkPHP\ThinkPHP\Library\Think\Think.class.php 第 229 行.
NOTIC: [2] Cannot modify header information - headers already sent by (output started at D:\workspace\ThinkPHP\ThinkPHP\Library\Think\Db\Driver.class.php:169) D:\workspace\ThinkPHP\ThinkPHP\Library\Think\Think.class.php 第 230 行.

[ 2015-01-29T17:40:51+08:00 ] 127.0.0.1 /
INFO: [ app_init ] --START--
INFO: Run Behavior\BuildLiteBehavior [ RunTime:0.000054s ]
INFO: [ app_init ] --END-- [ RunTime:0.000422s ]
INFO: [ app_begin ] --START--
INFO: Run Behavior\ReadHtmlCacheBehavior [ RunTime:0.000294s ]
INFO: [ app_begin ] --END-- [ RunTime:0.000524s ]
NOTIC: D方法实例化没找到模型类Common\Model\GoodsLogicModel
ERR: SQLSTATE[42S02]: Base table or view not found: 1146 Table 'opensns.opensns_goods_logic' doesn't exist
NOTIC: [2] Cannot modify header information - headers already sent by (output started at D:\workspace\ThinkPHP\ThinkPHP\Library\Think\Db\Driver.class.php:169) D:\workspace\ThinkPHP\ThinkPHP\Library\Think\Think.class.php 第 229 行.
NOTIC: [2] Cannot modify header information - headers already sent by (output started at D:\workspace\ThinkPHP\ThinkPHP\Library\Think\Db\Driver.class.php:169) D:\workspace\ThinkPHP\ThinkPHP\Library\Think\Think.class.php 第 230 行.

[ 2015-01-29T17:41:57+08:00 ] 127.0.0.1 /
INFO: [ app_init ] --START--
INFO: Run Behavior\BuildLiteBehavior [ RunTime:0.000092s ]
INFO: [ app_init ] --END-- [ RunTime:0.000816s ]
INFO: [ app_begin ] --START--
INFO: Run Behavior\ReadHtmlCacheBehavior [ RunTime:0.000419s ]
INFO: [ app_begin ] --END-- [ RunTime:0.000801s ]
NOTIC: D方法实例化没找到模型类Common\Model\Logic\GoodsLogicModel
ERR: SQLSTATE[42S02]: Base table or view not found: 1146 Table 'opensns.opensns_goods_logic' doesn't exist
NOTIC: [2] Cannot modify header information - headers already sent by (output started at D:\workspace\ThinkPHP\ThinkPHP\Library\Think\Db\Driver.class.php:169) D:\workspace\ThinkPHP\ThinkPHP\Library\Think\Think.class.php 第 229 行.
NOTIC: [2] Cannot modify header information - headers already sent by (output started at D:\workspace\ThinkPHP\ThinkPHP\Library\Think\Db\Driver.class.php:169) D:\workspace\ThinkPHP\ThinkPHP\Library\Think\Think.class.php 第 230 行.

[ 2015-01-29T17:41:57+08:00 ] 127.0.0.1 /
INFO: [ app_init ] --START--
INFO: Run Behavior\BuildLiteBehavior [ RunTime:0.000054s ]
INFO: [ app_init ] --END-- [ RunTime:0.000448s ]
INFO: [ app_begin ] --START--
INFO: Run Behavior\ReadHtmlCacheBehavior [ RunTime:0.001577s ]
INFO: [ app_begin ] --END-- [ RunTime:0.001846s ]
NOTIC: D方法实例化没找到模型类Common\Model\Logic\GoodsLogicModel
ERR: SQLSTATE[42S02]: Base table or view not found: 1146 Table 'opensns.opensns_goods_logic' doesn't exist
NOTIC: [2] Cannot modify header information - headers already sent by (output started at D:\workspace\ThinkPHP\ThinkPHP\Library\Think\Db\Driver.class.php:169) D:\workspace\ThinkPHP\ThinkPHP\Library\Think\Think.class.php 第 229 行.
NOTIC: [2] Cannot modify header information - headers already sent by (output started at D:\workspace\ThinkPHP\ThinkPHP\Library\Think\Db\Driver.class.php:169) D:\workspace\ThinkPHP\ThinkPHP\Library\Think\Think.class.php 第 230 行.

[ 2015-01-29T17:42:24+08:00 ] 127.0.0.1 /
INFO: [ app_init ] --START--
INFO: Run Behavior\BuildLiteBehavior [ RunTime:0.000187s ]
INFO: [ app_init ] --END-- [ RunTime:0.002177s ]
INFO: [ app_begin ] --START--
INFO: Run Behavior\ReadHtmlCacheBehavior [ RunTime:0.000469s ]
INFO: [ app_begin ] --END-- [ RunTime:0.000856s ]
SQL: SHOW COLUMNS FROM `opensns_shop` [ RunTime:0.0025s ]
SQL: SELECT * FROM `opensns_shop` WHERE `id` = 14 LIMIT 1   [ RunTime:0.0005s ]

