[ 2015-02-03T10:06:44+08:00 ] 127.0.0.1 /home/goods/create
INFO: [ app_init ] --START--
INFO: Run Behavior\BuildLiteBehavior [ RunTime:0.000191s ]
INFO: [ app_init ] --END-- [ RunTime:0.010430s ]
INFO: [ app_begin ] --START--
INFO: Run Behavior\ReadHtmlCacheBehavior [ RunTime:0.013882s ]
INFO: [ app_begin ] --END-- [ RunTime:0.014841s ]
INFO: [ view_parse ] --START--
INFO: [ template_filter ] --START--
INFO: Run Behavior\ContentReplaceBehavior [ RunTime:0.000323s ]
INFO: [ template_filter ] --END-- [ RunTime:0.000739s ]
INFO: Run Behavior\ParseTemplateBehavior [ RunTime:0.090153s ]
INFO: [ view_parse ] --END-- [ RunTime:0.090822s ]
INFO: [ view_filter ] --START--
INFO: Run Behavior\WriteHtmlCacheBehavior [ RunTime:0.003746s ]
INFO: [ view_filter ] --END-- [ RunTime:0.004148s ]
INFO: [ app_end ] --START--
INFO: Run Behavior\ShowPageTraceBehavior [ RunTime:0.008846s ]
INFO: [ app_end ] --END-- [ RunTime:0.009272s ]

[ 2015-02-03T10:06:44+08:00 ] 127.0.0.1 /home/goods/favicon.ico
INFO: [ app_init ] --START--
INFO: Run Behavior\BuildLiteBehavior [ RunTime:0.000052s ]
INFO: [ app_init ] --END-- [ RunTime:0.000532s ]

[ 2015-02-03T10:06:44+08:00 ] 127.0.0.1 /home/goods/favicon.ico
INFO: [ app_init ] --START--
INFO: Run Behavior\BuildLiteBehavior [ RunTime:0.000051s ]
INFO: [ app_init ] --END-- [ RunTime:0.000429s ]

[ 2015-02-03T10:06:44+08:00 ] 127.0.0.1 /home/goods/js/jquery.min.js
INFO: [ app_init ] --START--
INFO: Run Behavior\BuildLiteBehavior [ RunTime:0.000056s ]
INFO: [ app_init ] --END-- [ RunTime:0.000556s ]
INFO: [ app_begin ] --START--
INFO: Run Behavior\ReadHtmlCacheBehavior [ RunTime:0.000493s ]
INFO: [ app_begin ] --END-- [ RunTime:0.000771s ]
ERR: 非法操作:js
NOTIC: [2] Cannot modify header information - headers already sent by (output started at D:\workspace\ThinkPHP\ThinkPHP\Common\functions.php:102) D:\workspace\ThinkPHP\ThinkPHP\Library\Think\Think.class.php 第 229 行.
NOTIC: [2] Cannot modify header information - headers already sent by (output started at D:\workspace\ThinkPHP\ThinkPHP\Common\functions.php:102) D:\workspace\ThinkPHP\ThinkPHP\Library\Think\Think.class.php 第 230 行.

[ 2015-02-03T10:06:44+08:00 ] 127.0.0.1 /home/goods/js/bootstrap.min.js
INFO: [ app_init ] --START--
INFO: Run Behavior\BuildLiteBehavior [ RunTime:0.000061s ]
INFO: [ app_init ] --END-- [ RunTime:0.000561s ]
INFO: [ app_begin ] --START--
INFO: Run Behavior\ReadHtmlCacheBehavior [ RunTime:0.000500s ]
INFO: [ app_begin ] --END-- [ RunTime:0.000764s ]
ERR: 非法操作:js
NOTIC: [2] Cannot modify header information - headers already sent by (output started at D:\workspace\ThinkPHP\ThinkPHP\Common\functions.php:102) D:\workspace\ThinkPHP\ThinkPHP\Library\Think\Think.class.php 第 229 行.
NOTIC: [2] Cannot modify header information - headers already sent by (output started at D:\workspace\ThinkPHP\ThinkPHP\Common\functions.php:102) D:\workspace\ThinkPHP\ThinkPHP\Library\Think\Think.class.php 第 230 行.

[ 2015-02-03T15:19:06+08:00 ] 127.0.0.1 /home/goods/js/jquery.min.js
INFO: [ app_init ] --START--
INFO: Run Behavior\BuildLiteBehavior [ RunTime:0.000055s ]
INFO: [ app_init ] --END-- [ RunTime:0.000497s ]
INFO: [ app_begin ] --START--
INFO: Run Behavior\ReadHtmlCacheBehavior [ RunTime:0.000571s ]
INFO: [ app_begin ] --END-- [ RunTime:0.000826s ]
ERR: 非法操作:js
NOTIC: [2] Cannot modify header information - headers already sent by (output started at D:\workspace\ThinkPHP\ThinkPHP\Common\functions.php:102) D:\workspace\ThinkPHP\ThinkPHP\Library\Think\Think.class.php 第 229 行.
NOTIC: [2] Cannot modify header information - headers already sent by (output started at D:\workspace\ThinkPHP\ThinkPHP\Common\functions.php:102) D:\workspace\ThinkPHP\ThinkPHP\Library\Think\Think.class.php 第 230 行.

[ 2015-02-03T15:19:06+08:00 ] 127.0.0.1 /home/goods/js/bootstrap.min.js
INFO: [ app_init ] --START--
INFO: Run Behavior\BuildLiteBehavior [ RunTime:0.000072s ]
INFO: [ app_init ] --END-- [ RunTime:0.001414s ]
INFO: [ app_begin ] --START--
INFO: Run Behavior\ReadHtmlCacheBehavior [ RunTime:0.000553s ]
INFO: [ app_begin ] --END-- [ RunTime:0.000794s ]
ERR: 非法操作:js
NOTIC: [2] Cannot modify header information - headers already sent by (output started at D:\workspace\ThinkPHP\ThinkPHP\Common\functions.php:102) D:\workspace\ThinkPHP\ThinkPHP\Library\Think\Think.class.php 第 229 行.
NOTIC: [2] Cannot modify header information - headers already sent by (output started at D:\workspace\ThinkPHP\ThinkPHP\Common\functions.php:102) D:\workspace\ThinkPHP\ThinkPHP\Library\Think\Think.class.php 第 230 行.

[ 2015-02-03T15:19:09+08:00 ] 127.0.0.1 /home/goods/create
INFO: [ app_init ] --START--
INFO: Run Behavior\BuildLiteBehavior [ RunTime:0.000069s ]
INFO: [ app_init ] --END-- [ RunTime:0.000633s ]
INFO: [ app_begin ] --START--
INFO: Run Behavior\ReadHtmlCacheBehavior [ RunTime:0.000734s ]
INFO: [ app_begin ] --END-- [ RunTime:0.001052s ]
INFO: [ view_parse ] --START--
INFO: [ template_filter ] --START--
INFO: Run Behavior\ContentReplaceBehavior [ RunTime:0.000184s ]
INFO: [ template_filter ] --END-- [ RunTime:0.000432s ]
INFO: Run Behavior\ParseTemplateBehavior [ RunTime:0.018243s ]
INFO: [ view_parse ] --END-- [ RunTime:0.018551s ]
INFO: [ view_filter ] --START--
INFO: Run Behavior\WriteHtmlCacheBehavior [ RunTime:0.000589s ]
INFO: [ view_filter ] --END-- [ RunTime:0.000820s ]
INFO: [ app_end ] --START--
INFO: Run Behavior\ShowPageTraceBehavior [ RunTime:0.000797s ]
INFO: [ app_end ] --END-- [ RunTime:0.001202s ]

[ 2015-02-03T15:19:09+08:00 ] 127.0.0.1 /home/goods/js/jquery.min.js
INFO: [ app_init ] --START--
INFO: Run Behavior\BuildLiteBehavior [ RunTime:0.000056s ]
INFO: [ app_init ] --END-- [ RunTime:0.000504s ]
INFO: [ app_begin ] --START--
INFO: Run Behavior\ReadHtmlCacheBehavior [ RunTime:0.000579s ]
INFO: [ app_begin ] --END-- [ RunTime:0.000832s ]
ERR: 非法操作:js
NOTIC: [2] Cannot modify header information - headers already sent by (output started at D:\workspace\ThinkPHP\ThinkPHP\Common\functions.php:102) D:\workspace\ThinkPHP\ThinkPHP\Library\Think\Think.class.php 第 229 行.
NOTIC: [2] Cannot modify header information - headers already sent by (output started at D:\workspace\ThinkPHP\ThinkPHP\Common\functions.php:102) D:\workspace\ThinkPHP\ThinkPHP\Library\Think\Think.class.php 第 230 行.

[ 2015-02-03T15:19:09+08:00 ] 127.0.0.1 /home/goods/js/bootstrap.min.js
INFO: [ app_init ] --START--
INFO: Run Behavior\BuildLiteBehavior [ RunTime:0.000053s ]
INFO: [ app_init ] --END-- [ RunTime:0.000430s ]
INFO: [ app_begin ] --START--
INFO: Run Behavior\ReadHtmlCacheBehavior [ RunTime:0.000550s ]
INFO: [ app_begin ] --END-- [ RunTime:0.000790s ]
ERR: 非法操作:js
NOTIC: [2] Cannot modify header information - headers already sent by (output started at D:\workspace\ThinkPHP\ThinkPHP\Common\functions.php:102) D:\workspace\ThinkPHP\ThinkPHP\Library\Think\Think.class.php 第 229 行.
NOTIC: [2] Cannot modify header information - headers already sent by (output started at D:\workspace\ThinkPHP\ThinkPHP\Common\functions.php:102) D:\workspace\ThinkPHP\ThinkPHP\Library\Think\Think.class.php 第 230 行.

[ 2015-02-03T15:19:20+08:00 ] 127.0.0.1 /home/goods/js/jquery.min.js
INFO: [ app_init ] --START--
INFO: Run Behavior\BuildLiteBehavior [ RunTime:0.000055s ]
INFO: [ app_init ] --END-- [ RunTime:0.000512s ]
INFO: [ app_begin ] --START--
INFO: Run Behavior\ReadHtmlCacheBehavior [ RunTime:0.000564s ]
INFO: [ app_begin ] --END-- [ RunTime:0.000810s ]
ERR: 非法操作:js
NOTIC: [2] Cannot modify header information - headers already sent by (output started at D:\workspace\ThinkPHP\ThinkPHP\Common\functions.php:102) D:\workspace\ThinkPHP\ThinkPHP\Library\Think\Think.class.php 第 229 行.
NOTIC: [2] Cannot modify header information - headers already sent by (output started at D:\workspace\ThinkPHP\ThinkPHP\Common\functions.php:102) D:\workspace\ThinkPHP\ThinkPHP\Library\Think\Think.class.php 第 230 行.

[ 2015-02-03T15:19:20+08:00 ] 127.0.0.1 /home/goods/js/bootstrap.min.js
INFO: [ app_init ] --START--
INFO: Run Behavior\BuildLiteBehavior [ RunTime:0.000058s ]
INFO: [ app_init ] --END-- [ RunTime:0.000446s ]
INFO: [ app_begin ] --START--
INFO: Run Behavior\ReadHtmlCacheBehavior [ RunTime:0.000547s ]
INFO: [ app_begin ] --END-- [ RunTime:0.000783s ]
ERR: 非法操作:js
NOTIC: [2] Cannot modify header information - headers already sent by (output started at D:\workspace\ThinkPHP\ThinkPHP\Common\functions.php:102) D:\workspace\ThinkPHP\ThinkPHP\Library\Think\Think.class.php 第 229 行.
NOTIC: [2] Cannot modify header information - headers already sent by (output started at D:\workspace\ThinkPHP\ThinkPHP\Common\functions.php:102) D:\workspace\ThinkPHP\ThinkPHP\Library\Think\Think.class.php 第 230 行.

