[ 2015-02-09T10:43:36+08:00 ] 127.0.0.1 /index/login
INFO: [ app_init ] --START--
INFO: Run Behavior\BuildLiteBehavior [ RunTime:0.000186s ]
INFO: [ app_init ] --END-- [ RunTime:0.025914s ]
INFO: [ app_begin ] --START--
INFO: Run Behavior\ReadHtmlCacheBehavior [ RunTime:0.011827s ]
INFO: [ app_begin ] --END-- [ RunTime:0.012238s ]
ERR: SQLSTATE[28000] [1045] Access denied for user 'root'@'localhost' (using password: YES)
NOTIC: [2] Cannot modify header information - headers already sent by (output started at D:\workspace\ThinkPHP\ThinkPHP\Library\Think\Db\Driver.class.php:103) D:\workspace\ThinkPHP\ThinkPHP\Library\Think\Think.class.php 第 229 行.
NOTIC: [2] Cannot modify header information - headers already sent by (output started at D:\workspace\ThinkPHP\ThinkPHP\Library\Think\Db\Driver.class.php:103) D:\workspace\ThinkPHP\ThinkPHP\Library\Think\Think.class.php 第 230 行.

[ 2015-02-09T14:56:09+08:00 ] 127.0.0.1 /
INFO: [ app_init ] --START--
INFO: Run Behavior\BuildLiteBehavior [ RunTime:0.000186s ]
INFO: [ app_init ] --END-- [ RunTime:0.031094s ]
INFO: [ app_begin ] --START--
INFO: Run Behavior\ReadHtmlCacheBehavior [ RunTime:0.001832s ]
INFO: [ app_begin ] --END-- [ RunTime:0.002739s ]
INFO: [ view_parse ] --START--
INFO: [ template_filter ] --START--
INFO: Run Behavior\ContentReplaceBehavior [ RunTime:0.000810s ]
INFO: [ template_filter ] --END-- [ RunTime:0.001654s ]
INFO: Run Behavior\ParseTemplateBehavior [ RunTime:0.355407s ]
INFO: [ view_parse ] --END-- [ RunTime:0.356304s ]
INFO: [ view_filter ] --START--
INFO: Run Behavior\WriteHtmlCacheBehavior [ RunTime:0.017582s ]
INFO: [ view_filter ] --END-- [ RunTime:0.018434s ]
INFO: [ app_end ] --START--
INFO: Run Behavior\ShowPageTraceBehavior [ RunTime:0.017138s ]
INFO: [ app_end ] --END-- [ RunTime:0.017728s ]

